2005.07.30 20:54 B C:\Documents and Settings\Drubrew\My Documents\My Webs\Images\DEQX\6moons-BlueMoonAward.jpg --> moon-audio.com /var/www/html/Images/DEQX 6moons-BlueMoonAward.jpg
2005.07.30 20:54 B C:\Documents and Settings\Drubrew\My Documents\My Webs\Images\DEQX\DEQX Active Crossover 500w.jpg --> moon-audio.com /var/www/html/Images/DEQX DEQX Active Crossover 500w.jpg
2005.07.30 20:54 B C:\Documents and Settings\Drubrew\My Documents\My Webs\Images\DEQX\DEQX Active Crossover with Sub 500w.jpg --> moon-audio.com /var/www/html/Images/DEQX DEQX Active Crossover with Sub 500w.jpg
2005.07.30 20:54 B C:\Documents and Settings\Drubrew\My Documents\My Webs\Images\DEQX\DEQX-Client2.gif --> moon-audio.com /var/www/html/Images/DEQX DEQX-Client2.gif
2005.07.30 20:54 B C:\Documents and Settings\Drubrew\My Documents\My Webs\Images\DEQX\DEQX-home.jpg --> moon-audio.com /var/www/html/Images/DEQX DEQX-home.jpg
2005.07.30 20:54 B C:\Documents and Settings\Drubrew\My Documents\My Webs\Images\DEQX\DEQX-PDC-Front-Hi-Res.jpg --> moon-audio.com /var/www/html/Images/DEQX DEQX-PDC-Front-Hi-Res.jpg
2005.07.30 20:54 B C:\Documents and Settings\Drubrew\My Documents\My Webs\Images\DEQX\DEQX-PDC-Preamp-1600w.jpg --> moon-audio.com /var/www/html/Images/DEQX DEQX-PDC-Preamp-1600w.jpg
2005.07.30 20:54 B C:\Documents and Settings\Drubrew\My Documents\My Webs\Images\DEQX\DEQX-PDC-Rear-Panel-Bal-Out-Hi-Res-2600.jpg --> moon-audio.com /var/www/html/Images/DEQX DEQX-PDC-Rear-Panel-Bal-Out-Hi-Res-2600.jpg
2005.07.30 20:54 B C:\Documents and Settings\Drubrew\My Documents\My Webs\Images\DEQX\measurement-icon.gif --> moon-audio.com /var/www/html/Images/DEQX measurement-icon.gif
2005.07.30 20:54 B C:\Documents and Settings\Drubrew\My Documents\My Webs\Images\DEQX\Normal Active Crossover 500w.jpg --> moon-audio.com /var/www/html/Images/DEQX Normal Active Crossover 500w.jpg
2005.07.30 20:54 B C:\Documents and Settings\Drubrew\My Documents\My Webs\Images\DEQX\Passive crossover-500w.jpg --> moon-audio.com /var/www/html/Images/DEQX Passive crossover-500w.jpg
2005.07.30 20:54 B C:\Documents and Settings\Drubrew\My Documents\My Webs\Images\DEQX\pdc26-100.jpg --> moon-audio.com /var/www/html/Images/DEQX pdc26-100.jpg
2005.07.30 20:54 B C:\Documents and Settings\Drubrew\My Documents\My Webs\Images\DEQX\playback-icon.gif --> moon-audio.com /var/www/html/Images/DEQX playback-icon.gif
2005.07.30 20:54 B C:\Documents and Settings\Drubrew\My Documents\My Webs\Images\DEQX\shim.gif --> moon-audio.com /var/www/html/Images/DEQX shim.gif
2005.07.30 20:54 B C:\Documents and Settings\Drubrew\My Documents\My Webs\Images\DEQX\Step1Measurement.jpg --> moon-audio.com /var/www/html/Images/DEQX Step1Measurement.jpg
2005.07.30 20:54 B C:\Documents and Settings\Drubrew\My Documents\My Webs\Images\DEQX\Step2-Updated-Analysis.jpg --> moon-audio.com /var/www/html/Images/DEQX Step2-Updated-Analysis.jpg
2005.07.30 20:54 B C:\Documents and Settings\Drubrew\My Documents\My Webs\Images\DEQX\Step3Playback.jpg --> moon-audio.com /var/www/html/Images/DEQX Step3Playback.jpg
2005.07.30 20:54 B C:\Documents and Settings\Drubrew\My Documents\My Webs\Images\DEQX\Thumbs.db --> moon-audio.com /var/www/html/Images/DEQX Thumbs.db
2005.12.27 19:05 B C:\Documents and Settings\Drubrew\My Documents\My Webs\Images\DEQX\PDC-2-6-black.jpg --> moon-audio.com /var/www/html/Images/DEQX PDC-2-6-black.jpg
2009.12.27 18:56 B C:\Users\drubrew\Documents\My Web Sites\Images\DEQX1\6moons-BlueMoonAward.jpg <-- Moon Audio /drubrew/Images/DEQX1 6moons-BlueMoonAward.jpg
2009.12.27 18:56 B C:\Users\drubrew\Documents\My Web Sites\Images\DEQX1\DEQX Active Crossover 500w.jpg <-- Moon Audio /drubrew/Images/DEQX1 DEQX Active Crossover 500w.jpg
2009.12.27 18:56 B C:\Users\drubrew\Documents\My Web Sites\Images\DEQX1\DEQX Active Crossover with Sub 500w.jpg <-- Moon Audio /drubrew/Images/DEQX1 DEQX Active Crossover with Sub 500w.jpg
2009.12.27 18:56 B C:\Users\drubrew\Documents\My Web Sites\Images\DEQX1\DEQX-Client2.gif <-- Moon Audio /drubrew/Images/DEQX1 DEQX-Client2.gif
2009.12.27 18:56 B C:\Users\drubrew\Documents\My Web Sites\Images\DEQX1\DEQX-home.jpg <-- Moon Audio /drubrew/Images/DEQX1 DEQX-home.jpg
2009.12.27 18:57 B C:\Users\drubrew\Documents\My Web Sites\Images\DEQX1\DEQX-PDC-Front-Hi-Res.jpg <-- Moon Audio /drubrew/Images/DEQX1 DEQX-PDC-Front-Hi-Res.jpg
2009.12.27 18:57 B C:\Users\drubrew\Documents\My Web Sites\Images\DEQX1\DEQX-PDC-Preamp-1600w.jpg <-- Moon Audio /drubrew/Images/DEQX1 DEQX-PDC-Preamp-1600w.jpg
2009.12.27 18:57 B C:\Users\drubrew\Documents\My Web Sites\Images\DEQX1\DEQX-PDC-Rear-Panel-Bal-Out-Hi-Res-2600.jpg <-- Moon Audio /drubrew/Images/DEQX1 DEQX-PDC-Rear-Panel-Bal-Out-Hi-Res-2600.jpg
2009.12.27 19:01 B C:\Users\drubrew\Documents\My Web Sites\Images\DEQX1\DEQXActive.jpg <-- Moon Audio /drubrew/Images/DEQX1 DEQXActive.jpg
2009.12.27 19:02 B C:\Users\drubrew\Documents\My Web Sites\Images\DEQX1\DEQXTransformer.jpg <-- Moon Audio /drubrew/Images/DEQX1 DEQXTransformer.jpg
2009.12.27 19:02 B C:\Users\drubrew\Documents\My Web Sites\Images\DEQX1\DigitalRear.jpg <-- Moon Audio /drubrew/Images/DEQX1 DigitalRear.jpg
2009.12.27 19:02 B C:\Users\drubrew\Documents\My Web Sites\Images\DEQX1\HDP-3_Black_1.jpg <-- Moon Audio /drubrew/Images/DEQX1 HDP-3_Black_1.jpg
2009.12.27 19:02 B C:\Users\drubrew\Documents\My Web Sites\Images\DEQX1\HDP-3_Black_2.jpg <-- Moon Audio /drubrew/Images/DEQX1 HDP-3_Black_2.jpg
2009.12.27 19:02 B C:\Users\drubrew\Documents\My Web Sites\Images\DEQX1\HDP-3_rear_1.jpg <-- Moon Audio /drubrew/Images/DEQX1 HDP-3_rear_1.jpg
2009.12.27 19:02 B C:\Users\drubrew\Documents\My Web Sites\Images\DEQX1\HDP-3_rear_2.jpg <-- Moon Audio /drubrew/Images/DEQX1 HDP-3_rear_2.jpg
2009.12.27 19:02 B C:\Users\drubrew\Documents\My Web Sites\Images\DEQX1\HDP-3_rear_3.jpg <-- Moon Audio /drubrew/Images/DEQX1 HDP-3_rear_3.jpg
2009.12.27 19:02 B C:\Users\drubrew\Documents\My Web Sites\Images\DEQX1\HDP-3_Silver_1.jpg <-- Moon Audio /drubrew/Images/DEQX1 HDP-3_Silver_1.jpg
2009.12.27 19:02 B C:\Users\drubrew\Documents\My Web Sites\Images\DEQX1\HDP-3_Silver_2.jpg <-- Moon Audio /drubrew/Images/DEQX1 HDP-3_Silver_2.jpg
2009.12.27 19:02 B C:\Users\drubrew\Documents\My Web Sites\Images\DEQX1\measurement-icon.gif <-- Moon Audio /drubrew/Images/DEQX1 measurement-icon.gif
2009.12.27 19:02 B C:\Users\drubrew\Documents\My Web Sites\Images\DEQX1\Normal Active Crossover 500w.jpg <-- Moon Audio /drubrew/Images/DEQX1 Normal Active Crossover 500w.jpg
2009.12.27 19:02 B C:\Users\drubrew\Documents\My Web Sites\Images\DEQX1\Passive crossover-500w.jpg <-- Moon Audio /drubrew/Images/DEQX1 Passive crossover-500w.jpg
2009.12.27 19:02 B C:\Users\drubrew\Documents\My Web Sites\Images\DEQX1\PDC-2-6-black.jpg <-- Moon Audio /drubrew/Images/DEQX1 PDC-2-6-black.jpg
2009.12.27 19:02 B C:\Users\drubrew\Documents\My Web Sites\Images\DEQX1\pdc26-100.jpg <-- Moon Audio /drubrew/Images/DEQX1 pdc26-100.jpg
2009.12.27 19:02 B C:\Users\drubrew\Documents\My Web Sites\Images\DEQX1\playback-icon.gif <-- Moon Audio /drubrew/Images/DEQX1 playback-icon.gif
2009.12.27 19:02 B C:\Users\drubrew\Documents\My Web Sites\Images\DEQX1\shim.gif <-- Moon Audio /drubrew/Images/DEQX1 shim.gif
2009.12.27 19:02 B C:\Users\drubrew\Documents\My Web Sites\Images\DEQX1\Step1Measurement.jpg <-- Moon Audio /drubrew/Images/DEQX1 Step1Measurement.jpg
2009.12.27 19:02 B C:\Users\drubrew\Documents\My Web Sites\Images\DEQX1\Step2-Updated-Analysis.jpg <-- Moon Audio /drubrew/Images/DEQX1 Step2-Updated-Analysis.jpg
2009.12.27 19:02 B C:\Users\drubrew\Documents\My Web Sites\Images\DEQX1\Step3Playback.jpg <-- Moon Audio /drubrew/Images/DEQX1 Step3Playback.jpg
2010.01.03 17:57 B C:\Users\drubrew\Documents\My Web Sites\DEQX\6moons-BlueMoonAward.jpg --> moon-audio.com /drubrew/DEQX 6moons-BlueMoonAward.jpg
2010.01.03 17:57 B C:\Users\drubrew\Documents\My Web Sites\DEQX\DEQX Active Crossover 500w.jpg --> moon-audio.com /drubrew/DEQX DEQX Active Crossover 500w.jpg
2010.01.03 17:57 B C:\Users\drubrew\Documents\My Web Sites\DEQX\DEQX Active Crossover with Sub 500w.jpg --> moon-audio.com /drubrew/DEQX DEQX Active Crossover with Sub 500w.jpg
2010.01.03 17:57 B C:\Users\drubrew\Documents\My Web Sites\DEQX\DEQX-Client2.gif --> moon-audio.com /drubrew/DEQX DEQX-Client2.gif
2010.01.03 17:57 B C:\Users\drubrew\Documents\My Web Sites\DEQX\DEQX-home.jpg --> moon-audio.com /drubrew/DEQX DEQX-home.jpg
2010.01.03 17:57 B C:\Users\drubrew\Documents\My Web Sites\DEQX\DEQX-PDC-Front-Hi-Res.jpg --> moon-audio.com /drubrew/DEQX DEQX-PDC-Front-Hi-Res.jpg
2010.01.03 17:57 B C:\Users\drubrew\Documents\My Web Sites\DEQX\DEQX-PDC-Preamp-1600w.jpg --> moon-audio.com /drubrew/DEQX DEQX-PDC-Preamp-1600w.jpg
2010.01.03 17:57 B C:\Users\drubrew\Documents\My Web Sites\DEQX\DEQX-PDC-Rear-Panel-Bal-Out-Hi-Res-2600.jpg --> moon-audio.com /drubrew/DEQX DEQX-PDC-Rear-Panel-Bal-Out-Hi-Res-2600.jpg
2010.01.03 17:58 B C:\Users\drubrew\Documents\My Web Sites\DEQX\deqx1.JPG --> moon-audio.com /drubrew/DEQX deqx1.JPG
2010.01.03 17:59 B C:\Users\drubrew\Documents\My Web Sites\DEQX\deqx2.JPG --> moon-audio.com /drubrew/DEQX deqx2.JPG
2010.01.03 18:00 B C:\Users\drubrew\Documents\My Web Sites\DEQX\deqx3.JPG --> moon-audio.com /drubrew/DEQX deqx3.JPG
2010.01.03 18:02 B C:\Users\drubrew\Documents\My Web Sites\DEQX\deqx4.JPG --> moon-audio.com /drubrew/DEQX deqx4.JPG
2010.01.03 18:02 B C:\Users\drubrew\Documents\My Web Sites\DEQX\DEQXActive.jpg --> moon-audio.com /drubrew/DEQX DEQXActive.jpg
2010.01.03 18:02 B C:\Users\drubrew\Documents\My Web Sites\DEQX\DEQXTransformer.jpg --> moon-audio.com /drubrew/DEQX DEQXTransformer.jpg
2010.01.03 18:02 B C:\Users\drubrew\Documents\My Web Sites\DEQX\DigitalRear.jpg --> moon-audio.com /drubrew/DEQX DigitalRear.jpg
2010.01.03 18:02 B C:\Users\drubrew\Documents\My Web Sites\DEQX\HDP-3_Black_1.jpg --> moon-audio.com /drubrew/DEQX HDP-3_Black_1.jpg
2010.01.03 18:02 B C:\Users\drubrew\Documents\My Web Sites\DEQX\HDP-3_Black_2.jpg --> moon-audio.com /drubrew/DEQX HDP-3_Black_2.jpg
2010.01.03 18:02 B C:\Users\drubrew\Documents\My Web Sites\DEQX\HDP-3_rear_1.jpg --> moon-audio.com /drubrew/DEQX HDP-3_rear_1.jpg
2010.01.03 18:02 B C:\Users\drubrew\Documents\My Web Sites\DEQX\HDP-3_rear_2.jpg --> moon-audio.com /drubrew/DEQX HDP-3_rear_2.jpg
2010.01.03 18:02 B C:\Users\drubrew\Documents\My Web Sites\DEQX\HDP-3_rear_3.jpg --> moon-audio.com /drubrew/DEQX HDP-3_rear_3.jpg
2010.01.03 18:02 B C:\Users\drubrew\Documents\My Web Sites\DEQX\HDP-3_Silver_1.jpg --> moon-audio.com /drubrew/DEQX HDP-3_Silver_1.jpg
2010.01.03 18:02 B C:\Users\drubrew\Documents\My Web Sites\DEQX\HDP-3_Silver_2.jpg --> moon-audio.com /drubrew/DEQX HDP-3_Silver_2.jpg
2010.01.03 18:02 B C:\Users\drubrew\Documents\My Web Sites\DEQX\measurement-icon.gif --> moon-audio.com /drubrew/DEQX measurement-icon.gif
2010.01.03 18:02 B C:\Users\drubrew\Documents\My Web Sites\DEQX\Normal Active Crossover 500w.jpg --> moon-audio.com /drubrew/DEQX Normal Active Crossover 500w.jpg
2010.01.03 18:02 B C:\Users\drubrew\Documents\My Web Sites\DEQX\Passive crossover-500w.jpg --> moon-audio.com /drubrew/DEQX Passive crossover-500w.jpg
2010.01.03 18:02 B C:\Users\drubrew\Documents\My Web Sites\DEQX\PDC-2-6-black.jpg --> moon-audio.com /drubrew/DEQX PDC-2-6-black.jpg
2010.01.03 18:02 B C:\Users\drubrew\Documents\My Web Sites\DEQX\pdc26-100.jpg --> moon-audio.com /drubrew/DEQX pdc26-100.jpg
2010.01.03 18:02 B C:\Users\drubrew\Documents\My Web Sites\DEQX\playback-icon.gif --> moon-audio.com /drubrew/DEQX playback-icon.gif
2010.01.03 18:02 B C:\Users\drubrew\Documents\My Web Sites\DEQX\shim.gif --> moon-audio.com /drubrew/DEQX shim.gif
2010.01.03 18:02 B C:\Users\drubrew\Documents\My Web Sites\DEQX\Step1Measurement.jpg --> moon-audio.com /drubrew/DEQX Step1Measurement.jpg
2010.01.03 18:02 B C:\Users\drubrew\Documents\My Web Sites\DEQX\Step2-Updated-Analysis.jpg --> moon-audio.com /drubrew/DEQX Step2-Updated-Analysis.jpg
2010.01.03 18:02 B C:\Users\drubrew\Documents\My Web Sites\DEQX\Step3Playback.jpg --> moon-audio.com /drubrew/DEQX Step3Playback.jpg
2010.01.03 18:02 B C:\Users\drubrew\Documents\My Web Sites\DEQX\WS_FTP.LOG --> moon-audio.com /drubrew/DEQX WS_FTP.LOG
2010.08.26 09:12 B C:\Users\Drew\Documents\My Web Sites\DEQX\HDP-Express1.jpg --> www.moon-audio.com /drubrew/DEQX HDP-Express1.jpg
2010.08.26 09:12 B C:\Users\Drew\Documents\My Web Sites\DEQX\HDP-Express2.jpg --> www.moon-audio.com /drubrew/DEQX HDP-Express2.jpg
2011.07.24 14:42 B C:\Users\Drew\Documents\My Web Sites\DEQX\6moons-BlueMoonAward.jpg --> moon-audio.com /DEQX 6moons-BlueMoonAward.jpg
2011.07.24 14:42 B C:\Users\Drew\Documents\My Web Sites\DEQX\DEQX Active Crossover 500w.jpg --> moon-audio.com /DEQX DEQX Active Crossover 500w.jpg
2011.07.24 14:42 B C:\Users\Drew\Documents\My Web Sites\DEQX\DEQX Active Crossover with Sub 500w.jpg --> moon-audio.com /DEQX DEQX Active Crossover with Sub 500w.jpg
2011.07.24 14:42 B C:\Users\Drew\Documents\My Web Sites\DEQX\DEQX-Client2.gif --> moon-audio.com /DEQX DEQX-Client2.gif
2011.07.24 14:42 B C:\Users\Drew\Documents\My Web Sites\DEQX\DEQX-home.jpg --> moon-audio.com /DEQX DEQX-home.jpg
2011.07.24 14:42 B C:\Users\Drew\Documents\My Web Sites\DEQX\DEQX-PDC-Front-Hi-Res.jpg --> moon-audio.com /DEQX DEQX-PDC-Front-Hi-Res.jpg
2011.07.24 14:42 B C:\Users\Drew\Documents\My Web Sites\DEQX\DEQX-PDC-Preamp-1600w.jpg --> moon-audio.com /DEQX DEQX-PDC-Preamp-1600w.jpg
2011.07.24 14:42 B C:\Users\Drew\Documents\My Web Sites\DEQX\DEQX-PDC-Rear-Panel-Bal-Out-Hi-Res-2600.jpg --> moon-audio.com /DEQX DEQX-PDC-Rear-Panel-Bal-Out-Hi-Res-2600.jpg
2011.07.24 14:42 B C:\Users\Drew\Documents\My Web Sites\DEQX\deqx1.JPG --> moon-audio.com /DEQX deqx1.JPG
2011.07.24 14:43 B C:\Users\Drew\Documents\My Web Sites\DEQX\deqx2.JPG --> moon-audio.com /DEQX deqx2.JPG
2011.07.24 14:43 B C:\Users\Drew\Documents\My Web Sites\DEQX\deqx3.JPG --> moon-audio.com /DEQX deqx3.JPG
2011.07.24 14:44 B C:\Users\Drew\Documents\My Web Sites\DEQX\deqx4.JPG --> moon-audio.com /DEQX deqx4.JPG
2011.07.24 14:44 B C:\Users\Drew\Documents\My Web Sites\DEQX\DEQXActive.jpg --> moon-audio.com /DEQX DEQXActive.jpg
2011.07.24 14:44 B C:\Users\Drew\Documents\My Web Sites\DEQX\DEQXTransformer.jpg --> moon-audio.com /DEQX DEQXTransformer.jpg
2011.07.24 14:44 B C:\Users\Drew\Documents\My Web Sites\DEQX\DigitalRear.jpg --> moon-audio.com /DEQX DigitalRear.jpg
2011.07.24 14:44 B C:\Users\Drew\Documents\My Web Sites\DEQX\HDP-3_Black_1.jpg --> moon-audio.com /DEQX HDP-3_Black_1.jpg
2011.07.24 14:44 B C:\Users\Drew\Documents\My Web Sites\DEQX\HDP-3_Black_2.jpg --> moon-audio.com /DEQX HDP-3_Black_2.jpg
2011.07.24 14:44 B C:\Users\Drew\Documents\My Web Sites\DEQX\HDP-3_rear_1.jpg --> moon-audio.com /DEQX HDP-3_rear_1.jpg
2011.07.24 14:44 B C:\Users\Drew\Documents\My Web Sites\DEQX\HDP-3_rear_2.jpg --> moon-audio.com /DEQX HDP-3_rear_2.jpg
2011.07.24 14:44 B C:\Users\Drew\Documents\My Web Sites\DEQX\HDP-3_rear_3.jpg --> moon-audio.com /DEQX HDP-3_rear_3.jpg
2011.07.24 14:44 B C:\Users\Drew\Documents\My Web Sites\DEQX\HDP-3_Silver_1.jpg --> moon-audio.com /DEQX HDP-3_Silver_1.jpg
2011.07.24 14:44 B C:\Users\Drew\Documents\My Web Sites\DEQX\HDP-3_Silver_2.jpg --> moon-audio.com /DEQX HDP-3_Silver_2.jpg
2011.07.24 14:44 B C:\Users\Drew\Documents\My Web Sites\DEQX\HDP-Express1.jpg --> moon-audio.com /DEQX HDP-Express1.jpg
2011.07.24 14:44 B C:\Users\Drew\Documents\My Web Sites\DEQX\HDP-Express2.jpg --> moon-audio.com /DEQX HDP-Express2.jpg
2011.07.24 14:44 B C:\Users\Drew\Documents\My Web Sites\DEQX\measurement-icon.gif --> moon-audio.com /DEQX measurement-icon.gif
2011.07.24 14:44 B C:\Users\Drew\Documents\My Web Sites\DEQX\Normal Active Crossover 500w.jpg --> moon-audio.com /DEQX Normal Active Crossover 500w.jpg
2011.07.24 14:44 B C:\Users\Drew\Documents\My Web Sites\DEQX\Passive crossover-500w.jpg --> moon-audio.com /DEQX Passive crossover-500w.jpg
2011.07.24 14:44 B C:\Users\Drew\Documents\My Web Sites\DEQX\PDC-2-6-black.jpg --> moon-audio.com /DEQX PDC-2-6-black.jpg
2011.07.24 14:44 B C:\Users\Drew\Documents\My Web Sites\DEQX\pdc26-100.jpg --> moon-audio.com /DEQX pdc26-100.jpg
2011.07.24 14:44 B C:\Users\Drew\Documents\My Web Sites\DEQX\playback-icon.gif --> moon-audio.com /DEQX playback-icon.gif
2011.07.24 14:44 B C:\Users\Drew\Documents\My Web Sites\DEQX\shim.gif --> moon-audio.com /DEQX shim.gif
2011.07.24 14:44 B C:\Users\Drew\Documents\My Web Sites\DEQX\Step1Measurement.jpg --> moon-audio.com /DEQX Step1Measurement.jpg
2011.07.24 14:44 B C:\Users\Drew\Documents\My Web Sites\DEQX\Step2-Updated-Analysis.jpg --> moon-audio.com /DEQX Step2-Updated-Analysis.jpg
2011.07.24 14:44 B C:\Users\Drew\Documents\My Web Sites\DEQX\Step3Playback.jpg --> moon-audio.com /DEQX Step3Playback.jpg
2011.07.24 14:44 B C:\Users\Drew\Documents\My Web Sites\DEQX\Thumbs.db --> moon-audio.com /DEQX Thumbs.db
