2010.11.12 21:20 B C:\Users\Drew\Documents\My Web Sites\IEMCables\SD3IEM_JH_1.jpg --> moon-audio.com /drubrew/IEMCables SD3IEM_JH_1.jpg
2010.11.12 21:20 B C:\Users\Drew\Documents\My Web Sites\IEMCables\SD3IEM_JH_1small.jpg --> moon-audio.com /drubrew/IEMCables SD3IEM_JH_1small.jpg
2010.11.12 21:20 B C:\Users\Drew\Documents\My Web Sites\IEMCables\SD3IEM_JH_RSA_2.jpg --> moon-audio.com /drubrew/IEMCables SD3IEM_JH_RSA_2.jpg
2010.11.12 21:20 B C:\Users\Drew\Documents\My Web Sites\IEMCables\SD3IEM_JH_RSA_2small.jpg --> moon-audio.com /drubrew/IEMCables SD3IEM_JH_RSA_2small.jpg
2010.11.12 21:20 B C:\Users\Drew\Documents\My Web Sites\IEMCables\SDV3LiveWire1.jpg --> moon-audio.com /drubrew/IEMCables SDV3LiveWire1.jpg
2010.11.12 21:20 B C:\Users\Drew\Documents\My Web Sites\IEMCables\SDV3LiveWire1small.jpg --> moon-audio.com /drubrew/IEMCables SDV3LiveWire1small.jpg
2010.11.12 21:20 B C:\Users\Drew\Documents\My Web Sites\IEMCables\SDV3LiveWire2.jpg --> moon-audio.com /drubrew/IEMCables SDV3LiveWire2.jpg
2010.11.12 21:20 B C:\Users\Drew\Documents\My Web Sites\IEMCables\SDV3LiveWire2small.jpg --> moon-audio.com /drubrew/IEMCables SDV3LiveWire2small.jpg
2010.11.12 21:20 B C:\Users\Drew\Documents\My Web Sites\IEMCables\SDV3Shure1.jpg --> moon-audio.com /drubrew/IEMCables SDV3Shure1.jpg
2010.11.12 21:20 B C:\Users\Drew\Documents\My Web Sites\IEMCables\SDV3Shure1small.jpg --> moon-audio.com /drubrew/IEMCables SDV3Shure1small.jpg
2010.11.12 21:20 B C:\Users\Drew\Documents\My Web Sites\IEMCables\Thumbs.db --> moon-audio.com /drubrew/IEMCables Thumbs.db
2011.03.16 13:49 B C:\Users\Drew\Documents\My Web Sites\IEMCables\Silver_Dragon_IEM_options_1.jpg --> moon-audio.com /drubrew/IEMCables Silver_Dragon_IEM_options_1.jpg
2011.03.16 13:49 B C:\Users\Drew\Documents\My Web Sites\IEMCables\Silver_Dragon_IEM_options_1_small.jpg --> moon-audio.com /drubrew/IEMCables Silver_Dragon_IEM_options_1_small.jpg
2011.03.16 13:50 B C:\Users\Drew\Documents\My Web Sites\IEMCables\Silver_Dragon_IEM_standard_1.jpg --> moon-audio.com /drubrew/IEMCables Silver_Dragon_IEM_standard_1.jpg
2011.03.16 13:50 B C:\Users\Drew\Documents\My Web Sites\IEMCables\Silver_Dragon_IEM_standard_2.jpg --> moon-audio.com /drubrew/IEMCables Silver_Dragon_IEM_standard_2.jpg
2011.03.16 13:50 B C:\Users\Drew\Documents\My Web Sites\IEMCables\Silver_Dragon_IEM_standard_3.jpg --> moon-audio.com /drubrew/IEMCables Silver_Dragon_IEM_standard_3.jpg
2011.03.16 13:50 B C:\Users\Drew\Documents\My Web Sites\IEMCables\Silver_Dragon_IEM_standard_4.jpg --> moon-audio.com /drubrew/IEMCables Silver_Dragon_IEM_standard_4.jpg
2011.03.16 13:50 B C:\Users\Drew\Documents\My Web Sites\IEMCables\Silver_Dragon_IEM_standard_5.jpg --> moon-audio.com /drubrew/IEMCables Silver_Dragon_IEM_standard_5.jpg
2011.03.16 13:50 B C:\Users\Drew\Documents\My Web Sites\IEMCables\Silver_Dragon_IEM_standard_6.jpg --> moon-audio.com /drubrew/IEMCables Silver_Dragon_IEM_standard_6.jpg
2011.03.16 13:50 B C:\Users\Drew\Documents\My Web Sites\IEMCables\Silver_Dragon_IEM_standard_small1.jpg --> moon-audio.com /drubrew/IEMCables Silver_Dragon_IEM_standard_small1.jpg
2011.03.16 13:50 B C:\Users\Drew\Documents\My Web Sites\IEMCables\Silver_Dragon_IEM_standard_small2.jpg --> moon-audio.com /drubrew/IEMCables Silver_Dragon_IEM_standard_small2.jpg
2011.03.16 13:50 B C:\Users\Drew\Documents\My Web Sites\IEMCables\Silver_Dragon_IEM_standard_small3.jpg --> moon-audio.com /drubrew/IEMCables Silver_Dragon_IEM_standard_small3.jpg
2011.03.16 13:50 B C:\Users\Drew\Documents\My Web Sites\IEMCables\Silver_Dragon_IEM_standard_small4.jpg --> moon-audio.com /drubrew/IEMCables Silver_Dragon_IEM_standard_small4.jpg
2011.03.16 13:50 B C:\Users\Drew\Documents\My Web Sites\IEMCables\Silver_Dragon_IEM_standard_small5.jpg --> moon-audio.com /drubrew/IEMCables Silver_Dragon_IEM_standard_small5.jpg
2011.03.16 13:50 B C:\Users\Drew\Documents\My Web Sites\IEMCables\Silver_Dragon_IEM_standard_small6.jpg --> moon-audio.com /drubrew/IEMCables Silver_Dragon_IEM_standard_small6.jpg
2011.03.16 13:51 B C:\Users\Drew\Documents\My Web Sites\IEMCables\SilverD_IEM.zip --> moon-audio.com /drubrew/IEMCables SilverD_IEM.zip
2011.04.12 16:50 B C:\Users\Drew\Documents\My Web Sites\NewPictures\IEMCables\SD3IEM_JH_1.jpg --> moon-audio.com /drubrew/NewPictures/IEMCables SD3IEM_JH_1.jpg
2011.04.12 16:50 B C:\Users\Drew\Documents\My Web Sites\NewPictures\IEMCables\SD3IEM_JH_1small.jpg --> moon-audio.com /drubrew/NewPictures/IEMCables SD3IEM_JH_1small.jpg
2011.04.12 16:50 B C:\Users\Drew\Documents\My Web Sites\NewPictures\IEMCables\SD3IEM_JH_RSA_2.jpg --> moon-audio.com /drubrew/NewPictures/IEMCables SD3IEM_JH_RSA_2.jpg
2011.04.12 16:50 B C:\Users\Drew\Documents\My Web Sites\NewPictures\IEMCables\SD3IEM_JH_RSA_2small.jpg --> moon-audio.com /drubrew/NewPictures/IEMCables SD3IEM_JH_RSA_2small.jpg
2011.04.12 16:50 B C:\Users\Drew\Documents\My Web Sites\NewPictures\IEMCables\SDV3LiveWire1.jpg --> moon-audio.com /drubrew/NewPictures/IEMCables SDV3LiveWire1.jpg
2011.04.12 16:50 B C:\Users\Drew\Documents\My Web Sites\NewPictures\IEMCables\SDV3LiveWire1small.jpg --> moon-audio.com /drubrew/NewPictures/IEMCables SDV3LiveWire1small.jpg
2011.04.12 16:50 B C:\Users\Drew\Documents\My Web Sites\NewPictures\IEMCables\SDV3LiveWire2.jpg --> moon-audio.com /drubrew/NewPictures/IEMCables SDV3LiveWire2.jpg
2011.04.12 16:50 B C:\Users\Drew\Documents\My Web Sites\NewPictures\IEMCables\SDV3LiveWire2small.jpg --> moon-audio.com /drubrew/NewPictures/IEMCables SDV3LiveWire2small.jpg
2011.04.12 16:50 B C:\Users\Drew\Documents\My Web Sites\NewPictures\IEMCables\SDV3Shure1.jpg --> moon-audio.com /drubrew/NewPictures/IEMCables SDV3Shure1.jpg
2011.04.12 16:50 B C:\Users\Drew\Documents\My Web Sites\NewPictures\IEMCables\SDV3Shure1small.jpg --> moon-audio.com /drubrew/NewPictures/IEMCables SDV3Shure1small.jpg
2011.04.12 16:50 B C:\Users\Drew\Documents\My Web Sites\NewPictures\IEMCables\Silver_Dragon_IEM_options_1.jpg --> moon-audio.com /drubrew/NewPictures/IEMCables Silver_Dragon_IEM_options_1.jpg
2011.04.12 16:50 B C:\Users\Drew\Documents\My Web Sites\NewPictures\IEMCables\Silver_Dragon_IEM_options_1_small.jpg --> moon-audio.com /drubrew/NewPictures/IEMCables Silver_Dragon_IEM_options_1_small.jpg
2011.04.12 16:50 B C:\Users\Drew\Documents\My Web Sites\NewPictures\IEMCables\Silver_Dragon_IEM_standard_1.jpg --> moon-audio.com /drubrew/NewPictures/IEMCables Silver_Dragon_IEM_standard_1.jpg
2011.04.12 16:50 B C:\Users\Drew\Documents\My Web Sites\NewPictures\IEMCables\Silver_Dragon_IEM_standard_2.jpg --> moon-audio.com /drubrew/NewPictures/IEMCables Silver_Dragon_IEM_standard_2.jpg
2011.04.12 16:50 B C:\Users\Drew\Documents\My Web Sites\NewPictures\IEMCables\Silver_Dragon_IEM_standard_3.jpg --> moon-audio.com /drubrew/NewPictures/IEMCables Silver_Dragon_IEM_standard_3.jpg
2011.04.12 16:50 B C:\Users\Drew\Documents\My Web Sites\NewPictures\IEMCables\Silver_Dragon_IEM_standard_4.jpg --> moon-audio.com /drubrew/NewPictures/IEMCables Silver_Dragon_IEM_standard_4.jpg
2011.04.12 16:50 B C:\Users\Drew\Documents\My Web Sites\NewPictures\IEMCables\Silver_Dragon_IEM_standard_5.jpg --> moon-audio.com /drubrew/NewPictures/IEMCables Silver_Dragon_IEM_standard_5.jpg
2011.04.12 16:51 B C:\Users\Drew\Documents\My Web Sites\NewPictures\IEMCables\Silver_Dragon_IEM_standard_6.jpg --> moon-audio.com /drubrew/NewPictures/IEMCables Silver_Dragon_IEM_standard_6.jpg
2011.04.12 16:51 B C:\Users\Drew\Documents\My Web Sites\NewPictures\IEMCables\Silver_Dragon_IEM_standard_small1.jpg --> moon-audio.com /drubrew/NewPictures/IEMCables Silver_Dragon_IEM_standard_small1.jpg
2011.04.12 16:51 B C:\Users\Drew\Documents\My Web Sites\NewPictures\IEMCables\Silver_Dragon_IEM_standard_small2.jpg --> moon-audio.com /drubrew/NewPictures/IEMCables Silver_Dragon_IEM_standard_small2.jpg
2011.04.12 16:51 B C:\Users\Drew\Documents\My Web Sites\NewPictures\IEMCables\Silver_Dragon_IEM_standard_small3.jpg --> moon-audio.com /drubrew/NewPictures/IEMCables Silver_Dragon_IEM_standard_small3.jpg
2011.04.12 16:51 B C:\Users\Drew\Documents\My Web Sites\NewPictures\IEMCables\Silver_Dragon_IEM_standard_small4.jpg --> moon-audio.com /drubrew/NewPictures/IEMCables Silver_Dragon_IEM_standard_small4.jpg
2011.04.12 16:51 B C:\Users\Drew\Documents\My Web Sites\NewPictures\IEMCables\Silver_Dragon_IEM_standard_small5.jpg --> moon-audio.com /drubrew/NewPictures/IEMCables Silver_Dragon_IEM_standard_small5.jpg
2011.04.12 16:51 B C:\Users\Drew\Documents\My Web Sites\NewPictures\IEMCables\Silver_Dragon_IEM_standard_small6.jpg --> moon-audio.com /drubrew/NewPictures/IEMCables Silver_Dragon_IEM_standard_small6.jpg
2011.04.12 16:52 B C:\Users\Drew\Documents\My Web Sites\NewPictures\IEMCables\SilverD_IEM.zip --> moon-audio.com /drubrew/NewPictures/IEMCables SilverD_IEM.zip
2011.04.12 16:52 B C:\Users\Drew\Documents\My Web Sites\NewPictures\IEMCables\Thumbs.db --> moon-audio.com /drubrew/NewPictures/IEMCables Thumbs.db
2011.04.12 16:52 B C:\Users\Drew\Documents\My Web Sites\NewPictures\IEMCables\WS_FTP.LOG --> moon-audio.com /drubrew/NewPictures/IEMCables WS_FTP.LOG
2011.06.20 11:53 B C:\Users\Drew\Documents\My Web Sites\NewPictures\IEMCables\WS_FTP.LOG --> moon-audio.com /drubrew/NewPictures/IEMCables WS_FTP.LOG
2011.06.21 09:44 B C:\Users\Drew\Documents\My Web Sites\NewPictures\IEMCables\WS_FTP.LOG --> moon-audio.com /drubrew/NewPictures/IEMCables WS_FTP.LOG
2011.07.28 13:10 B C:\Users\Drew\Documents\My Web Sites\NewPictures\IEMCables\SD3IEM_JH_1.jpg --> moon-audio.com /NewPictures/IEMCables SD3IEM_JH_1.jpg
2011.07.28 13:10 B C:\Users\Drew\Documents\My Web Sites\NewPictures\IEMCables\SD3IEM_JH_1small.jpg --> moon-audio.com /NewPictures/IEMCables SD3IEM_JH_1small.jpg
2011.07.28 13:10 B C:\Users\Drew\Documents\My Web Sites\NewPictures\IEMCables\SD3IEM_JH_RSA_2.jpg --> moon-audio.com /NewPictures/IEMCables SD3IEM_JH_RSA_2.jpg
2011.07.28 13:10 B C:\Users\Drew\Documents\My Web Sites\NewPictures\IEMCables\SD3IEM_JH_RSA_2small.jpg --> moon-audio.com /NewPictures/IEMCables SD3IEM_JH_RSA_2small.jpg
2011.07.28 13:10 B C:\Users\Drew\Documents\My Web Sites\NewPictures\IEMCables\SDV3LiveWire1.jpg --> moon-audio.com /NewPictures/IEMCables SDV3LiveWire1.jpg
2011.07.28 13:10 B C:\Users\Drew\Documents\My Web Sites\NewPictures\IEMCables\SDV3LiveWire1small.jpg --> moon-audio.com /NewPictures/IEMCables SDV3LiveWire1small.jpg
2011.07.28 13:10 B C:\Users\Drew\Documents\My Web Sites\NewPictures\IEMCables\SDV3LiveWire2.jpg --> moon-audio.com /NewPictures/IEMCables SDV3LiveWire2.jpg
2011.07.28 13:10 B C:\Users\Drew\Documents\My Web Sites\NewPictures\IEMCables\SDV3LiveWire2small.jpg --> moon-audio.com /NewPictures/IEMCables SDV3LiveWire2small.jpg
2011.07.28 13:10 B C:\Users\Drew\Documents\My Web Sites\NewPictures\IEMCables\SDV3Shure1.jpg --> moon-audio.com /NewPictures/IEMCables SDV3Shure1.jpg
2011.07.28 13:10 B C:\Users\Drew\Documents\My Web Sites\NewPictures\IEMCables\SDV3Shure1small.jpg --> moon-audio.com /NewPictures/IEMCables SDV3Shure1small.jpg
2011.07.28 13:10 B C:\Users\Drew\Documents\My Web Sites\NewPictures\IEMCables\Silver_Dragon_IEM_options_1.jpg --> moon-audio.com /NewPictures/IEMCables Silver_Dragon_IEM_options_1.jpg
2011.07.28 13:10 B C:\Users\Drew\Documents\My Web Sites\NewPictures\IEMCables\Silver_Dragon_IEM_options_1_small.jpg --> moon-audio.com /NewPictures/IEMCables Silver_Dragon_IEM_options_1_small.jpg
2011.07.28 13:10 B C:\Users\Drew\Documents\My Web Sites\NewPictures\IEMCables\Silver_Dragon_IEM_standard_1.jpg --> moon-audio.com /NewPictures/IEMCables Silver_Dragon_IEM_standard_1.jpg
2011.07.28 13:10 B C:\Users\Drew\Documents\My Web Sites\NewPictures\IEMCables\Silver_Dragon_IEM_standard_2.jpg --> moon-audio.com /NewPictures/IEMCables Silver_Dragon_IEM_standard_2.jpg
2011.07.28 13:10 B C:\Users\Drew\Documents\My Web Sites\NewPictures\IEMCables\Silver_Dragon_IEM_standard_3.jpg --> moon-audio.com /NewPictures/IEMCables Silver_Dragon_IEM_standard_3.jpg
2011.07.28 13:10 B C:\Users\Drew\Documents\My Web Sites\NewPictures\IEMCables\Silver_Dragon_IEM_standard_4.jpg --> moon-audio.com /NewPictures/IEMCables Silver_Dragon_IEM_standard_4.jpg
2011.07.28 13:10 B C:\Users\Drew\Documents\My Web Sites\NewPictures\IEMCables\Silver_Dragon_IEM_standard_5.jpg --> moon-audio.com /NewPictures/IEMCables Silver_Dragon_IEM_standard_5.jpg
2011.07.28 13:10 B C:\Users\Drew\Documents\My Web Sites\NewPictures\IEMCables\Silver_Dragon_IEM_standard_6.jpg --> moon-audio.com /NewPictures/IEMCables Silver_Dragon_IEM_standard_6.jpg
2011.07.28 13:10 B C:\Users\Drew\Documents\My Web Sites\NewPictures\IEMCables\Silver_Dragon_IEM_standard_small1.jpg --> moon-audio.com /NewPictures/IEMCables Silver_Dragon_IEM_standard_small1.jpg
2011.07.28 13:10 B C:\Users\Drew\Documents\My Web Sites\NewPictures\IEMCables\Silver_Dragon_IEM_standard_small2.jpg --> moon-audio.com /NewPictures/IEMCables Silver_Dragon_IEM_standard_small2.jpg
2011.07.28 13:10 B C:\Users\Drew\Documents\My Web Sites\NewPictures\IEMCables\Silver_Dragon_IEM_standard_small3.jpg --> moon-audio.com /NewPictures/IEMCables Silver_Dragon_IEM_standard_small3.jpg
2011.07.28 13:10 B C:\Users\Drew\Documents\My Web Sites\NewPictures\IEMCables\Silver_Dragon_IEM_standard_small4.jpg --> moon-audio.com /NewPictures/IEMCables Silver_Dragon_IEM_standard_small4.jpg
2011.07.28 13:10 B C:\Users\Drew\Documents\My Web Sites\NewPictures\IEMCables\Silver_Dragon_IEM_standard_small5.jpg --> moon-audio.com /NewPictures/IEMCables Silver_Dragon_IEM_standard_small5.jpg
2011.07.28 13:10 B C:\Users\Drew\Documents\My Web Sites\NewPictures\IEMCables\Silver_Dragon_IEM_standard_small6.jpg --> moon-audio.com /NewPictures/IEMCables Silver_Dragon_IEM_standard_small6.jpg
2011.07.28 13:11 B C:\Users\Drew\Documents\My Web Sites\NewPictures\IEMCables\SilverD_IEM.zip --> moon-audio.com /NewPictures/IEMCables SilverD_IEM.zip
2011.07.28 13:11 B C:\Users\Drew\Documents\My Web Sites\NewPictures\IEMCables\Thumbs.db --> moon-audio.com /NewPictures/IEMCables Thumbs.db
