2010.08.23 21:21 B C:\Users\Drew\Documents\My Web Sites\BeyerdynamicHeadphone\BeyerT5pReview\BeyerT5pReview1.jpg --> www.moon-audio.com /drubrew/BeyerdynamicHeadphone/BeyerT5pReview BeyerT5pReview1.jpg
2010.08.23 21:21 B C:\Users\Drew\Documents\My Web Sites\BeyerdynamicHeadphone\BeyerT5pReview\BeyerT5pReview10.jpg --> www.moon-audio.com /drubrew/BeyerdynamicHeadphone/BeyerT5pReview BeyerT5pReview10.jpg
2010.08.23 21:21 B C:\Users\Drew\Documents\My Web Sites\BeyerdynamicHeadphone\BeyerT5pReview\BeyerT5pReview11.jpg --> www.moon-audio.com /drubrew/BeyerdynamicHeadphone/BeyerT5pReview BeyerT5pReview11.jpg
2010.08.23 21:21 B C:\Users\Drew\Documents\My Web Sites\BeyerdynamicHeadphone\BeyerT5pReview\BeyerT5pReview12.jpg --> www.moon-audio.com /drubrew/BeyerdynamicHeadphone/BeyerT5pReview BeyerT5pReview12.jpg
2010.08.23 21:21 B C:\Users\Drew\Documents\My Web Sites\BeyerdynamicHeadphone\BeyerT5pReview\BeyerT5pReview12small.jpg --> www.moon-audio.com /drubrew/BeyerdynamicHeadphone/BeyerT5pReview BeyerT5pReview12small.jpg
2010.08.23 21:21 B C:\Users\Drew\Documents\My Web Sites\BeyerdynamicHeadphone\BeyerT5pReview\BeyerT5pReview1small.jpg --> www.moon-audio.com /drubrew/BeyerdynamicHeadphone/BeyerT5pReview BeyerT5pReview1small.jpg
2010.08.23 21:21 B C:\Users\Drew\Documents\My Web Sites\BeyerdynamicHeadphone\BeyerT5pReview\BeyerT5pReview2.jpg --> www.moon-audio.com /drubrew/BeyerdynamicHeadphone/BeyerT5pReview BeyerT5pReview2.jpg
2010.08.23 21:21 B C:\Users\Drew\Documents\My Web Sites\BeyerdynamicHeadphone\BeyerT5pReview\BeyerT5pReview3.jpg --> www.moon-audio.com /drubrew/BeyerdynamicHeadphone/BeyerT5pReview BeyerT5pReview3.jpg
2010.08.23 21:21 B C:\Users\Drew\Documents\My Web Sites\BeyerdynamicHeadphone\BeyerT5pReview\BeyerT5pReview3small.jpg --> www.moon-audio.com /drubrew/BeyerdynamicHeadphone/BeyerT5pReview BeyerT5pReview3small.jpg
2010.08.23 21:21 B C:\Users\Drew\Documents\My Web Sites\BeyerdynamicHeadphone\BeyerT5pReview\BeyerT5pReview4.jpg --> www.moon-audio.com /drubrew/BeyerdynamicHeadphone/BeyerT5pReview BeyerT5pReview4.jpg
2010.08.23 21:21 B C:\Users\Drew\Documents\My Web Sites\BeyerdynamicHeadphone\BeyerT5pReview\BeyerT5pReview5.jpg --> www.moon-audio.com /drubrew/BeyerdynamicHeadphone/BeyerT5pReview BeyerT5pReview5.jpg
2010.08.23 21:21 B C:\Users\Drew\Documents\My Web Sites\BeyerdynamicHeadphone\BeyerT5pReview\BeyerT5pReview6.jpg --> www.moon-audio.com /drubrew/BeyerdynamicHeadphone/BeyerT5pReview BeyerT5pReview6.jpg
2010.08.23 21:21 B C:\Users\Drew\Documents\My Web Sites\BeyerdynamicHeadphone\BeyerT5pReview\BeyerT5pReview7.jpg --> www.moon-audio.com /drubrew/BeyerdynamicHeadphone/BeyerT5pReview BeyerT5pReview7.jpg
2010.08.23 21:21 B C:\Users\Drew\Documents\My Web Sites\BeyerdynamicHeadphone\BeyerT5pReview\BeyerT5pReview7small.jpg --> www.moon-audio.com /drubrew/BeyerdynamicHeadphone/BeyerT5pReview BeyerT5pReview7small.jpg
2010.08.23 21:21 B C:\Users\Drew\Documents\My Web Sites\BeyerdynamicHeadphone\BeyerT5pReview\BeyerT5pReview8.jpg --> www.moon-audio.com /drubrew/BeyerdynamicHeadphone/BeyerT5pReview BeyerT5pReview8.jpg
2010.08.23 21:22 B C:\Users\Drew\Documents\My Web Sites\BeyerdynamicHeadphone\BeyerT5pReview\BeyerT5pReview9.jpg --> www.moon-audio.com /drubrew/BeyerdynamicHeadphone/BeyerT5pReview BeyerT5pReview9.jpg
2010.08.23 21:22 B C:\Users\Drew\Documents\My Web Sites\BeyerdynamicHeadphone\BeyerT5pReview\BeyerT5pReview9small.jpg --> www.moon-audio.com /drubrew/BeyerdynamicHeadphone/BeyerT5pReview BeyerT5pReview9small.jpg
2010.08.23 21:22 B C:\Users\Drew\Documents\My Web Sites\BeyerdynamicHeadphone\BeyerT5pReview\Thumbs.db --> www.moon-audio.com /drubrew/BeyerdynamicHeadphone/BeyerT5pReview Thumbs.db
2011.07.24 14:29 B C:\Users\Drew\Documents\My Web Sites\BeyerdynamicHeadphone\BeyerT5pReview\BeyerT5pReview1.jpg --> moon-audio.com /BeyerdynamicHeadphone/BeyerT5pReview BeyerT5pReview1.jpg
2011.07.24 14:29 B C:\Users\Drew\Documents\My Web Sites\BeyerdynamicHeadphone\BeyerT5pReview\BeyerT5pReview10.jpg --> moon-audio.com /BeyerdynamicHeadphone/BeyerT5pReview BeyerT5pReview10.jpg
2011.07.24 14:29 B C:\Users\Drew\Documents\My Web Sites\BeyerdynamicHeadphone\BeyerT5pReview\BeyerT5pReview11.jpg --> moon-audio.com /BeyerdynamicHeadphone/BeyerT5pReview BeyerT5pReview11.jpg
2011.07.24 14:29 B C:\Users\Drew\Documents\My Web Sites\BeyerdynamicHeadphone\BeyerT5pReview\BeyerT5pReview12.jpg --> moon-audio.com /BeyerdynamicHeadphone/BeyerT5pReview BeyerT5pReview12.jpg
2011.07.24 14:29 B C:\Users\Drew\Documents\My Web Sites\BeyerdynamicHeadphone\BeyerT5pReview\BeyerT5pReview12small.jpg --> moon-audio.com /BeyerdynamicHeadphone/BeyerT5pReview BeyerT5pReview12small.jpg
2011.07.24 14:29 B C:\Users\Drew\Documents\My Web Sites\BeyerdynamicHeadphone\BeyerT5pReview\BeyerT5pReview1small.jpg --> moon-audio.com /BeyerdynamicHeadphone/BeyerT5pReview BeyerT5pReview1small.jpg
2011.07.24 14:29 B C:\Users\Drew\Documents\My Web Sites\BeyerdynamicHeadphone\BeyerT5pReview\BeyerT5pReview2.jpg --> moon-audio.com /BeyerdynamicHeadphone/BeyerT5pReview BeyerT5pReview2.jpg
2011.07.24 14:29 B C:\Users\Drew\Documents\My Web Sites\BeyerdynamicHeadphone\BeyerT5pReview\BeyerT5pReview3.jpg --> moon-audio.com /BeyerdynamicHeadphone/BeyerT5pReview BeyerT5pReview3.jpg
2011.07.24 14:29 B C:\Users\Drew\Documents\My Web Sites\BeyerdynamicHeadphone\BeyerT5pReview\BeyerT5pReview3small.jpg --> moon-audio.com /BeyerdynamicHeadphone/BeyerT5pReview BeyerT5pReview3small.jpg
2011.07.24 14:29 B C:\Users\Drew\Documents\My Web Sites\BeyerdynamicHeadphone\BeyerT5pReview\BeyerT5pReview4.jpg --> moon-audio.com /BeyerdynamicHeadphone/BeyerT5pReview BeyerT5pReview4.jpg
2011.07.24 14:29 B C:\Users\Drew\Documents\My Web Sites\BeyerdynamicHeadphone\BeyerT5pReview\BeyerT5pReview5.jpg --> moon-audio.com /BeyerdynamicHeadphone/BeyerT5pReview BeyerT5pReview5.jpg
2011.07.24 14:29 B C:\Users\Drew\Documents\My Web Sites\BeyerdynamicHeadphone\BeyerT5pReview\BeyerT5pReview6.jpg --> moon-audio.com /BeyerdynamicHeadphone/BeyerT5pReview BeyerT5pReview6.jpg
2011.07.24 14:29 B C:\Users\Drew\Documents\My Web Sites\BeyerdynamicHeadphone\BeyerT5pReview\BeyerT5pReview7.jpg --> moon-audio.com /BeyerdynamicHeadphone/BeyerT5pReview BeyerT5pReview7.jpg
2011.07.24 14:29 B C:\Users\Drew\Documents\My Web Sites\BeyerdynamicHeadphone\BeyerT5pReview\BeyerT5pReview7small.jpg --> moon-audio.com /BeyerdynamicHeadphone/BeyerT5pReview BeyerT5pReview7small.jpg
2011.07.24 14:29 B C:\Users\Drew\Documents\My Web Sites\BeyerdynamicHeadphone\BeyerT5pReview\BeyerT5pReview8.jpg --> moon-audio.com /BeyerdynamicHeadphone/BeyerT5pReview BeyerT5pReview8.jpg
2011.07.24 14:29 B C:\Users\Drew\Documents\My Web Sites\BeyerdynamicHeadphone\BeyerT5pReview\BeyerT5pReview9.jpg --> moon-audio.com /BeyerdynamicHeadphone/BeyerT5pReview BeyerT5pReview9.jpg
2011.07.24 14:29 B C:\Users\Drew\Documents\My Web Sites\BeyerdynamicHeadphone\BeyerT5pReview\BeyerT5pReview9small.jpg --> moon-audio.com /BeyerdynamicHeadphone/BeyerT5pReview BeyerT5pReview9small.jpg
2011.07.24 14:29 B C:\Users\Drew\Documents\My Web Sites\BeyerdynamicHeadphone\BeyerT5pReview\Thumbs.db --> moon-audio.com /BeyerdynamicHeadphone/BeyerT5pReview Thumbs.db
