2010.04.24 11:07 B C:\Users\Drew\Documents\My Web Sites\HiFiMan\HE5_small_2.jpg --> www.moon-audio.com /drubrew/HiFiMan HE5_small_2.jpg
2010.04.24 11:07 B C:\Users\Drew\Documents\My Web Sites\HiFiMan\HE5_small_3.jpg --> www.moon-audio.com /drubrew/HiFiMan HE5_small_3.jpg
2010.04.24 11:07 B C:\Users\Drew\Documents\My Web Sites\HiFiMan\HiFiMan_HE5LE_1.jpg --> www.moon-audio.com /drubrew/HiFiMan HiFiMan_HE5LE_1.jpg
2010.04.24 11:07 B C:\Users\Drew\Documents\My Web Sites\HiFiMan\HiFiMan_HE5LE_2.jpg --> www.moon-audio.com /drubrew/HiFiMan HiFiMan_HE5LE_2.jpg
2010.04.24 11:07 B C:\Users\Drew\Documents\My Web Sites\HiFiMan\SilverDragonHeadHE5_1.jpg --> www.moon-audio.com /drubrew/HiFiMan SilverDragonHeadHE5_1.jpg
2010.04.24 11:07 B C:\Users\Drew\Documents\My Web Sites\HiFiMan\SilverDragonHeadHE5_1_small.jpg --> www.moon-audio.com /drubrew/HiFiMan SilverDragonHeadHE5_1_small.jpg
2010.04.24 11:07 B C:\Users\Drew\Documents\My Web Sites\HiFiMan\SilverDragonHeadHE5_2.jpg --> www.moon-audio.com /drubrew/HiFiMan SilverDragonHeadHE5_2.jpg
2010.04.24 11:07 B C:\Users\Drew\Documents\My Web Sites\HiFiMan\SilverDragonHeadHE5_2_small.jpg --> www.moon-audio.com /drubrew/HiFiMan SilverDragonHeadHE5_2_small.jpg
2010.04.24 11:07 B C:\Users\Drew\Documents\My Web Sites\HiFiMan\SilverDragonHeadHE5_3.jpg --> www.moon-audio.com /drubrew/HiFiMan SilverDragonHeadHE5_3.jpg
2010.04.24 11:07 B C:\Users\Drew\Documents\My Web Sites\HiFiMan\SilverDragonHeadHE5_3_small.jpg --> www.moon-audio.com /drubrew/HiFiMan SilverDragonHeadHE5_3_small.jpg
2010.04.24 11:07 B C:\Users\Drew\Documents\My Web Sites\HiFiMan\SilverDragonHeadHE5_4.jpg --> www.moon-audio.com /drubrew/HiFiMan SilverDragonHeadHE5_4.jpg
2010.04.24 11:07 B C:\Users\Drew\Documents\My Web Sites\HiFiMan\SilverDragonHeadHE5_4_small.jpg --> www.moon-audio.com /drubrew/HiFiMan SilverDragonHeadHE5_4_small.jpg
2010.04.24 11:07 B C:\Users\Drew\Documents\My Web Sites\HiFiMan\SilverDragonHeadHE5_5_small.jpg --> www.moon-audio.com /drubrew/HiFiMan SilverDragonHeadHE5_5_small.jpg
2010.04.24 11:08 B C:\Users\Drew\Documents\My Web Sites\HiFiMan\Thumbs.db --> www.moon-audio.com /drubrew/HiFiMan Thumbs.db
2010.04.24 11:08 B C:\Users\Drew\Documents\My Web Sites\HiFiMan\Ultimate Ear 1.jpg --> www.moon-audio.com /drubrew/HiFiMan Ultimate Ear 1.jpg
2010.04.24 11:08 B C:\Users\Drew\Documents\My Web Sites\HiFiMan\Ultimate Ear 2.jpg --> www.moon-audio.com /drubrew/HiFiMan Ultimate Ear 2.jpg
2010.04.24 11:08 B C:\Users\Drew\Documents\My Web Sites\HiFiMan\Ultimate Ear 3.jpg --> www.moon-audio.com /drubrew/HiFiMan Ultimate Ear 3.jpg
2010.11.16 18:25 B C:\Users\Drew\Documents\My Web Sites\HiFiMan\HE6_1.jpg --> moon-audio.com /drubrew/HiFiMan HE6_1.jpg
2010.11.16 18:25 B C:\Users\Drew\Documents\My Web Sites\HiFiMan\HE6_2.jpg --> moon-audio.com /drubrew/HiFiMan HE6_2.jpg
2010.11.16 18:25 B C:\Users\Drew\Documents\My Web Sites\HiFiMan\HiFiMan_HE5LE_1.jpg --> moon-audio.com /drubrew/HiFiMan HiFiMan_HE5LE_1.jpg
2010.11.16 18:25 B C:\Users\Drew\Documents\My Web Sites\HiFiMan\HiFiMan_HE5LE_2.jpg --> moon-audio.com /drubrew/HiFiMan HiFiMan_HE5LE_2.jpg
2011.07.24 14:45 B C:\Users\Drew\Documents\My Web Sites\HiFiMan\HE5_1.jpg --> moon-audio.com /HiFiMan HE5_1.jpg
2011.07.24 14:45 B C:\Users\Drew\Documents\My Web Sites\HiFiMan\HE5_2.jpg --> moon-audio.com /HiFiMan HE5_2.jpg
2011.07.24 14:45 B C:\Users\Drew\Documents\My Web Sites\HiFiMan\HE5_3.jpg --> moon-audio.com /HiFiMan HE5_3.jpg
2011.07.24 14:45 B C:\Users\Drew\Documents\My Web Sites\HiFiMan\HE5_small_1.jpg --> moon-audio.com /HiFiMan HE5_small_1.jpg
2011.07.24 14:45 B C:\Users\Drew\Documents\My Web Sites\HiFiMan\HE5_small_2.jpg --> moon-audio.com /HiFiMan HE5_small_2.jpg
2011.07.24 14:45 B C:\Users\Drew\Documents\My Web Sites\HiFiMan\HE5_small_3.jpg --> moon-audio.com /HiFiMan HE5_small_3.jpg
2011.07.24 14:45 B C:\Users\Drew\Documents\My Web Sites\HiFiMan\HE6_1.jpg --> moon-audio.com /HiFiMan HE6_1.jpg
2011.07.24 14:45 B C:\Users\Drew\Documents\My Web Sites\HiFiMan\HE6_2.jpg --> moon-audio.com /HiFiMan HE6_2.jpg
2011.07.24 14:45 B C:\Users\Drew\Documents\My Web Sites\HiFiMan\HiFiMan_HE5LE_1.jpg --> moon-audio.com /HiFiMan HiFiMan_HE5LE_1.jpg
2011.07.24 14:45 B C:\Users\Drew\Documents\My Web Sites\HiFiMan\HiFiMan_HE5LE_2.jpg --> moon-audio.com /HiFiMan HiFiMan_HE5LE_2.jpg
2011.07.24 14:45 B C:\Users\Drew\Documents\My Web Sites\HiFiMan\SilverDragonHeadHE5_1.jpg --> moon-audio.com /HiFiMan SilverDragonHeadHE5_1.jpg
2011.07.24 14:45 B C:\Users\Drew\Documents\My Web Sites\HiFiMan\SilverDragonHeadHE5_1_small.jpg --> moon-audio.com /HiFiMan SilverDragonHeadHE5_1_small.jpg
2011.07.24 14:45 B C:\Users\Drew\Documents\My Web Sites\HiFiMan\SilverDragonHeadHE5_2.jpg --> moon-audio.com /HiFiMan SilverDragonHeadHE5_2.jpg
2011.07.24 14:46 B C:\Users\Drew\Documents\My Web Sites\HiFiMan\SilverDragonHeadHE5_2_small.jpg --> moon-audio.com /HiFiMan SilverDragonHeadHE5_2_small.jpg
2011.07.24 14:46 B C:\Users\Drew\Documents\My Web Sites\HiFiMan\SilverDragonHeadHE5_3.jpg --> moon-audio.com /HiFiMan SilverDragonHeadHE5_3.jpg
2011.07.24 14:46 B C:\Users\Drew\Documents\My Web Sites\HiFiMan\SilverDragonHeadHE5_3_small.jpg --> moon-audio.com /HiFiMan SilverDragonHeadHE5_3_small.jpg
2011.07.24 14:46 B C:\Users\Drew\Documents\My Web Sites\HiFiMan\SilverDragonHeadHE5_4.jpg --> moon-audio.com /HiFiMan SilverDragonHeadHE5_4.jpg
2011.07.24 14:46 B C:\Users\Drew\Documents\My Web Sites\HiFiMan\SilverDragonHeadHE5_4_small.jpg --> moon-audio.com /HiFiMan SilverDragonHeadHE5_4_small.jpg
2011.07.24 14:46 B C:\Users\Drew\Documents\My Web Sites\HiFiMan\SilverDragonHeadHE5_5_small.jpg --> moon-audio.com /HiFiMan SilverDragonHeadHE5_5_small.jpg
2011.07.24 14:46 B C:\Users\Drew\Documents\My Web Sites\HiFiMan\Thumbs.db --> moon-audio.com /HiFiMan Thumbs.db
