2011.04.12 16:45 B C:\Users\Drew\Documents\My Web Sites\NewPictures\Adapter_Cables\Blue_Dragon_V3_XLR-Quarter_1.jpg --> moon-audio.com /drubrew/NewPictures/Adapter_Cables Blue_Dragon_V3_XLR-Quarter_1.jpg
2011.04.12 16:45 B C:\Users\Drew\Documents\My Web Sites\NewPictures\Adapter_Cables\Blue_Dragon_V3_XLR-Quarter_1_small.jpg --> moon-audio.com /drubrew/NewPictures/Adapter_Cables Blue_Dragon_V3_XLR-Quarter_1_small.jpg
2011.04.12 16:46 B C:\Users\Drew\Documents\My Web Sites\NewPictures\Adapter_Cables\Blue_Dragon_V3_XLR-Quarter_2.jpg --> moon-audio.com /drubrew/NewPictures/Adapter_Cables Blue_Dragon_V3_XLR-Quarter_2.jpg
2011.04.12 16:46 B C:\Users\Drew\Documents\My Web Sites\NewPictures\Adapter_Cables\Blue_Dragon_V3_XLR-Quarter_2_small.jpg --> moon-audio.com /drubrew/NewPictures/Adapter_Cables Blue_Dragon_V3_XLR-Quarter_2_small.jpg
2011.04.12 16:46 B C:\Users\Drew\Documents\My Web Sites\NewPictures\Adapter_Cables\Silver_Dragon_IEM_iBasso-RSA_1.jpg --> moon-audio.com /drubrew/NewPictures/Adapter_Cables Silver_Dragon_IEM_iBasso-RSA_1.jpg
2011.04.12 16:46 B C:\Users\Drew\Documents\My Web Sites\NewPictures\Adapter_Cables\Silver_Dragon_IEM_iBasso-RSA_1_small.jpg --> moon-audio.com /drubrew/NewPictures/Adapter_Cables Silver_Dragon_IEM_iBasso-RSA_1_small.jpg
2011.04.12 16:46 B C:\Users\Drew\Documents\My Web Sites\NewPictures\Adapter_Cables\Silver_Dragon_IEM_iBasso-RSA_2.jpg --> moon-audio.com /drubrew/NewPictures/Adapter_Cables Silver_Dragon_IEM_iBasso-RSA_2.jpg
2011.04.12 16:46 B C:\Users\Drew\Documents\My Web Sites\NewPictures\Adapter_Cables\Silver_Dragon_IEM_iBasso-RSA_2_small.jpg --> moon-audio.com /drubrew/NewPictures/Adapter_Cables Silver_Dragon_IEM_iBasso-RSA_2_small.jpg
2011.04.12 16:46 B C:\Users\Drew\Documents\My Web Sites\NewPictures\Adapter_Cables\Silver_Dragon_IEM_Various_1.jpg --> moon-audio.com /drubrew/NewPictures/Adapter_Cables Silver_Dragon_IEM_Various_1.jpg
2011.04.12 16:46 B C:\Users\Drew\Documents\My Web Sites\NewPictures\Adapter_Cables\Silver_Dragon_IEM_Various_1_small.jpg --> moon-audio.com /drubrew/NewPictures/Adapter_Cables Silver_Dragon_IEM_Various_1_small.jpg
2011.04.12 16:46 B C:\Users\Drew\Documents\My Web Sites\NewPictures\Adapter_Cables\Silver_Dragon_IEM_Various_2.jpg --> moon-audio.com /drubrew/NewPictures/Adapter_Cables Silver_Dragon_IEM_Various_2.jpg
2011.04.12 16:46 B C:\Users\Drew\Documents\My Web Sites\NewPictures\Adapter_Cables\Silver_Dragon_IEM_Various_2_small.jpg --> moon-audio.com /drubrew/NewPictures/Adapter_Cables Silver_Dragon_IEM_Various_2_small.jpg
2011.04.12 16:46 B C:\Users\Drew\Documents\My Web Sites\NewPictures\Adapter_Cables\Silver_Dragon_V3_miniXLR-RSA_1.jpg --> moon-audio.com /drubrew/NewPictures/Adapter_Cables Silver_Dragon_V3_miniXLR-RSA_1.jpg
2011.04.12 16:46 B C:\Users\Drew\Documents\My Web Sites\NewPictures\Adapter_Cables\Silver_Dragon_V3_miniXLR-RSA_1_small.jpg --> moon-audio.com /drubrew/NewPictures/Adapter_Cables Silver_Dragon_V3_miniXLR-RSA_1_small.jpg
2011.04.12 16:46 B C:\Users\Drew\Documents\My Web Sites\NewPictures\Adapter_Cables\Silver_Dragon_V3_miniXLR-XLR_1.jpg --> moon-audio.com /drubrew/NewPictures/Adapter_Cables Silver_Dragon_V3_miniXLR-XLR_1.jpg
2011.04.12 16:46 B C:\Users\Drew\Documents\My Web Sites\NewPictures\Adapter_Cables\Silver_Dragon_V3_miniXLR-XLR_1_small.jpg --> moon-audio.com /drubrew/NewPictures/Adapter_Cables Silver_Dragon_V3_miniXLR-XLR_1_small.jpg
2011.04.12 16:46 B C:\Users\Drew\Documents\My Web Sites\NewPictures\Adapter_Cables\Silver_Dragon_V3_XLR-Banana_1.jpg --> moon-audio.com /drubrew/NewPictures/Adapter_Cables Silver_Dragon_V3_XLR-Banana_1.jpg
2011.04.12 16:46 B C:\Users\Drew\Documents\My Web Sites\NewPictures\Adapter_Cables\Silver_Dragon_V3_XLR-Banana_1_small.jpg --> moon-audio.com /drubrew/NewPictures/Adapter_Cables Silver_Dragon_V3_XLR-Banana_1_small.jpg
2011.04.12 16:46 B C:\Users\Drew\Documents\My Web Sites\NewPictures\Adapter_Cables\Silver_Dragon_V3_XLR-RSA_1.jpg --> moon-audio.com /drubrew/NewPictures/Adapter_Cables Silver_Dragon_V3_XLR-RSA_1.jpg
2011.04.12 16:46 B C:\Users\Drew\Documents\My Web Sites\NewPictures\Adapter_Cables\Silver_Dragon_V3_XLR-RSA_1_small.jpg --> moon-audio.com /drubrew/NewPictures/Adapter_Cables Silver_Dragon_V3_XLR-RSA_1_small.jpg
2011.04.12 16:46 B C:\Users\Drew\Documents\My Web Sites\NewPictures\Adapter_Cables\Thumbs.db --> moon-audio.com /drubrew/NewPictures/Adapter_Cables Thumbs.db
2011.06.20 11:53 B C:\Users\Drew\Documents\My Web Sites\NewPictures\Adapter_Cables\WS_FTP.LOG --> moon-audio.com /drubrew/NewPictures/Adapter_Cables WS_FTP.LOG
2011.06.21 09:44 B C:\Users\Drew\Documents\My Web Sites\NewPictures\Adapter_Cables\WS_FTP.LOG --> moon-audio.com /drubrew/NewPictures/Adapter_Cables WS_FTP.LOG
2011.07.28 13:08 B C:\Users\Drew\Documents\My Web Sites\NewPictures\Adapter_Cables\Blue_Dragon_V3_XLR-Quarter_1.jpg --> moon-audio.com /NewPictures/Adapter_Cables Blue_Dragon_V3_XLR-Quarter_1.jpg
2011.07.28 13:08 B C:\Users\Drew\Documents\My Web Sites\NewPictures\Adapter_Cables\Blue_Dragon_V3_XLR-Quarter_1_small.jpg --> moon-audio.com /NewPictures/Adapter_Cables Blue_Dragon_V3_XLR-Quarter_1_small.jpg
2011.07.28 13:08 B C:\Users\Drew\Documents\My Web Sites\NewPictures\Adapter_Cables\Blue_Dragon_V3_XLR-Quarter_2.jpg --> moon-audio.com /NewPictures/Adapter_Cables Blue_Dragon_V3_XLR-Quarter_2.jpg
2011.07.28 13:08 B C:\Users\Drew\Documents\My Web Sites\NewPictures\Adapter_Cables\Blue_Dragon_V3_XLR-Quarter_2_small.jpg --> moon-audio.com /NewPictures/Adapter_Cables Blue_Dragon_V3_XLR-Quarter_2_small.jpg
2011.07.28 13:08 B C:\Users\Drew\Documents\My Web Sites\NewPictures\Adapter_Cables\Silver_Dragon_IEM_iBasso-RSA_1.jpg --> moon-audio.com /NewPictures/Adapter_Cables Silver_Dragon_IEM_iBasso-RSA_1.jpg
2011.07.28 13:08 B C:\Users\Drew\Documents\My Web Sites\NewPictures\Adapter_Cables\Silver_Dragon_IEM_iBasso-RSA_1_small.jpg --> moon-audio.com /NewPictures/Adapter_Cables Silver_Dragon_IEM_iBasso-RSA_1_small.jpg
2011.07.28 13:08 B C:\Users\Drew\Documents\My Web Sites\NewPictures\Adapter_Cables\Silver_Dragon_IEM_iBasso-RSA_2.jpg --> moon-audio.com /NewPictures/Adapter_Cables Silver_Dragon_IEM_iBasso-RSA_2.jpg
2011.07.28 13:08 B C:\Users\Drew\Documents\My Web Sites\NewPictures\Adapter_Cables\Silver_Dragon_IEM_iBasso-RSA_2_small.jpg --> moon-audio.com /NewPictures/Adapter_Cables Silver_Dragon_IEM_iBasso-RSA_2_small.jpg
2011.07.28 13:08 B C:\Users\Drew\Documents\My Web Sites\NewPictures\Adapter_Cables\Silver_Dragon_IEM_Various_1.jpg --> moon-audio.com /NewPictures/Adapter_Cables Silver_Dragon_IEM_Various_1.jpg
2011.07.28 13:08 B C:\Users\Drew\Documents\My Web Sites\NewPictures\Adapter_Cables\Silver_Dragon_IEM_Various_1_small.jpg --> moon-audio.com /NewPictures/Adapter_Cables Silver_Dragon_IEM_Various_1_small.jpg
2011.07.28 13:08 B C:\Users\Drew\Documents\My Web Sites\NewPictures\Adapter_Cables\Silver_Dragon_IEM_Various_2.jpg --> moon-audio.com /NewPictures/Adapter_Cables Silver_Dragon_IEM_Various_2.jpg
2011.07.28 13:08 B C:\Users\Drew\Documents\My Web Sites\NewPictures\Adapter_Cables\Silver_Dragon_IEM_Various_2_small.jpg --> moon-audio.com /NewPictures/Adapter_Cables Silver_Dragon_IEM_Various_2_small.jpg
2011.07.28 13:08 B C:\Users\Drew\Documents\My Web Sites\NewPictures\Adapter_Cables\Silver_Dragon_V3_miniXLR-RSA_1.jpg --> moon-audio.com /NewPictures/Adapter_Cables Silver_Dragon_V3_miniXLR-RSA_1.jpg
2011.07.28 13:08 B C:\Users\Drew\Documents\My Web Sites\NewPictures\Adapter_Cables\Silver_Dragon_V3_miniXLR-RSA_1_small.jpg --> moon-audio.com /NewPictures/Adapter_Cables Silver_Dragon_V3_miniXLR-RSA_1_small.jpg
2011.07.28 13:08 B C:\Users\Drew\Documents\My Web Sites\NewPictures\Adapter_Cables\Silver_Dragon_V3_miniXLR-XLR_1.jpg --> moon-audio.com /NewPictures/Adapter_Cables Silver_Dragon_V3_miniXLR-XLR_1.jpg
2011.07.28 13:08 B C:\Users\Drew\Documents\My Web Sites\NewPictures\Adapter_Cables\Silver_Dragon_V3_miniXLR-XLR_1_small.jpg --> moon-audio.com /NewPictures/Adapter_Cables Silver_Dragon_V3_miniXLR-XLR_1_small.jpg
2011.07.28 13:08 B C:\Users\Drew\Documents\My Web Sites\NewPictures\Adapter_Cables\Silver_Dragon_V3_XLR-Banana_1.jpg --> moon-audio.com /NewPictures/Adapter_Cables Silver_Dragon_V3_XLR-Banana_1.jpg
2011.07.28 13:08 B C:\Users\Drew\Documents\My Web Sites\NewPictures\Adapter_Cables\Silver_Dragon_V3_XLR-Banana_1_small.jpg --> moon-audio.com /NewPictures/Adapter_Cables Silver_Dragon_V3_XLR-Banana_1_small.jpg
2011.07.28 13:08 B C:\Users\Drew\Documents\My Web Sites\NewPictures\Adapter_Cables\Silver_Dragon_V3_XLR-RSA_1.jpg --> moon-audio.com /NewPictures/Adapter_Cables Silver_Dragon_V3_XLR-RSA_1.jpg
2011.07.28 13:08 B C:\Users\Drew\Documents\My Web Sites\NewPictures\Adapter_Cables\Silver_Dragon_V3_XLR-RSA_1_small.jpg --> moon-audio.com /NewPictures/Adapter_Cables Silver_Dragon_V3_XLR-RSA_1_small.jpg
2011.07.28 13:08 B C:\Users\Drew\Documents\My Web Sites\NewPictures\Adapter_Cables\Thumbs.db --> moon-audio.com /NewPictures/Adapter_Cables Thumbs.db
