2010.01.03 17:04 B C:\Users\drubrew\Documents\My Web Sites\BeyerdynamicHeadphone\A1.jpg --> moon-audio.com /drubrew/BeyerdynamicHeadphone A1.jpg
2010.01.03 17:04 B C:\Users\drubrew\Documents\My Web Sites\BeyerdynamicHeadphone\A1_02.jpg --> moon-audio.com /drubrew/BeyerdynamicHeadphone A1_02.jpg
2010.01.03 17:04 B C:\Users\drubrew\Documents\My Web Sites\BeyerdynamicHeadphone\A1_03.jpg --> moon-audio.com /drubrew/BeyerdynamicHeadphone A1_03.jpg
2010.01.03 17:05 B C:\Users\drubrew\Documents\My Web Sites\BeyerdynamicHeadphone\A1_Nextel_front_3c.jpg --> moon-audio.com /drubrew/BeyerdynamicHeadphone A1_Nextel_front_3c.jpg
2010.01.03 17:05 B C:\Users\drubrew\Documents\My Web Sites\BeyerdynamicHeadphone\A1_Nextel_seite_3c.jpg --> moon-audio.com /drubrew/BeyerdynamicHeadphone A1_Nextel_seite_3c.jpg
2010.01.03 17:05 B C:\Users\drubrew\Documents\My Web Sites\BeyerdynamicHeadphone\beyerdynamic Tesla 1 Premium T1 Aug 09.pdf --> moon-audio.com /drubrew/BeyerdynamicHeadphone beyerdynamic Tesla 1 Premium T1 Aug 09.pdf
2010.01.03 17:05 B C:\Users\drubrew\Documents\My Web Sites\BeyerdynamicHeadphone\beyerdynamic Tesla 1 Premium T1 aug 09_jpg v3.jpg --> moon-audio.com /drubrew/BeyerdynamicHeadphone beyerdynamic Tesla 1 Premium T1 aug 09_jpg v3.jpg
2010.01.03 17:06 B C:\Users\drubrew\Documents\My Web Sites\BeyerdynamicHeadphone\Beyerdynamic_T1_1.jpg --> moon-audio.com /drubrew/BeyerdynamicHeadphone Beyerdynamic_T1_1.jpg
2010.01.03 17:06 B C:\Users\drubrew\Documents\My Web Sites\BeyerdynamicHeadphone\Beyerdynamic_T1_2.jpg --> moon-audio.com /drubrew/BeyerdynamicHeadphone Beyerdynamic_T1_2.jpg
2010.01.03 17:07 B C:\Users\drubrew\Documents\My Web Sites\BeyerdynamicHeadphone\Beyerdynamic_T1_3.jpg --> moon-audio.com /drubrew/BeyerdynamicHeadphone Beyerdynamic_T1_3.jpg
2010.01.03 17:07 B C:\Users\drubrew\Documents\My Web Sites\BeyerdynamicHeadphone\BeyerdynamicT1Large.jpg --> moon-audio.com /drubrew/BeyerdynamicHeadphone BeyerdynamicT1Large.jpg
2010.01.03 17:07 B C:\Users\drubrew\Documents\My Web Sites\BeyerdynamicHeadphone\BeyerdynamicT1small.jpg --> moon-audio.com /drubrew/BeyerdynamicHeadphone BeyerdynamicT1small.jpg
2010.01.03 17:07 B C:\Users\drubrew\Documents\My Web Sites\BeyerdynamicHeadphone\DT235.jpg --> moon-audio.com /drubrew/BeyerdynamicHeadphone DT235.jpg
2010.01.03 17:07 B C:\Users\drubrew\Documents\My Web Sites\BeyerdynamicHeadphone\DT770 Moon 1.jpg --> moon-audio.com /drubrew/BeyerdynamicHeadphone DT770 Moon 1.jpg
2010.01.03 17:07 B C:\Users\drubrew\Documents\My Web Sites\BeyerdynamicHeadphone\DT770 Moon 10.jpg --> moon-audio.com /drubrew/BeyerdynamicHeadphone DT770 Moon 10.jpg
2010.01.03 17:07 B C:\Users\drubrew\Documents\My Web Sites\BeyerdynamicHeadphone\DT770 Moon 11.jpg --> moon-audio.com /drubrew/BeyerdynamicHeadphone DT770 Moon 11.jpg
2010.01.03 17:07 B C:\Users\drubrew\Documents\My Web Sites\BeyerdynamicHeadphone\DT770 Moon 2.jpg --> moon-audio.com /drubrew/BeyerdynamicHeadphone DT770 Moon 2.jpg
2010.01.03 17:07 B C:\Users\drubrew\Documents\My Web Sites\BeyerdynamicHeadphone\DT770 Moon 3.jpg --> moon-audio.com /drubrew/BeyerdynamicHeadphone DT770 Moon 3.jpg
2010.01.03 17:07 B C:\Users\drubrew\Documents\My Web Sites\BeyerdynamicHeadphone\DT770 Moon 4.jpg --> moon-audio.com /drubrew/BeyerdynamicHeadphone DT770 Moon 4.jpg
2010.01.03 17:07 B C:\Users\drubrew\Documents\My Web Sites\BeyerdynamicHeadphone\DT770 Moon 5.jpg --> moon-audio.com /drubrew/BeyerdynamicHeadphone DT770 Moon 5.jpg
2010.01.03 17:07 B C:\Users\drubrew\Documents\My Web Sites\BeyerdynamicHeadphone\DT770 Moon 6.jpg --> moon-audio.com /drubrew/BeyerdynamicHeadphone DT770 Moon 6.jpg
2010.01.03 17:08 B C:\Users\drubrew\Documents\My Web Sites\BeyerdynamicHeadphone\DT770 Moon 7.jpg --> moon-audio.com /drubrew/BeyerdynamicHeadphone DT770 Moon 7.jpg
2010.01.03 17:08 B C:\Users\drubrew\Documents\My Web Sites\BeyerdynamicHeadphone\DT770 Moon 9.jpg --> moon-audio.com /drubrew/BeyerdynamicHeadphone DT770 Moon 9.jpg
2010.01.03 17:08 B C:\Users\drubrew\Documents\My Web Sites\BeyerdynamicHeadphone\DT770.bmp --> moon-audio.com /drubrew/BeyerdynamicHeadphone DT770.bmp
2010.01.03 17:08 B C:\Users\drubrew\Documents\My Web Sites\BeyerdynamicHeadphone\DT770.jpg --> moon-audio.com /drubrew/BeyerdynamicHeadphone DT770.jpg
2010.01.03 17:08 B C:\Users\drubrew\Documents\My Web Sites\BeyerdynamicHeadphone\DT860.bmp --> moon-audio.com /drubrew/BeyerdynamicHeadphone DT860.bmp
2010.01.03 17:08 B C:\Users\drubrew\Documents\My Web Sites\BeyerdynamicHeadphone\DT860.jpg --> moon-audio.com /drubrew/BeyerdynamicHeadphone DT860.jpg
2010.01.03 17:08 B C:\Users\drubrew\Documents\My Web Sites\BeyerdynamicHeadphone\DT880 Moon 1.jpg --> moon-audio.com /drubrew/BeyerdynamicHeadphone DT880 Moon 1.jpg
2010.01.03 17:08 B C:\Users\drubrew\Documents\My Web Sites\BeyerdynamicHeadphone\DT880 Moon 10.jpg --> moon-audio.com /drubrew/BeyerdynamicHeadphone DT880 Moon 10.jpg
2010.01.03 17:08 B C:\Users\drubrew\Documents\My Web Sites\BeyerdynamicHeadphone\DT880 Moon 2.jpg --> moon-audio.com /drubrew/BeyerdynamicHeadphone DT880 Moon 2.jpg
2010.01.03 17:08 B C:\Users\drubrew\Documents\My Web Sites\BeyerdynamicHeadphone\DT880 Moon 4.jpg --> moon-audio.com /drubrew/BeyerdynamicHeadphone DT880 Moon 4.jpg
2010.01.03 17:08 B C:\Users\drubrew\Documents\My Web Sites\BeyerdynamicHeadphone\DT880 Moon 5.jpg --> moon-audio.com /drubrew/BeyerdynamicHeadphone DT880 Moon 5.jpg
2010.01.03 17:09 B C:\Users\drubrew\Documents\My Web Sites\BeyerdynamicHeadphone\DT880 Moon 6.jpg --> moon-audio.com /drubrew/BeyerdynamicHeadphone DT880 Moon 6.jpg
2010.01.03 17:09 B C:\Users\drubrew\Documents\My Web Sites\BeyerdynamicHeadphone\DT880 Moon 7.jpg --> moon-audio.com /drubrew/BeyerdynamicHeadphone DT880 Moon 7.jpg
2010.01.03 17:09 B C:\Users\drubrew\Documents\My Web Sites\BeyerdynamicHeadphone\DT880 Moon 8.jpg --> moon-audio.com /drubrew/BeyerdynamicHeadphone DT880 Moon 8.jpg
2010.01.03 17:09 B C:\Users\drubrew\Documents\My Web Sites\BeyerdynamicHeadphone\DT880 Moon 9.jpg --> moon-audio.com /drubrew/BeyerdynamicHeadphone DT880 Moon 9.jpg
2010.01.03 17:09 B C:\Users\drubrew\Documents\My Web Sites\BeyerdynamicHeadphone\DT880 Moon Audio.jpg --> moon-audio.com /drubrew/BeyerdynamicHeadphone DT880 Moon Audio.jpg
2010.01.03 17:09 B C:\Users\drubrew\Documents\My Web Sites\BeyerdynamicHeadphone\DT880.bmp --> moon-audio.com /drubrew/BeyerdynamicHeadphone DT880.bmp
2010.01.03 17:09 B C:\Users\drubrew\Documents\My Web Sites\BeyerdynamicHeadphone\DT880.jpg --> moon-audio.com /drubrew/BeyerdynamicHeadphone DT880.jpg
2010.01.03 17:09 B C:\Users\drubrew\Documents\My Web Sites\BeyerdynamicHeadphone\DT880Moon8small.jpg --> moon-audio.com /drubrew/BeyerdynamicHeadphone DT880Moon8small.jpg
2010.01.03 17:09 B C:\Users\drubrew\Documents\My Web Sites\BeyerdynamicHeadphone\DT880PRO.bmp --> moon-audio.com /drubrew/BeyerdynamicHeadphone DT880PRO.bmp
2010.01.03 17:09 B C:\Users\drubrew\Documents\My Web Sites\BeyerdynamicHeadphone\DT880PRO.jpg --> moon-audio.com /drubrew/BeyerdynamicHeadphone DT880PRO.jpg
2010.01.03 17:09 B C:\Users\drubrew\Documents\My Web Sites\BeyerdynamicHeadphone\DT880wBlueDragonMod1.jpg --> moon-audio.com /drubrew/BeyerdynamicHeadphone DT880wBlueDragonMod1.jpg
2010.01.03 17:09 B C:\Users\drubrew\Documents\My Web Sites\BeyerdynamicHeadphone\DT880wBlueDragonMod2.jpg --> moon-audio.com /drubrew/BeyerdynamicHeadphone DT880wBlueDragonMod2.jpg
2010.01.03 17:09 B C:\Users\drubrew\Documents\My Web Sites\BeyerdynamicHeadphone\DT880wBlueDragonMod3.jpg --> moon-audio.com /drubrew/BeyerdynamicHeadphone DT880wBlueDragonMod3.jpg
2010.01.03 17:09 B C:\Users\drubrew\Documents\My Web Sites\BeyerdynamicHeadphone\DT880wBlueDragonMod4.jpg --> moon-audio.com /drubrew/BeyerdynamicHeadphone DT880wBlueDragonMod4.jpg
2010.01.03 17:09 B C:\Users\drubrew\Documents\My Web Sites\BeyerdynamicHeadphone\DT880wSilverDragonModXLR1.jpg --> moon-audio.com /drubrew/BeyerdynamicHeadphone DT880wSilverDragonModXLR1.jpg
2010.01.03 17:09 B C:\Users\drubrew\Documents\My Web Sites\BeyerdynamicHeadphone\DT880wSilverDragonModXLR2.jpg --> moon-audio.com /drubrew/BeyerdynamicHeadphone DT880wSilverDragonModXLR2.jpg
2010.01.03 17:10 B C:\Users\drubrew\Documents\My Web Sites\BeyerdynamicHeadphone\DT990 Black Dragon 1.jpg --> moon-audio.com /drubrew/BeyerdynamicHeadphone DT990 Black Dragon 1.jpg
2010.01.03 17:10 B C:\Users\drubrew\Documents\My Web Sites\BeyerdynamicHeadphone\DT990 Black Dragon small 1.jpg --> moon-audio.com /drubrew/BeyerdynamicHeadphone DT990 Black Dragon small 1.jpg
2010.01.03 17:10 B C:\Users\drubrew\Documents\My Web Sites\BeyerdynamicHeadphone\DT990 Moon 1.jpg --> moon-audio.com /drubrew/BeyerdynamicHeadphone DT990 Moon 1.jpg
2010.01.03 17:10 B C:\Users\drubrew\Documents\My Web Sites\BeyerdynamicHeadphone\DT990 Moon 10.jpg --> moon-audio.com /drubrew/BeyerdynamicHeadphone DT990 Moon 10.jpg
2010.01.03 17:10 B C:\Users\drubrew\Documents\My Web Sites\BeyerdynamicHeadphone\DT990 Moon 11.jpg --> moon-audio.com /drubrew/BeyerdynamicHeadphone DT990 Moon 11.jpg
2010.01.03 17:10 B C:\Users\drubrew\Documents\My Web Sites\BeyerdynamicHeadphone\DT990 Moon 2.jpg --> moon-audio.com /drubrew/BeyerdynamicHeadphone DT990 Moon 2.jpg
2010.01.03 17:10 B C:\Users\drubrew\Documents\My Web Sites\BeyerdynamicHeadphone\DT990 Moon 3.jpg --> moon-audio.com /drubrew/BeyerdynamicHeadphone DT990 Moon 3.jpg
2010.01.03 17:10 B C:\Users\drubrew\Documents\My Web Sites\BeyerdynamicHeadphone\DT990 Moon 4.jpg --> moon-audio.com /drubrew/BeyerdynamicHeadphone DT990 Moon 4.jpg
2010.01.03 17:10 B C:\Users\drubrew\Documents\My Web Sites\BeyerdynamicHeadphone\DT990 Moon 6.jpg --> moon-audio.com /drubrew/BeyerdynamicHeadphone DT990 Moon 6.jpg
2010.01.03 17:10 B C:\Users\drubrew\Documents\My Web Sites\BeyerdynamicHeadphone\DT990 Moon 7.jpg --> moon-audio.com /drubrew/BeyerdynamicHeadphone DT990 Moon 7.jpg
2010.01.03 17:10 B C:\Users\drubrew\Documents\My Web Sites\BeyerdynamicHeadphone\DT990 Moon 8.jpg --> moon-audio.com /drubrew/BeyerdynamicHeadphone DT990 Moon 8.jpg
2010.01.03 17:10 B C:\Users\drubrew\Documents\My Web Sites\BeyerdynamicHeadphone\DT990 Moon 9.jpg --> moon-audio.com /drubrew/BeyerdynamicHeadphone DT990 Moon 9.jpg
2010.01.03 17:10 B C:\Users\drubrew\Documents\My Web Sites\BeyerdynamicHeadphone\DT990 Moon Audio.jpg --> moon-audio.com /drubrew/BeyerdynamicHeadphone DT990 Moon Audio.jpg
2010.01.03 17:10 B C:\Users\drubrew\Documents\My Web Sites\BeyerdynamicHeadphone\DT990.bmp --> moon-audio.com /drubrew/BeyerdynamicHeadphone DT990.bmp
2010.01.03 17:10 B C:\Users\drubrew\Documents\My Web Sites\BeyerdynamicHeadphone\DT990.jpg --> moon-audio.com /drubrew/BeyerdynamicHeadphone DT990.jpg
2010.01.03 17:10 B C:\Users\drubrew\Documents\My Web Sites\BeyerdynamicHeadphone\DT990Moon3small.jpg --> moon-audio.com /drubrew/BeyerdynamicHeadphone DT990Moon3small.jpg
2010.01.03 17:10 B C:\Users\drubrew\Documents\My Web Sites\BeyerdynamicHeadphone\Headzone_Home_Set_Verlauf_01.jpg --> moon-audio.com /drubrew/BeyerdynamicHeadphone Headzone_Home_Set_Verlauf_01.jpg
2010.01.03 17:10 B C:\Users\drubrew\Documents\My Web Sites\BeyerdynamicHeadphone\Headzone_Home_Set_Verlauf_02.jpg --> moon-audio.com /drubrew/BeyerdynamicHeadphone Headzone_Home_Set_Verlauf_02.jpg
2010.01.03 17:11 B C:\Users\drubrew\Documents\My Web Sites\BeyerdynamicHeadphone\HeadzoneKopfh_rerDT880_01.jpg --> moon-audio.com /drubrew/BeyerdynamicHeadphone HeadzoneKopfh_rerDT880_01.jpg
2010.01.03 17:11 B C:\Users\drubrew\Documents\My Web Sites\BeyerdynamicHeadphone\HeadzoneKopfh_rerDT880_02.jpg --> moon-audio.com /drubrew/BeyerdynamicHeadphone HeadzoneKopfh_rerDT880_02.jpg
2010.01.03 17:11 B C:\Users\drubrew\Documents\My Web Sites\BeyerdynamicHeadphone\HeadzoneProzessor_02.jpg --> moon-audio.com /drubrew/BeyerdynamicHeadphone HeadzoneProzessor_02.jpg
2010.01.03 17:11 B C:\Users\drubrew\Documents\My Web Sites\BeyerdynamicHeadphone\IMG_4645_neu.jpg --> moon-audio.com /drubrew/BeyerdynamicHeadphone IMG_4645_neu.jpg
2010.01.03 17:11 B C:\Users\drubrew\Documents\My Web Sites\BeyerdynamicHeadphone\IMG_4656.jpg --> moon-audio.com /drubrew/BeyerdynamicHeadphone IMG_4656.jpg
2010.01.03 17:11 B C:\Users\drubrew\Documents\My Web Sites\BeyerdynamicHeadphone\IMG_4679_neu_2.jpg --> moon-audio.com /drubrew/BeyerdynamicHeadphone IMG_4679_neu_2.jpg
2010.01.03 17:11 B C:\Users\drubrew\Documents\My Web Sites\BeyerdynamicHeadphone\IMG_4685_neu_2.jpg --> moon-audio.com /drubrew/BeyerdynamicHeadphone IMG_4685_neu_2.jpg
2010.01.03 17:11 B C:\Users\drubrew\Documents\My Web Sites\BeyerdynamicHeadphone\IMG_4693_neu_2.jpg --> moon-audio.com /drubrew/BeyerdynamicHeadphone IMG_4693_neu_2.jpg
2010.01.03 17:11 B C:\Users\drubrew\Documents\My Web Sites\BeyerdynamicHeadphone\IMG_4698_neu_2.jpg --> moon-audio.com /drubrew/BeyerdynamicHeadphone IMG_4698_neu_2.jpg
2010.01.03 17:11 B C:\Users\drubrew\Documents\My Web Sites\BeyerdynamicHeadphone\logo.jpg --> moon-audio.com /drubrew/BeyerdynamicHeadphone logo.jpg
2010.01.03 17:11 B C:\Users\drubrew\Documents\My Web Sites\BeyerdynamicHeadphone\ModBeyerDT770 1.jpg --> moon-audio.com /drubrew/BeyerdynamicHeadphone ModBeyerDT770 1.jpg
2010.01.03 17:11 B C:\Users\drubrew\Documents\My Web Sites\BeyerdynamicHeadphone\ModBeyerDT770 2.jpg --> moon-audio.com /drubrew/BeyerdynamicHeadphone ModBeyerDT770 2.jpg
2010.01.03 17:11 B C:\Users\drubrew\Documents\My Web Sites\BeyerdynamicHeadphone\ModBeyerDT880 1.jpg --> moon-audio.com /drubrew/BeyerdynamicHeadphone ModBeyerDT880 1.jpg
2010.01.03 17:11 B C:\Users\drubrew\Documents\My Web Sites\BeyerdynamicHeadphone\ModBeyerDT880 2.jpg --> moon-audio.com /drubrew/BeyerdynamicHeadphone ModBeyerDT880 2.jpg
2010.01.03 17:11 B C:\Users\drubrew\Documents\My Web Sites\BeyerdynamicHeadphone\ModBeyerDT880 3.jpg --> moon-audio.com /drubrew/BeyerdynamicHeadphone ModBeyerDT880 3.jpg
2010.01.03 17:11 B C:\Users\drubrew\Documents\My Web Sites\BeyerdynamicHeadphone\ModBeyerDT990 1.jpg --> moon-audio.com /drubrew/BeyerdynamicHeadphone ModBeyerDT990 1.jpg
2010.01.03 17:12 B C:\Users\drubrew\Documents\My Web Sites\BeyerdynamicHeadphone\ModBeyerDT990Pro1.jpg --> moon-audio.com /drubrew/BeyerdynamicHeadphone ModBeyerDT990Pro1.jpg
2010.01.03 17:12 B C:\Users\drubrew\Documents\My Web Sites\BeyerdynamicHeadphone\ModDT770-1.jpg --> moon-audio.com /drubrew/BeyerdynamicHeadphone ModDT770-1.jpg
2010.01.03 17:12 B C:\Users\drubrew\Documents\My Web Sites\BeyerdynamicHeadphone\ModDT770-2.jpg --> moon-audio.com /drubrew/BeyerdynamicHeadphone ModDT770-2.jpg
2010.01.03 17:12 B C:\Users\drubrew\Documents\My Web Sites\BeyerdynamicHeadphone\ModDT770-3.jpg --> moon-audio.com /drubrew/BeyerdynamicHeadphone ModDT770-3.jpg
2010.01.03 17:12 B C:\Users\drubrew\Documents\My Web Sites\BeyerdynamicHeadphone\ModDT770-4.jpg --> moon-audio.com /drubrew/BeyerdynamicHeadphone ModDT770-4.jpg
2010.01.03 17:12 B C:\Users\drubrew\Documents\My Web Sites\BeyerdynamicHeadphone\ModDT880-1.jpg --> moon-audio.com /drubrew/BeyerdynamicHeadphone ModDT880-1.jpg
2010.01.03 17:12 B C:\Users\drubrew\Documents\My Web Sites\BeyerdynamicHeadphone\ModDT990Pro1.jpg --> moon-audio.com /drubrew/BeyerdynamicHeadphone ModDT990Pro1.jpg
2010.01.03 17:12 B C:\Users\drubrew\Documents\My Web Sites\BeyerdynamicHeadphone\ModDT990Pro2.jpg --> moon-audio.com /drubrew/BeyerdynamicHeadphone ModDT990Pro2.jpg
2010.01.03 17:12 B C:\Users\drubrew\Documents\My Web Sites\BeyerdynamicHeadphone\ModDT990Special1.jpg --> moon-audio.com /drubrew/BeyerdynamicHeadphone ModDT990Special1.jpg
2010.01.03 17:12 B C:\Users\drubrew\Documents\My Web Sites\BeyerdynamicHeadphone\ModDT990Special2.jpg --> moon-audio.com /drubrew/BeyerdynamicHeadphone ModDT990Special2.jpg
2010.01.03 17:14 B C:\Users\drubrew\Documents\My Web Sites\BeyerdynamicHeadphone\T1_Karte_IFA_09.pdf --> moon-audio.com /drubrew/BeyerdynamicHeadphone T1_Karte_IFA_09.pdf
2010.04.26 11:17 B C:\Users\Drew\Documents\My Web Sites\BeyerdynamicHeadphone\DTX100.jpg --> www.moon-audio.com /drubrew/BeyerdynamicHeadphone DTX100.jpg
2010.04.28 19:29 B C:\Users\Drew\Documents\My Web Sites\BeyerdynamicHeadphone\beyerdynamic_T50P_1.jpg --> www.moon-audio.com /drubrew/BeyerdynamicHeadphone beyerdynamic_T50P_1.jpg
2010.04.28 19:29 B C:\Users\Drew\Documents\My Web Sites\BeyerdynamicHeadphone\beyerdynamic_T50P_1_small.jpg --> www.moon-audio.com /drubrew/BeyerdynamicHeadphone beyerdynamic_T50P_1_small.jpg
2010.04.28 19:29 B C:\Users\Drew\Documents\My Web Sites\BeyerdynamicHeadphone\beyerdynamic_T50P_2.jpg --> www.moon-audio.com /drubrew/BeyerdynamicHeadphone beyerdynamic_T50P_2.jpg
2010.04.28 19:29 B C:\Users\Drew\Documents\My Web Sites\BeyerdynamicHeadphone\beyerdynamic_T50P_2_small.jpg --> www.moon-audio.com /drubrew/BeyerdynamicHeadphone beyerdynamic_T50P_2_small.jpg
2010.04.28 19:29 B C:\Users\Drew\Documents\My Web Sites\BeyerdynamicHeadphone\beyerdynamic_T50P_3.jpg --> www.moon-audio.com /drubrew/BeyerdynamicHeadphone beyerdynamic_T50P_3.jpg
2010.04.28 19:29 B C:\Users\Drew\Documents\My Web Sites\BeyerdynamicHeadphone\beyerdynamic_T50P_3_small.jpg --> www.moon-audio.com /drubrew/BeyerdynamicHeadphone beyerdynamic_T50P_3_small.jpg
2010.04.28 19:29 B C:\Users\Drew\Documents\My Web Sites\BeyerdynamicHeadphone\beyerdynamic_T50P_4.jpg --> www.moon-audio.com /drubrew/BeyerdynamicHeadphone beyerdynamic_T50P_4.jpg
2010.04.28 19:29 B C:\Users\Drew\Documents\My Web Sites\BeyerdynamicHeadphone\beyerdynamic_T50P_4_small.jpg --> www.moon-audio.com /drubrew/BeyerdynamicHeadphone beyerdynamic_T50P_4_small.jpg
2010.05.31 11:15 B C:\Users\Drew\Documents\My Web Sites\BeyerdynamicHeadphone\DT880Moon1_small.jpg --> www.moon-audio.com /drubrew/BeyerdynamicHeadphone DT880Moon1_small.jpg
2010.07.06 21:05 B C:\Users\Drew\Documents\My Web Sites\BeyerdynamicHeadphone\beyerdynamic_T50P_1.jpg --> www.moon-audio.com /drubrew/BeyerdynamicHeadphone beyerdynamic_T50P_1.jpg
2010.07.06 21:05 B C:\Users\Drew\Documents\My Web Sites\BeyerdynamicHeadphone\beyerdynamic_T50P_1_small.jpg --> www.moon-audio.com /drubrew/BeyerdynamicHeadphone beyerdynamic_T50P_1_small.jpg
2010.07.06 21:05 B C:\Users\Drew\Documents\My Web Sites\BeyerdynamicHeadphone\beyerdynamic_T50P_2.jpg --> www.moon-audio.com /drubrew/BeyerdynamicHeadphone beyerdynamic_T50P_2.jpg
2010.07.06 21:05 B C:\Users\Drew\Documents\My Web Sites\BeyerdynamicHeadphone\beyerdynamic_T50P_2_small.jpg --> www.moon-audio.com /drubrew/BeyerdynamicHeadphone beyerdynamic_T50P_2_small.jpg
2010.07.06 21:05 B C:\Users\Drew\Documents\My Web Sites\BeyerdynamicHeadphone\beyerdynamic_T50P_3.jpg --> www.moon-audio.com /drubrew/BeyerdynamicHeadphone beyerdynamic_T50P_3.jpg
2010.07.06 21:05 B C:\Users\Drew\Documents\My Web Sites\BeyerdynamicHeadphone\beyerdynamic_T50P_3_small.jpg --> www.moon-audio.com /drubrew/BeyerdynamicHeadphone beyerdynamic_T50P_3_small.jpg
2010.07.06 21:05 B C:\Users\Drew\Documents\My Web Sites\BeyerdynamicHeadphone\beyerdynamic_T50P_4.jpg --> www.moon-audio.com /drubrew/BeyerdynamicHeadphone beyerdynamic_T50P_4.jpg
2010.07.06 21:05 B C:\Users\Drew\Documents\My Web Sites\BeyerdynamicHeadphone\beyerdynamic_T50P_4_small.jpg --> www.moon-audio.com /drubrew/BeyerdynamicHeadphone beyerdynamic_T50P_4_small.jpg
2010.07.06 21:12 B C:\Users\Drew\Documents\My Web Sites\BeyerdynamicHeadphone\beyerdynamic_T50P_1.jpg --> www.moon-audio.com /drubrew beyerdynamic_T50P_1.jpg
2010.07.06 21:12 B C:\Users\Drew\Documents\My Web Sites\BeyerdynamicHeadphone\beyerdynamic_T50P_1_small.jpg --> www.moon-audio.com /drubrew beyerdynamic_T50P_1_small.jpg
2010.07.06 21:12 B C:\Users\Drew\Documents\My Web Sites\BeyerdynamicHeadphone\beyerdynamic_T50P_2.jpg --> www.moon-audio.com /drubrew beyerdynamic_T50P_2.jpg
2010.07.06 21:12 B C:\Users\Drew\Documents\My Web Sites\BeyerdynamicHeadphone\beyerdynamic_T50P_2_small.jpg --> www.moon-audio.com /drubrew beyerdynamic_T50P_2_small.jpg
2010.07.06 21:12 B C:\Users\Drew\Documents\My Web Sites\BeyerdynamicHeadphone\beyerdynamic_T50P_3.jpg --> www.moon-audio.com /drubrew beyerdynamic_T50P_3.jpg
2010.07.06 21:12 B C:\Users\Drew\Documents\My Web Sites\BeyerdynamicHeadphone\beyerdynamic_T50P_3_small.jpg --> www.moon-audio.com /drubrew beyerdynamic_T50P_3_small.jpg
2010.07.06 21:12 B C:\Users\Drew\Documents\My Web Sites\BeyerdynamicHeadphone\beyerdynamic_T50P_4.jpg --> www.moon-audio.com /drubrew beyerdynamic_T50P_4.jpg
2010.07.06 21:12 B C:\Users\Drew\Documents\My Web Sites\BeyerdynamicHeadphone\beyerdynamic_T50P_4_small.jpg --> www.moon-audio.com /drubrew beyerdynamic_T50P_4_small.jpg
2010.08.06 14:31 B C:\Users\Drew\Documents\My Web Sites\BeyerdynamicHeadphone\beyerdynamic_T5p_Large.jpg --> www.moon-audio.com /drubrew/BeyerdynamicHeadphone beyerdynamic_T5p_Large.jpg
2010.08.06 14:31 B C:\Users\Drew\Documents\My Web Sites\BeyerdynamicHeadphone\beyerdynamic_T5p_small.jpg --> www.moon-audio.com /drubrew/BeyerdynamicHeadphone beyerdynamic_T5p_small.jpg
2010.08.10 17:52 B C:\Users\Drew\Documents\My Web Sites\BeyerdynamicHeadphone\beyerdynamic Tesla Products Update April 28 2010.pdf --> www.moon-audio.com /drubrew/BeyerdynamicHeadphone beyerdynamic Tesla Products Update April 28 2010.pdf
2010.08.10 17:52 B C:\Users\Drew\Documents\My Web Sites\BeyerdynamicHeadphone\Beyerdynamic_T1_BlackD_1.jpg --> www.moon-audio.com /drubrew/BeyerdynamicHeadphone Beyerdynamic_T1_BlackD_1.jpg
2010.08.10 17:52 B C:\Users\Drew\Documents\My Web Sites\BeyerdynamicHeadphone\Beyerdynamic_T1_BlackD_1_small.jpg --> www.moon-audio.com /drubrew/BeyerdynamicHeadphone Beyerdynamic_T1_BlackD_1_small.jpg
2010.08.10 17:52 B C:\Users\Drew\Documents\My Web Sites\BeyerdynamicHeadphone\Beyerdynamic_T1_BlackD_2.jpg --> www.moon-audio.com /drubrew/BeyerdynamicHeadphone Beyerdynamic_T1_BlackD_2.jpg
2010.08.10 17:52 B C:\Users\Drew\Documents\My Web Sites\BeyerdynamicHeadphone\beyerdynamic_T50P_1.jpg --> www.moon-audio.com /drubrew/BeyerdynamicHeadphone beyerdynamic_T50P_1.jpg
2010.08.10 17:53 B C:\Users\Drew\Documents\My Web Sites\BeyerdynamicHeadphone\beyerdynamic_T50P_2.jpg --> www.moon-audio.com /drubrew/BeyerdynamicHeadphone beyerdynamic_T50P_2.jpg
2010.08.10 17:53 B C:\Users\Drew\Documents\My Web Sites\BeyerdynamicHeadphone\beyerdynamic_T50P_3.jpg --> www.moon-audio.com /drubrew/BeyerdynamicHeadphone beyerdynamic_T50P_3.jpg
2010.08.10 17:53 B C:\Users\Drew\Documents\My Web Sites\BeyerdynamicHeadphone\beyerdynamic_T50P_4.jpg --> www.moon-audio.com /drubrew/BeyerdynamicHeadphone beyerdynamic_T50P_4.jpg
2010.08.10 17:53 B C:\Users\Drew\Documents\My Web Sites\BeyerdynamicHeadphone\beyerdynamic_T5p_Large.jpg --> www.moon-audio.com /drubrew/BeyerdynamicHeadphone beyerdynamic_T5p_Large.jpg
2010.08.10 17:53 B C:\Users\Drew\Documents\My Web Sites\BeyerdynamicHeadphone\beyerdynamic_T5p_small.jpg --> www.moon-audio.com /drubrew/BeyerdynamicHeadphone beyerdynamic_T5p_small.jpg
2010.08.10 17:53 B C:\Users\Drew\Documents\My Web Sites\BeyerdynamicHeadphone\beyerdynamicteslaproductsupdateapril2010.zip --> www.moon-audio.com /drubrew/BeyerdynamicHeadphone beyerdynamicteslaproductsupdateapril2010.zip
2010.08.10 17:54 B C:\Users\Drew\Documents\My Web Sites\BeyerdynamicHeadphone\DT880Moon1_small.jpg --> www.moon-audio.com /drubrew/BeyerdynamicHeadphone DT880Moon1_small.jpg
2010.08.10 17:54 B C:\Users\Drew\Documents\My Web Sites\BeyerdynamicHeadphone\DTX100.jpg --> www.moon-audio.com /drubrew/BeyerdynamicHeadphone DTX100.jpg
2010.08.10 17:54 B C:\Users\Drew\Documents\My Web Sites\BeyerdynamicHeadphone\T5.jpg --> www.moon-audio.com /drubrew/BeyerdynamicHeadphone T5.jpg
2010.08.10 17:54 B C:\Users\Drew\Documents\My Web Sites\BeyerdynamicHeadphone\t5p 77 x 100.jpg --> www.moon-audio.com /drubrew/BeyerdynamicHeadphone t5p 77 x 100.jpg
2010.08.10 17:55 B C:\Users\Drew\Documents\My Web Sites\BeyerdynamicHeadphone\T5p big.jpg --> www.moon-audio.com /drubrew/BeyerdynamicHeadphone T5p big.jpg
2011.03.08 13:58 B C:\Users\Drew\Documents\My Web Sites\BeyerdynamicHeadphone\beyerdynamic Tesla 1 Premium T1 Aug 09.pdf --> moon-audio.com /drubrew/BeyerdynamicHeadphone beyerdynamic Tesla 1 Premium T1 Aug 09.pdf
2011.03.08 13:58 B C:\Users\Drew\Documents\My Web Sites\BeyerdynamicHeadphone\beyerdynamic Tesla Products Update April 28 2010.pdf --> moon-audio.com /drubrew/BeyerdynamicHeadphone beyerdynamic Tesla Products Update April 28 2010.pdf
2011.03.08 13:58 B C:\Users\Drew\Documents\My Web Sites\BeyerdynamicHeadphone\beyerdynamic_T50P_BlueDragon_1.jpg --> moon-audio.com /drubrew/BeyerdynamicHeadphone beyerdynamic_T50P_BlueDragon_1.jpg
2011.03.08 13:58 B C:\Users\Drew\Documents\My Web Sites\BeyerdynamicHeadphone\beyerdynamic_T50P_BlueDragon_small_1.jpg --> moon-audio.com /drubrew/BeyerdynamicHeadphone beyerdynamic_T50P_BlueDragon_small_1.jpg
2011.03.08 13:58 B C:\Users\Drew\Documents\My Web Sites\BeyerdynamicHeadphone\beyerdynamic_T5p_BlueDragon_1.jpg --> moon-audio.com /drubrew/BeyerdynamicHeadphone beyerdynamic_T5p_BlueDragon_1.jpg
2011.03.08 13:58 B C:\Users\Drew\Documents\My Web Sites\BeyerdynamicHeadphone\beyerdynamic_T5p_BlueDragon_small_1.jpg --> moon-audio.com /drubrew/BeyerdynamicHeadphone beyerdynamic_T5p_BlueDragon_small_1.jpg
2011.03.08 13:58 B C:\Users\Drew\Documents\My Web Sites\BeyerdynamicHeadphone\beyerdynamic_T5p_Large.jpg --> moon-audio.com /drubrew/BeyerdynamicHeadphone beyerdynamic_T5p_Large.jpg
2011.03.08 13:58 B C:\Users\Drew\Documents\My Web Sites\BeyerdynamicHeadphone\beyerdynamic_T5p_SilverDragon_1.jpg --> moon-audio.com /drubrew/BeyerdynamicHeadphone beyerdynamic_T5p_SilverDragon_1.jpg
2011.03.08 13:58 B C:\Users\Drew\Documents\My Web Sites\BeyerdynamicHeadphone\beyerdynamic_T5p_SilverDragon_small_1.jpg --> moon-audio.com /drubrew/BeyerdynamicHeadphone beyerdynamic_T5p_SilverDragon_small_1.jpg
2011.03.08 13:58 B C:\Users\Drew\Documents\My Web Sites\BeyerdynamicHeadphone\beyerdynamic_T5p_small.jpg --> moon-audio.com /drubrew/BeyerdynamicHeadphone beyerdynamic_T5p_small.jpg
2011.03.08 13:59 B C:\Users\Drew\Documents\My Web Sites\BeyerdynamicHeadphone\beyerdynamicteslaproductsupdateapril2010.zip --> moon-audio.com /drubrew/BeyerdynamicHeadphone beyerdynamicteslaproductsupdateapril2010.zip
2011.03.08 13:59 B C:\Users\Drew\Documents\My Web Sites\BeyerdynamicHeadphone\IMG_0307.jpg --> moon-audio.com /drubrew/BeyerdynamicHeadphone IMG_0307.jpg
2011.03.08 14:00 B C:\Users\Drew\Documents\My Web Sites\BeyerdynamicHeadphone\IMG_0311.jpg --> moon-audio.com /drubrew/BeyerdynamicHeadphone IMG_0311.jpg
2011.03.08 14:00 B C:\Users\Drew\Documents\My Web Sites\BeyerdynamicHeadphone\IMG_0313.jpg --> moon-audio.com /drubrew/BeyerdynamicHeadphone IMG_0313.jpg
2011.03.08 14:01 B C:\Users\Drew\Documents\My Web Sites\BeyerdynamicHeadphone\IMG_0315.jpg --> moon-audio.com /drubrew/BeyerdynamicHeadphone IMG_0315.jpg
2011.03.08 14:01 B C:\Users\Drew\Documents\My Web Sites\BeyerdynamicHeadphone\IMG_0316.jpg --> moon-audio.com /drubrew/BeyerdynamicHeadphone IMG_0316.jpg
2011.03.08 14:02 B C:\Users\Drew\Documents\My Web Sites\BeyerdynamicHeadphone\T5p_Case_2_3c.jpg --> moon-audio.com /drubrew/BeyerdynamicHeadphone T5p_Case_2_3c.jpg
2011.03.08 14:02 B C:\Users\Drew\Documents\My Web Sites\BeyerdynamicHeadphone\T5p_Case_3c.jpg --> moon-audio.com /drubrew/BeyerdynamicHeadphone T5p_Case_3c.jpg
2011.03.08 14:02 B C:\Users\Drew\Documents\My Web Sites\BeyerdynamicHeadphone\T5p_Case_small1.jpg --> moon-audio.com /drubrew/BeyerdynamicHeadphone T5p_Case_small1.jpg
2011.03.08 14:02 B C:\Users\Drew\Documents\My Web Sites\BeyerdynamicHeadphone\T5p_Case_small2.jpg --> moon-audio.com /drubrew/BeyerdynamicHeadphone T5p_Case_small2.jpg
2011.03.08 14:02 B C:\Users\Drew\Documents\My Web Sites\BeyerdynamicHeadphone\T5p_front_3c.jpg --> moon-audio.com /drubrew/BeyerdynamicHeadphone T5p_front_3c.jpg
2011.03.08 14:02 B C:\Users\Drew\Documents\My Web Sites\BeyerdynamicHeadphone\T5p_side_3c.jpg --> moon-audio.com /drubrew/BeyerdynamicHeadphone T5p_side_3c.jpg
2011.03.08 14:03 B C:\Users\Drew\Documents\My Web Sites\BeyerdynamicHeadphone\T5p_Wandler_3c.jpg --> moon-audio.com /drubrew/BeyerdynamicHeadphone T5p_Wandler_3c.jpg
2011.03.08 14:03 B C:\Users\Drew\Documents\My Web Sites\BeyerdynamicHeadphone\T5p_Wandler_small.jpg --> moon-audio.com /drubrew/BeyerdynamicHeadphone T5p_Wandler_small.jpg
2011.06.20 20:55 B C:\Users\Drew\Documents\My Web Sites\BeyerdynamicHeadphone\t70-front.jpg --> moon-audio.com /drubrew/BeyerdynamicHeadphone t70-front.jpg
2011.06.20 20:55 B C:\Users\Drew\Documents\My Web Sites\BeyerdynamicHeadphone\t70-seite.jpg --> moon-audio.com /drubrew/BeyerdynamicHeadphone t70-seite.jpg
2011.06.20 20:55 B C:\Users\Drew\Documents\My Web Sites\BeyerdynamicHeadphone\t70-tesla.jpg --> moon-audio.com /drubrew/BeyerdynamicHeadphone t70-tesla.jpg
2011.06.20 20:55 B C:\Users\Drew\Documents\My Web Sites\BeyerdynamicHeadphone\t70-tesla2.jpg --> moon-audio.com /drubrew/BeyerdynamicHeadphone t70-tesla2.jpg
2011.06.20 20:55 B C:\Users\Drew\Documents\My Web Sites\BeyerdynamicHeadphone\T70_1small.jpg --> moon-audio.com /drubrew/BeyerdynamicHeadphone T70_1small.jpg
2011.06.20 20:55 B C:\Users\Drew\Documents\My Web Sites\BeyerdynamicHeadphone\T70_2small.jpg --> moon-audio.com /drubrew/BeyerdynamicHeadphone T70_2small.jpg
2011.06.20 20:55 B C:\Users\Drew\Documents\My Web Sites\BeyerdynamicHeadphone\T70_3small.jpg --> moon-audio.com /drubrew/BeyerdynamicHeadphone T70_3small.jpg
2011.06.20 20:55 B C:\Users\Drew\Documents\My Web Sites\BeyerdynamicHeadphone\T70p_side_3_comp.jpg --> moon-audio.com /drubrew/BeyerdynamicHeadphone T70p_side_3_comp.jpg
2011.06.20 20:56 B C:\Users\Drew\Documents\My Web Sites\BeyerdynamicHeadphone\header_t70.jpg --> moon-audio.com /drubrew/BeyerdynamicHeadphone header_t70.jpg
2011.06.20 21:01 B C:\Users\Drew\Documents\My Web Sites\BeyerdynamicHeadphone\T70_1small.jpg --> moon-audio.com /drubrew T70_1small.jpg
2011.06.20 21:01 B C:\Users\Drew\Documents\My Web Sites\BeyerdynamicHeadphone\T70_2small.jpg --> moon-audio.com /drubrew T70_2small.jpg
2011.06.20 21:01 B C:\Users\Drew\Documents\My Web Sites\BeyerdynamicHeadphone\T70_3small.jpg --> moon-audio.com /drubrew T70_3small.jpg
2011.07.24 14:32 B C:\Users\Drew\Documents\My Web Sites\BeyerdynamicHeadphone\A1.jpg --> moon-audio.com /BeyerdynamicHeadphone A1.jpg
2011.07.24 14:32 B C:\Users\Drew\Documents\My Web Sites\BeyerdynamicHeadphone\A1_02.jpg --> moon-audio.com /BeyerdynamicHeadphone A1_02.jpg
2011.07.24 14:32 B C:\Users\Drew\Documents\My Web Sites\BeyerdynamicHeadphone\A1_03.jpg --> moon-audio.com /BeyerdynamicHeadphone A1_03.jpg
2011.07.24 14:32 B C:\Users\Drew\Documents\My Web Sites\BeyerdynamicHeadphone\A1_Nextel_front_3c.jpg --> moon-audio.com /BeyerdynamicHeadphone A1_Nextel_front_3c.jpg
2011.07.24 14:32 B C:\Users\Drew\Documents\My Web Sites\BeyerdynamicHeadphone\A1_Nextel_seite_3c.jpg --> moon-audio.com /BeyerdynamicHeadphone A1_Nextel_seite_3c.jpg
2011.07.24 14:32 B C:\Users\Drew\Documents\My Web Sites\BeyerdynamicHeadphone\beyerdynamic Tesla 1 Premium T1 aug 09_jpg v3.jpg --> moon-audio.com /BeyerdynamicHeadphone beyerdynamic Tesla 1 Premium T1 aug 09_jpg v3.jpg
2011.07.24 14:33 B C:\Users\Drew\Documents\My Web Sites\BeyerdynamicHeadphone\Beyerdynamic_T1_1.jpg --> moon-audio.com /BeyerdynamicHeadphone Beyerdynamic_T1_1.jpg
2011.07.24 14:33 B C:\Users\Drew\Documents\My Web Sites\BeyerdynamicHeadphone\Beyerdynamic_T1_2.jpg --> moon-audio.com /BeyerdynamicHeadphone Beyerdynamic_T1_2.jpg
2011.07.24 14:33 B C:\Users\Drew\Documents\My Web Sites\BeyerdynamicHeadphone\Beyerdynamic_T1_3.jpg --> moon-audio.com /BeyerdynamicHeadphone Beyerdynamic_T1_3.jpg
2011.07.24 14:33 B C:\Users\Drew\Documents\My Web Sites\BeyerdynamicHeadphone\Beyerdynamic_T1_BlackD_1.jpg --> moon-audio.com /BeyerdynamicHeadphone Beyerdynamic_T1_BlackD_1.jpg
2011.07.24 14:33 B C:\Users\Drew\Documents\My Web Sites\BeyerdynamicHeadphone\Beyerdynamic_T1_BlackD_1_small.jpg --> moon-audio.com /BeyerdynamicHeadphone Beyerdynamic_T1_BlackD_1_small.jpg
2011.07.24 14:33 B C:\Users\Drew\Documents\My Web Sites\BeyerdynamicHeadphone\Beyerdynamic_T1_BlackD_2.jpg --> moon-audio.com /BeyerdynamicHeadphone Beyerdynamic_T1_BlackD_2.jpg
2011.07.24 14:33 B C:\Users\Drew\Documents\My Web Sites\BeyerdynamicHeadphone\beyerdynamic_T50P_1.jpg --> moon-audio.com /BeyerdynamicHeadphone beyerdynamic_T50P_1.jpg
2011.07.24 14:33 B C:\Users\Drew\Documents\My Web Sites\BeyerdynamicHeadphone\beyerdynamic_T50P_1_small.jpg --> moon-audio.com /BeyerdynamicHeadphone beyerdynamic_T50P_1_small.jpg
2011.07.24 14:33 B C:\Users\Drew\Documents\My Web Sites\BeyerdynamicHeadphone\beyerdynamic_T50P_2.jpg --> moon-audio.com /BeyerdynamicHeadphone beyerdynamic_T50P_2.jpg
2011.07.24 14:33 B C:\Users\Drew\Documents\My Web Sites\BeyerdynamicHeadphone\beyerdynamic_T50P_2_small.jpg --> moon-audio.com /BeyerdynamicHeadphone beyerdynamic_T50P_2_small.jpg
2011.07.24 14:33 B C:\Users\Drew\Documents\My Web Sites\BeyerdynamicHeadphone\beyerdynamic_T50P_3.jpg --> moon-audio.com /BeyerdynamicHeadphone beyerdynamic_T50P_3.jpg
2011.07.24 14:33 B C:\Users\Drew\Documents\My Web Sites\BeyerdynamicHeadphone\beyerdynamic_T50P_3_small.jpg --> moon-audio.com /BeyerdynamicHeadphone beyerdynamic_T50P_3_small.jpg
2011.07.24 14:33 B C:\Users\Drew\Documents\My Web Sites\BeyerdynamicHeadphone\beyerdynamic_T50P_4.jpg --> moon-audio.com /BeyerdynamicHeadphone beyerdynamic_T50P_4.jpg
2011.07.24 14:33 B C:\Users\Drew\Documents\My Web Sites\BeyerdynamicHeadphone\beyerdynamic_T50P_4_small.jpg --> moon-audio.com /BeyerdynamicHeadphone beyerdynamic_T50P_4_small.jpg
2011.07.24 14:33 B C:\Users\Drew\Documents\My Web Sites\BeyerdynamicHeadphone\beyerdynamic_T50P_BlueDragon_1.jpg --> moon-audio.com /BeyerdynamicHeadphone beyerdynamic_T50P_BlueDragon_1.jpg
2011.07.24 14:33 B C:\Users\Drew\Documents\My Web Sites\BeyerdynamicHeadphone\beyerdynamic_T50P_BlueDragon_small_1.jpg --> moon-audio.com /BeyerdynamicHeadphone beyerdynamic_T50P_BlueDragon_small_1.jpg
2011.07.24 14:33 B C:\Users\Drew\Documents\My Web Sites\BeyerdynamicHeadphone\beyerdynamic_T5p_BlueDragon_1.jpg --> moon-audio.com /BeyerdynamicHeadphone beyerdynamic_T5p_BlueDragon_1.jpg
2011.07.24 14:33 B C:\Users\Drew\Documents\My Web Sites\BeyerdynamicHeadphone\beyerdynamic_T5p_BlueDragon_small_1.jpg --> moon-audio.com /BeyerdynamicHeadphone beyerdynamic_T5p_BlueDragon_small_1.jpg
2011.07.24 14:33 B C:\Users\Drew\Documents\My Web Sites\BeyerdynamicHeadphone\beyerdynamic_T5p_Large.jpg --> moon-audio.com /BeyerdynamicHeadphone beyerdynamic_T5p_Large.jpg
2011.07.24 14:33 B C:\Users\Drew\Documents\My Web Sites\BeyerdynamicHeadphone\beyerdynamic_T5p_SilverDragon_1.jpg --> moon-audio.com /BeyerdynamicHeadphone beyerdynamic_T5p_SilverDragon_1.jpg
2011.07.24 14:33 B C:\Users\Drew\Documents\My Web Sites\BeyerdynamicHeadphone\beyerdynamic_T5p_SilverDragon_small_1.jpg --> moon-audio.com /BeyerdynamicHeadphone beyerdynamic_T5p_SilverDragon_small_1.jpg
2011.07.24 14:33 B C:\Users\Drew\Documents\My Web Sites\BeyerdynamicHeadphone\beyerdynamic_T5p_small.jpg --> moon-audio.com /BeyerdynamicHeadphone beyerdynamic_T5p_small.jpg
2011.07.24 14:33 B C:\Users\Drew\Documents\My Web Sites\BeyerdynamicHeadphone\BeyerdynamicT1Large.jpg --> moon-audio.com /BeyerdynamicHeadphone BeyerdynamicT1Large.jpg
2011.07.24 14:33 B C:\Users\Drew\Documents\My Web Sites\BeyerdynamicHeadphone\BeyerdynamicT1small.jpg --> moon-audio.com /BeyerdynamicHeadphone BeyerdynamicT1small.jpg
2011.07.24 14:33 B C:\Users\Drew\Documents\My Web Sites\BeyerdynamicHeadphone\beyerdynamicteslaproductsupdateapril2010.zip --> moon-audio.com /BeyerdynamicHeadphone beyerdynamicteslaproductsupdateapril2010.zip
2011.07.24 14:33 B C:\Users\Drew\Documents\My Web Sites\BeyerdynamicHeadphone\DT235.jpg --> moon-audio.com /BeyerdynamicHeadphone DT235.jpg
2011.07.24 14:33 B C:\Users\Drew\Documents\My Web Sites\BeyerdynamicHeadphone\DT770 Moon 1.jpg --> moon-audio.com /BeyerdynamicHeadphone DT770 Moon 1.jpg
2011.07.24 14:33 B C:\Users\Drew\Documents\My Web Sites\BeyerdynamicHeadphone\DT770 Moon 10.jpg --> moon-audio.com /BeyerdynamicHeadphone DT770 Moon 10.jpg
2011.07.24 14:33 B C:\Users\Drew\Documents\My Web Sites\BeyerdynamicHeadphone\DT770 Moon 11.jpg --> moon-audio.com /BeyerdynamicHeadphone DT770 Moon 11.jpg
2011.07.24 14:33 B C:\Users\Drew\Documents\My Web Sites\BeyerdynamicHeadphone\DT770 Moon 2.jpg --> moon-audio.com /BeyerdynamicHeadphone DT770 Moon 2.jpg
2011.07.24 14:33 B C:\Users\Drew\Documents\My Web Sites\BeyerdynamicHeadphone\DT770 Moon 3.jpg --> moon-audio.com /BeyerdynamicHeadphone DT770 Moon 3.jpg
2011.07.24 14:33 B C:\Users\Drew\Documents\My Web Sites\BeyerdynamicHeadphone\DT770 Moon 4.jpg --> moon-audio.com /BeyerdynamicHeadphone DT770 Moon 4.jpg
2011.07.24 14:33 B C:\Users\Drew\Documents\My Web Sites\BeyerdynamicHeadphone\DT770 Moon 5.jpg --> moon-audio.com /BeyerdynamicHeadphone DT770 Moon 5.jpg
2011.07.24 14:33 B C:\Users\Drew\Documents\My Web Sites\BeyerdynamicHeadphone\DT770 Moon 6.jpg --> moon-audio.com /BeyerdynamicHeadphone DT770 Moon 6.jpg
2011.07.24 14:34 B C:\Users\Drew\Documents\My Web Sites\BeyerdynamicHeadphone\DT770 Moon 7.jpg --> moon-audio.com /BeyerdynamicHeadphone DT770 Moon 7.jpg
2011.07.24 14:34 B C:\Users\Drew\Documents\My Web Sites\BeyerdynamicHeadphone\DT770 Moon 9.jpg --> moon-audio.com /BeyerdynamicHeadphone DT770 Moon 9.jpg
2011.07.24 14:34 B C:\Users\Drew\Documents\My Web Sites\BeyerdynamicHeadphone\DT770.bmp --> moon-audio.com /BeyerdynamicHeadphone DT770.bmp
2011.07.24 14:34 B C:\Users\Drew\Documents\My Web Sites\BeyerdynamicHeadphone\DT770.jpg --> moon-audio.com /BeyerdynamicHeadphone DT770.jpg
2011.07.24 14:34 B C:\Users\Drew\Documents\My Web Sites\BeyerdynamicHeadphone\DT860.bmp --> moon-audio.com /BeyerdynamicHeadphone DT860.bmp
2011.07.24 14:34 B C:\Users\Drew\Documents\My Web Sites\BeyerdynamicHeadphone\DT860.jpg --> moon-audio.com /BeyerdynamicHeadphone DT860.jpg
2011.07.24 14:34 B C:\Users\Drew\Documents\My Web Sites\BeyerdynamicHeadphone\DT880 Moon 1.jpg --> moon-audio.com /BeyerdynamicHeadphone DT880 Moon 1.jpg
2011.07.24 14:34 B C:\Users\Drew\Documents\My Web Sites\BeyerdynamicHeadphone\DT880 Moon 10.jpg --> moon-audio.com /BeyerdynamicHeadphone DT880 Moon 10.jpg
2011.07.24 14:34 B C:\Users\Drew\Documents\My Web Sites\BeyerdynamicHeadphone\DT880 Moon 2.jpg --> moon-audio.com /BeyerdynamicHeadphone DT880 Moon 2.jpg
2011.07.24 14:34 B C:\Users\Drew\Documents\My Web Sites\BeyerdynamicHeadphone\DT880 Moon 4.jpg --> moon-audio.com /BeyerdynamicHeadphone DT880 Moon 4.jpg
2011.07.24 14:34 B C:\Users\Drew\Documents\My Web Sites\BeyerdynamicHeadphone\DT880 Moon 5.jpg --> moon-audio.com /BeyerdynamicHeadphone DT880 Moon 5.jpg
2011.07.24 14:34 B C:\Users\Drew\Documents\My Web Sites\BeyerdynamicHeadphone\DT880 Moon 6.jpg --> moon-audio.com /BeyerdynamicHeadphone DT880 Moon 6.jpg
2011.07.24 14:34 B C:\Users\Drew\Documents\My Web Sites\BeyerdynamicHeadphone\DT880 Moon 7.jpg --> moon-audio.com /BeyerdynamicHeadphone DT880 Moon 7.jpg
2011.07.24 14:34 B C:\Users\Drew\Documents\My Web Sites\BeyerdynamicHeadphone\DT880 Moon 8.jpg --> moon-audio.com /BeyerdynamicHeadphone DT880 Moon 8.jpg
2011.07.24 14:34 B C:\Users\Drew\Documents\My Web Sites\BeyerdynamicHeadphone\DT880 Moon 9.jpg --> moon-audio.com /BeyerdynamicHeadphone DT880 Moon 9.jpg
2011.07.24 14:34 B C:\Users\Drew\Documents\My Web Sites\BeyerdynamicHeadphone\DT880 Moon Audio.jpg --> moon-audio.com /BeyerdynamicHeadphone DT880 Moon Audio.jpg
2011.07.24 14:34 B C:\Users\Drew\Documents\My Web Sites\BeyerdynamicHeadphone\DT880.bmp --> moon-audio.com /BeyerdynamicHeadphone DT880.bmp
2011.07.24 14:34 B C:\Users\Drew\Documents\My Web Sites\BeyerdynamicHeadphone\DT880.jpg --> moon-audio.com /BeyerdynamicHeadphone DT880.jpg
2011.07.24 14:34 B C:\Users\Drew\Documents\My Web Sites\BeyerdynamicHeadphone\DT880Moon1_small.jpg --> moon-audio.com /BeyerdynamicHeadphone DT880Moon1_small.jpg
2011.07.24 14:34 B C:\Users\Drew\Documents\My Web Sites\BeyerdynamicHeadphone\DT880Moon8small.jpg --> moon-audio.com /BeyerdynamicHeadphone DT880Moon8small.jpg
2011.07.24 14:34 B C:\Users\Drew\Documents\My Web Sites\BeyerdynamicHeadphone\DT880PRO.bmp --> moon-audio.com /BeyerdynamicHeadphone DT880PRO.bmp
2011.07.24 14:34 B C:\Users\Drew\Documents\My Web Sites\BeyerdynamicHeadphone\DT880PRO.jpg --> moon-audio.com /BeyerdynamicHeadphone DT880PRO.jpg
2011.07.24 14:34 B C:\Users\Drew\Documents\My Web Sites\BeyerdynamicHeadphone\DT880wBlueDragonMod1.jpg --> moon-audio.com /BeyerdynamicHeadphone DT880wBlueDragonMod1.jpg
2011.07.24 14:34 B C:\Users\Drew\Documents\My Web Sites\BeyerdynamicHeadphone\DT880wBlueDragonMod2.jpg --> moon-audio.com /BeyerdynamicHeadphone DT880wBlueDragonMod2.jpg
2011.07.24 14:34 B C:\Users\Drew\Documents\My Web Sites\BeyerdynamicHeadphone\DT880wBlueDragonMod3.jpg --> moon-audio.com /BeyerdynamicHeadphone DT880wBlueDragonMod3.jpg
2011.07.24 14:34 B C:\Users\Drew\Documents\My Web Sites\BeyerdynamicHeadphone\DT880wBlueDragonMod4.jpg --> moon-audio.com /BeyerdynamicHeadphone DT880wBlueDragonMod4.jpg
2011.07.24 14:34 B C:\Users\Drew\Documents\My Web Sites\BeyerdynamicHeadphone\DT880wSilverDragonModXLR1.jpg --> moon-audio.com /BeyerdynamicHeadphone DT880wSilverDragonModXLR1.jpg
2011.07.24 14:34 B C:\Users\Drew\Documents\My Web Sites\BeyerdynamicHeadphone\DT880wSilverDragonModXLR2.jpg --> moon-audio.com /BeyerdynamicHeadphone DT880wSilverDragonModXLR2.jpg
2011.07.24 14:34 B C:\Users\Drew\Documents\My Web Sites\BeyerdynamicHeadphone\DT990 Black Dragon 1.jpg --> moon-audio.com /BeyerdynamicHeadphone DT990 Black Dragon 1.jpg
2011.07.24 14:34 B C:\Users\Drew\Documents\My Web Sites\BeyerdynamicHeadphone\DT990 Black Dragon small 1.jpg --> moon-audio.com /BeyerdynamicHeadphone DT990 Black Dragon small 1.jpg
2011.07.24 14:34 B C:\Users\Drew\Documents\My Web Sites\BeyerdynamicHeadphone\DT990 Moon 1.jpg --> moon-audio.com /BeyerdynamicHeadphone DT990 Moon 1.jpg
2011.07.24 14:34 B C:\Users\Drew\Documents\My Web Sites\BeyerdynamicHeadphone\DT990 Moon 10.jpg --> moon-audio.com /BeyerdynamicHeadphone DT990 Moon 10.jpg
2011.07.24 14:34 B C:\Users\Drew\Documents\My Web Sites\BeyerdynamicHeadphone\DT990 Moon 11.jpg --> moon-audio.com /BeyerdynamicHeadphone DT990 Moon 11.jpg
2011.07.24 14:34 B C:\Users\Drew\Documents\My Web Sites\BeyerdynamicHeadphone\DT990 Moon 2.jpg --> moon-audio.com /BeyerdynamicHeadphone DT990 Moon 2.jpg
2011.07.24 14:34 B C:\Users\Drew\Documents\My Web Sites\BeyerdynamicHeadphone\DT990 Moon 3.jpg --> moon-audio.com /BeyerdynamicHeadphone DT990 Moon 3.jpg
2011.07.24 14:34 B C:\Users\Drew\Documents\My Web Sites\BeyerdynamicHeadphone\DT990 Moon 4.jpg --> moon-audio.com /BeyerdynamicHeadphone DT990 Moon 4.jpg
2011.07.24 14:34 B C:\Users\Drew\Documents\My Web Sites\BeyerdynamicHeadphone\DT990 Moon 6.jpg --> moon-audio.com /BeyerdynamicHeadphone DT990 Moon 6.jpg
2011.07.24 14:35 B C:\Users\Drew\Documents\My Web Sites\BeyerdynamicHeadphone\DT990 Moon 7.jpg --> moon-audio.com /BeyerdynamicHeadphone DT990 Moon 7.jpg
2011.07.24 14:35 B C:\Users\Drew\Documents\My Web Sites\BeyerdynamicHeadphone\DT990 Moon 8.jpg --> moon-audio.com /BeyerdynamicHeadphone DT990 Moon 8.jpg
2011.07.24 14:35 B C:\Users\Drew\Documents\My Web Sites\BeyerdynamicHeadphone\DT990 Moon 9.jpg --> moon-audio.com /BeyerdynamicHeadphone DT990 Moon 9.jpg
2011.07.24 14:35 B C:\Users\Drew\Documents\My Web Sites\BeyerdynamicHeadphone\DT990 Moon Audio.jpg --> moon-audio.com /BeyerdynamicHeadphone DT990 Moon Audio.jpg
2011.07.24 14:35 B C:\Users\Drew\Documents\My Web Sites\BeyerdynamicHeadphone\DT990.bmp --> moon-audio.com /BeyerdynamicHeadphone DT990.bmp
2011.07.24 14:35 B C:\Users\Drew\Documents\My Web Sites\BeyerdynamicHeadphone\DT990.jpg --> moon-audio.com /BeyerdynamicHeadphone DT990.jpg
2011.07.24 14:35 B C:\Users\Drew\Documents\My Web Sites\BeyerdynamicHeadphone\DT990Moon3small.jpg --> moon-audio.com /BeyerdynamicHeadphone DT990Moon3small.jpg
2011.07.24 14:35 B C:\Users\Drew\Documents\My Web Sites\BeyerdynamicHeadphone\DTX100.jpg --> moon-audio.com /BeyerdynamicHeadphone DTX100.jpg
2011.07.24 14:35 B C:\Users\Drew\Documents\My Web Sites\BeyerdynamicHeadphone\header_t70.jpg --> moon-audio.com /BeyerdynamicHeadphone header_t70.jpg
2011.07.24 14:35 B C:\Users\Drew\Documents\My Web Sites\BeyerdynamicHeadphone\Headzone_Home_Set_Verlauf_01.jpg --> moon-audio.com /BeyerdynamicHeadphone Headzone_Home_Set_Verlauf_01.jpg
2011.07.24 14:35 B C:\Users\Drew\Documents\My Web Sites\BeyerdynamicHeadphone\Headzone_Home_Set_Verlauf_02.jpg --> moon-audio.com /BeyerdynamicHeadphone Headzone_Home_Set_Verlauf_02.jpg
2011.07.24 14:35 B C:\Users\Drew\Documents\My Web Sites\BeyerdynamicHeadphone\HeadzoneKopfh_rerDT880_01.jpg --> moon-audio.com /BeyerdynamicHeadphone HeadzoneKopfh_rerDT880_01.jpg
2011.07.24 14:35 B C:\Users\Drew\Documents\My Web Sites\BeyerdynamicHeadphone\HeadzoneKopfh_rerDT880_02.jpg --> moon-audio.com /BeyerdynamicHeadphone HeadzoneKopfh_rerDT880_02.jpg
2011.07.24 14:35 B C:\Users\Drew\Documents\My Web Sites\BeyerdynamicHeadphone\HeadzoneProzessor_02.jpg --> moon-audio.com /BeyerdynamicHeadphone HeadzoneProzessor_02.jpg
2011.07.24 14:37 B C:\Users\Drew\Documents\My Web Sites\BeyerdynamicHeadphone\images.zip --> moon-audio.com /BeyerdynamicHeadphone images.zip
2011.07.24 14:37 B C:\Users\Drew\Documents\My Web Sites\BeyerdynamicHeadphone\IMG_0307.jpg --> moon-audio.com /BeyerdynamicHeadphone IMG_0307.jpg
2011.07.24 14:37 B C:\Users\Drew\Documents\My Web Sites\BeyerdynamicHeadphone\IMG_0311.jpg --> moon-audio.com /BeyerdynamicHeadphone IMG_0311.jpg
2011.07.24 14:37 B C:\Users\Drew\Documents\My Web Sites\BeyerdynamicHeadphone\IMG_0313.jpg --> moon-audio.com /BeyerdynamicHeadphone IMG_0313.jpg
2011.07.24 14:37 B C:\Users\Drew\Documents\My Web Sites\BeyerdynamicHeadphone\IMG_0315.jpg --> moon-audio.com /BeyerdynamicHeadphone IMG_0315.jpg
2011.07.24 14:38 B C:\Users\Drew\Documents\My Web Sites\BeyerdynamicHeadphone\IMG_0316.jpg --> moon-audio.com /BeyerdynamicHeadphone IMG_0316.jpg
2011.07.24 14:38 B C:\Users\Drew\Documents\My Web Sites\BeyerdynamicHeadphone\IMG_4645_neu.jpg --> moon-audio.com /BeyerdynamicHeadphone IMG_4645_neu.jpg
2011.07.24 14:38 B C:\Users\Drew\Documents\My Web Sites\BeyerdynamicHeadphone\IMG_4656.jpg --> moon-audio.com /BeyerdynamicHeadphone IMG_4656.jpg
2011.07.24 14:38 B C:\Users\Drew\Documents\My Web Sites\BeyerdynamicHeadphone\IMG_4679_neu_2.jpg --> moon-audio.com /BeyerdynamicHeadphone IMG_4679_neu_2.jpg
2011.07.24 14:38 B C:\Users\Drew\Documents\My Web Sites\BeyerdynamicHeadphone\IMG_4685_neu_2.jpg --> moon-audio.com /BeyerdynamicHeadphone IMG_4685_neu_2.jpg
2011.07.24 14:38 B C:\Users\Drew\Documents\My Web Sites\BeyerdynamicHeadphone\IMG_4693_neu_2.jpg --> moon-audio.com /BeyerdynamicHeadphone IMG_4693_neu_2.jpg
2011.07.24 14:38 B C:\Users\Drew\Documents\My Web Sites\BeyerdynamicHeadphone\IMG_4698_neu_2.jpg --> moon-audio.com /BeyerdynamicHeadphone IMG_4698_neu_2.jpg
2011.07.24 14:38 B C:\Users\Drew\Documents\My Web Sites\BeyerdynamicHeadphone\logo.jpg --> moon-audio.com /BeyerdynamicHeadphone logo.jpg
2011.07.24 14:38 B C:\Users\Drew\Documents\My Web Sites\BeyerdynamicHeadphone\ModBeyerDT770 1.jpg --> moon-audio.com /BeyerdynamicHeadphone ModBeyerDT770 1.jpg
2011.07.24 14:38 B C:\Users\Drew\Documents\My Web Sites\BeyerdynamicHeadphone\ModBeyerDT770 2.jpg --> moon-audio.com /BeyerdynamicHeadphone ModBeyerDT770 2.jpg
2011.07.24 14:38 B C:\Users\Drew\Documents\My Web Sites\BeyerdynamicHeadphone\ModBeyerDT880 1.jpg --> moon-audio.com /BeyerdynamicHeadphone ModBeyerDT880 1.jpg
2011.07.24 14:38 B C:\Users\Drew\Documents\My Web Sites\BeyerdynamicHeadphone\ModBeyerDT880 2.jpg --> moon-audio.com /BeyerdynamicHeadphone ModBeyerDT880 2.jpg
2011.07.24 14:38 B C:\Users\Drew\Documents\My Web Sites\BeyerdynamicHeadphone\ModBeyerDT880 3.jpg --> moon-audio.com /BeyerdynamicHeadphone ModBeyerDT880 3.jpg
2011.07.24 14:38 B C:\Users\Drew\Documents\My Web Sites\BeyerdynamicHeadphone\ModBeyerDT990 1.jpg --> moon-audio.com /BeyerdynamicHeadphone ModBeyerDT990 1.jpg
2011.07.24 14:38 B C:\Users\Drew\Documents\My Web Sites\BeyerdynamicHeadphone\ModBeyerDT990Pro1.jpg --> moon-audio.com /BeyerdynamicHeadphone ModBeyerDT990Pro1.jpg
2011.07.24 14:38 B C:\Users\Drew\Documents\My Web Sites\BeyerdynamicHeadphone\ModDT770-1.jpg --> moon-audio.com /BeyerdynamicHeadphone ModDT770-1.jpg
2011.07.24 14:38 B C:\Users\Drew\Documents\My Web Sites\BeyerdynamicHeadphone\ModDT770-2.jpg --> moon-audio.com /BeyerdynamicHeadphone ModDT770-2.jpg
2011.07.24 14:38 B C:\Users\Drew\Documents\My Web Sites\BeyerdynamicHeadphone\ModDT770-3.jpg --> moon-audio.com /BeyerdynamicHeadphone ModDT770-3.jpg
2011.07.24 14:38 B C:\Users\Drew\Documents\My Web Sites\BeyerdynamicHeadphone\ModDT770-4.jpg --> moon-audio.com /BeyerdynamicHeadphone ModDT770-4.jpg
2011.07.24 14:38 B C:\Users\Drew\Documents\My Web Sites\BeyerdynamicHeadphone\ModDT880-1.jpg --> moon-audio.com /BeyerdynamicHeadphone ModDT880-1.jpg
2011.07.24 14:38 B C:\Users\Drew\Documents\My Web Sites\BeyerdynamicHeadphone\ModDT990Pro1.jpg --> moon-audio.com /BeyerdynamicHeadphone ModDT990Pro1.jpg
2011.07.24 14:38 B C:\Users\Drew\Documents\My Web Sites\BeyerdynamicHeadphone\ModDT990Pro2.jpg --> moon-audio.com /BeyerdynamicHeadphone ModDT990Pro2.jpg
2011.07.24 14:38 B C:\Users\Drew\Documents\My Web Sites\BeyerdynamicHeadphone\ModDT990Special1.jpg --> moon-audio.com /BeyerdynamicHeadphone ModDT990Special1.jpg
2011.07.24 14:38 B C:\Users\Drew\Documents\My Web Sites\BeyerdynamicHeadphone\ModDT990Special2.jpg --> moon-audio.com /BeyerdynamicHeadphone ModDT990Special2.jpg
2011.07.24 14:38 B C:\Users\Drew\Documents\My Web Sites\BeyerdynamicHeadphone\T5.jpg --> moon-audio.com /BeyerdynamicHeadphone T5.jpg
2011.07.24 14:38 B C:\Users\Drew\Documents\My Web Sites\BeyerdynamicHeadphone\t5p 77 x 100.jpg --> moon-audio.com /BeyerdynamicHeadphone t5p 77 x 100.jpg
2011.07.24 14:38 B C:\Users\Drew\Documents\My Web Sites\BeyerdynamicHeadphone\T5p big.jpg --> moon-audio.com /BeyerdynamicHeadphone T5p big.jpg
2011.07.24 14:39 B C:\Users\Drew\Documents\My Web Sites\BeyerdynamicHeadphone\T5p_Case_2_3c.jpg --> moon-audio.com /BeyerdynamicHeadphone T5p_Case_2_3c.jpg
2011.07.24 14:39 B C:\Users\Drew\Documents\My Web Sites\BeyerdynamicHeadphone\T5p_Case_3c.jpg --> moon-audio.com /BeyerdynamicHeadphone T5p_Case_3c.jpg
2011.07.24 14:39 B C:\Users\Drew\Documents\My Web Sites\BeyerdynamicHeadphone\T5p_Case_small1.jpg --> moon-audio.com /BeyerdynamicHeadphone T5p_Case_small1.jpg
2011.07.24 14:39 B C:\Users\Drew\Documents\My Web Sites\BeyerdynamicHeadphone\T5p_Case_small2.jpg --> moon-audio.com /BeyerdynamicHeadphone T5p_Case_small2.jpg
2011.07.24 14:39 B C:\Users\Drew\Documents\My Web Sites\BeyerdynamicHeadphone\T5p_front_3c.jpg --> moon-audio.com /BeyerdynamicHeadphone T5p_front_3c.jpg
2011.07.24 14:39 B C:\Users\Drew\Documents\My Web Sites\BeyerdynamicHeadphone\T5p_side_3c.jpg --> moon-audio.com /BeyerdynamicHeadphone T5p_side_3c.jpg
2011.07.24 14:39 B C:\Users\Drew\Documents\My Web Sites\BeyerdynamicHeadphone\T5p_Wandler_3c.jpg --> moon-audio.com /BeyerdynamicHeadphone T5p_Wandler_3c.jpg
2011.07.24 14:39 B C:\Users\Drew\Documents\My Web Sites\BeyerdynamicHeadphone\T5p_Wandler_small.jpg --> moon-audio.com /BeyerdynamicHeadphone T5p_Wandler_small.jpg
2011.07.24 14:39 B C:\Users\Drew\Documents\My Web Sites\BeyerdynamicHeadphone\t70-front.jpg --> moon-audio.com /BeyerdynamicHeadphone t70-front.jpg
2011.07.24 14:39 B C:\Users\Drew\Documents\My Web Sites\BeyerdynamicHeadphone\t70-seite.jpg --> moon-audio.com /BeyerdynamicHeadphone t70-seite.jpg
2011.07.24 14:39 B C:\Users\Drew\Documents\My Web Sites\BeyerdynamicHeadphone\t70-tesla.jpg --> moon-audio.com /BeyerdynamicHeadphone t70-tesla.jpg
2011.07.24 14:39 B C:\Users\Drew\Documents\My Web Sites\BeyerdynamicHeadphone\t70-tesla2.jpg --> moon-audio.com /BeyerdynamicHeadphone t70-tesla2.jpg
2011.07.24 14:39 B C:\Users\Drew\Documents\My Web Sites\BeyerdynamicHeadphone\T70_1small.jpg --> moon-audio.com /BeyerdynamicHeadphone T70_1small.jpg
2011.07.24 14:39 B C:\Users\Drew\Documents\My Web Sites\BeyerdynamicHeadphone\T70_2small.jpg --> moon-audio.com /BeyerdynamicHeadphone T70_2small.jpg
2011.07.24 14:39 B C:\Users\Drew\Documents\My Web Sites\BeyerdynamicHeadphone\T70_3small.jpg --> moon-audio.com /BeyerdynamicHeadphone T70_3small.jpg
2011.07.24 14:39 B C:\Users\Drew\Documents\My Web Sites\BeyerdynamicHeadphone\T70p_driver.jpg --> moon-audio.com /BeyerdynamicHeadphone T70p_driver.jpg
2011.07.24 14:39 B C:\Users\Drew\Documents\My Web Sites\BeyerdynamicHeadphone\T70p_side_3_comp.jpg --> moon-audio.com /BeyerdynamicHeadphone T70p_side_3_comp.jpg
2011.07.24 14:39 B C:\Users\Drew\Documents\My Web Sites\BeyerdynamicHeadphone\Thumbs.db --> moon-audio.com /BeyerdynamicHeadphone Thumbs.db
