2008.10.27 18:28 B C:\Users\Drew\My Webs\Ultrasone\Ultrasone Edition 9 1.jpg --> www.moon-audio.com /drubrew/Ultrasone Ultrasone Edition 9 1.jpg
2008.10.27 18:28 B C:\Users\Drew\My Webs\Ultrasone\Ultrasone Edition 9 2.jpg --> www.moon-audio.com /drubrew/Ultrasone Ultrasone Edition 9 2.jpg
2008.10.27 18:28 B C:\Users\Drew\My Webs\Ultrasone\Ultrasone Edition 9 4.jpg --> www.moon-audio.com /drubrew/Ultrasone Ultrasone Edition 9 4.jpg
2008.10.27 18:28 B C:\Users\Drew\My Webs\Ultrasone\Ultrasone Edition9-3.jpg --> www.moon-audio.com /drubrew/Ultrasone Ultrasone Edition9-3.jpg
2008.10.27 18:28 B C:\Users\Drew\My Webs\Ultrasone\Ultrasone HFI-2200 1.jpg --> www.moon-audio.com /drubrew/Ultrasone Ultrasone HFI-2200 1.jpg
2008.10.27 18:28 B C:\Users\Drew\My Webs\Ultrasone\Ultrasone HFI-2200 2.jpg --> www.moon-audio.com /drubrew/Ultrasone Ultrasone HFI-2200 2.jpg
2008.10.27 18:28 B C:\Users\Drew\My Webs\Ultrasone\Ultrasone HFI-2200 3.jpg --> www.moon-audio.com /drubrew/Ultrasone Ultrasone HFI-2200 3.jpg
2008.10.27 18:28 B C:\Users\Drew\My Webs\Ultrasone\Ultrasone HFI-2200 4.jpg --> www.moon-audio.com /drubrew/Ultrasone Ultrasone HFI-2200 4.jpg
2008.10.27 18:28 B C:\Users\Drew\My Webs\Ultrasone\Ultrasone HFI-580 1.jpg --> www.moon-audio.com /drubrew/Ultrasone Ultrasone HFI-580 1.jpg
2008.10.27 18:28 B C:\Users\Drew\My Webs\Ultrasone\Ultrasone HFI-580 2.jpg --> www.moon-audio.com /drubrew/Ultrasone Ultrasone HFI-580 2.jpg
2008.10.27 18:28 B C:\Users\Drew\My Webs\Ultrasone\Ultrasone HFI-580 3.jpg --> www.moon-audio.com /drubrew/Ultrasone Ultrasone HFI-580 3.jpg
2008.10.27 18:28 B C:\Users\Drew\My Webs\Ultrasone\Ultrasone HFI-580 4.jpg --> www.moon-audio.com /drubrew/Ultrasone Ultrasone HFI-580 4.jpg
2008.10.27 18:28 B C:\Users\Drew\My Webs\Ultrasone\Ultrasone HFI-680 1.jpg --> www.moon-audio.com /drubrew/Ultrasone Ultrasone HFI-680 1.jpg
2008.10.27 18:28 B C:\Users\Drew\My Webs\Ultrasone\Ultrasone HFI-680 2.jpg --> www.moon-audio.com /drubrew/Ultrasone Ultrasone HFI-680 2.jpg
2008.10.27 18:28 B C:\Users\Drew\My Webs\Ultrasone\Ultrasone HFI-680 3.jpg --> www.moon-audio.com /drubrew/Ultrasone Ultrasone HFI-680 3.jpg
2008.10.27 18:28 B C:\Users\Drew\My Webs\Ultrasone\Ultrasone HFI-680 4.jpg --> www.moon-audio.com /drubrew/Ultrasone Ultrasone HFI-680 4.jpg
2008.10.27 18:28 B C:\Users\Drew\My Webs\Ultrasone\Ultrasone HFI-780 1.jpg --> www.moon-audio.com /drubrew/Ultrasone Ultrasone HFI-780 1.jpg
2008.10.27 18:28 B C:\Users\Drew\My Webs\Ultrasone\Ultrasone HFI-780 2.jpg --> www.moon-audio.com /drubrew/Ultrasone Ultrasone HFI-780 2.jpg
2008.10.27 18:28 B C:\Users\Drew\My Webs\Ultrasone\Ultrasone HFI-780 3.jpg --> www.moon-audio.com /drubrew/Ultrasone Ultrasone HFI-780 3.jpg
2008.10.27 18:28 B C:\Users\Drew\My Webs\Ultrasone\Ultrasone HFI-780 4.jpg --> www.moon-audio.com /drubrew/Ultrasone Ultrasone HFI-780 4.jpg
2008.10.27 18:28 B C:\Users\Drew\My Webs\Ultrasone\Ultrasone logo.jpg --> www.moon-audio.com /drubrew/Ultrasone Ultrasone logo.jpg
2008.10.27 18:28 B C:\Users\Drew\My Webs\Ultrasone\Ultrasone PRO-2500 1.jpg --> www.moon-audio.com /drubrew/Ultrasone Ultrasone PRO-2500 1.jpg
2008.10.27 18:28 B C:\Users\Drew\My Webs\Ultrasone\Ultrasone PRO-2500 2.jpg --> www.moon-audio.com /drubrew/Ultrasone Ultrasone PRO-2500 2.jpg
2008.10.27 18:28 B C:\Users\Drew\My Webs\Ultrasone\Ultrasone PRO-2500 3.jpg --> www.moon-audio.com /drubrew/Ultrasone Ultrasone PRO-2500 3.jpg
2008.10.27 18:28 B C:\Users\Drew\My Webs\Ultrasone\Ultrasone PRO-2500 4.jpg --> www.moon-audio.com /drubrew/Ultrasone Ultrasone PRO-2500 4.jpg
2008.10.27 18:28 B C:\Users\Drew\My Webs\Ultrasone\Ultrasone PRO-750 1.jpg --> www.moon-audio.com /drubrew/Ultrasone Ultrasone PRO-750 1.jpg
2008.10.27 18:28 B C:\Users\Drew\My Webs\Ultrasone\Ultrasone PRO-750 2.jpg --> www.moon-audio.com /drubrew/Ultrasone Ultrasone PRO-750 2.jpg
2008.10.27 18:28 B C:\Users\Drew\My Webs\Ultrasone\Ultrasone PRO-750 3.jpg --> www.moon-audio.com /drubrew/Ultrasone Ultrasone PRO-750 3.jpg
2008.10.27 18:28 B C:\Users\Drew\My Webs\Ultrasone\Ultrasone PRO-750 4.jpg --> www.moon-audio.com /drubrew/Ultrasone Ultrasone PRO-750 4.jpg
2008.10.27 18:28 B C:\Users\Drew\My Webs\Ultrasone\Ultrasone PRO-900 1.jpg --> www.moon-audio.com /drubrew/Ultrasone Ultrasone PRO-900 1.jpg
2008.10.27 18:28 B C:\Users\Drew\My Webs\Ultrasone\Ultrasone PRO-900 2.jpg --> www.moon-audio.com /drubrew/Ultrasone Ultrasone PRO-900 2.jpg
2008.10.27 18:29 B C:\Users\Drew\My Webs\Ultrasone\Ultrasone PRO-900 3.jpg --> www.moon-audio.com /drubrew/Ultrasone Ultrasone PRO-900 3.jpg
2009.01.11 10:31 B C:\Users\Drew\My Webs\Ultrasone\Ultrasone Edition 8 1.jpg --> www.moon-audio.com /drubrew/Ultrasone Ultrasone Edition 8 1.jpg
2009.01.11 10:31 B C:\Users\Drew\My Webs\Ultrasone\Ultrasone Edition 8 2.jpg --> www.moon-audio.com /drubrew/Ultrasone Ultrasone Edition 8 2.jpg
2009.01.11 10:31 B C:\Users\Drew\My Webs\Ultrasone\Ultrasone Edition 8 3.jpg --> www.moon-audio.com /drubrew/Ultrasone Ultrasone Edition 8 3.jpg
2009.01.11 10:31 B C:\Users\Drew\My Webs\Ultrasone\Ultrasone Edition 8 4.jpg --> www.moon-audio.com /drubrew/Ultrasone Ultrasone Edition 8 4.jpg
2009.01.11 10:31 B C:\Users\Drew\My Webs\Ultrasone\Ultrasone Edition 8 5.jpg --> www.moon-audio.com /drubrew/Ultrasone Ultrasone Edition 8 5.jpg
2009.01.11 10:31 B C:\Users\Drew\My Webs\Ultrasone\Ultrasone Edition 8 6.jpg --> www.moon-audio.com /drubrew/Ultrasone Ultrasone Edition 8 6.jpg
2009.01.11 10:31 B C:\Users\Drew\My Webs\Ultrasone\Ultrasone logo.jpg --> www.moon-audio.com /drubrew/Ultrasone Ultrasone logo.jpg
2009.01.11 10:31 B C:\Users\Drew\My Webs\Ultrasone\Ultrasone PRO-2500 1.jpg --> www.moon-audio.com /drubrew/Ultrasone Ultrasone PRO-2500 1.jpg
2009.01.11 10:31 B C:\Users\Drew\My Webs\Ultrasone\Ultrasone PRO-2500 2.jpg --> www.moon-audio.com /drubrew/Ultrasone Ultrasone PRO-2500 2.jpg
2009.01.11 10:31 B C:\Users\Drew\My Webs\Ultrasone\Ultrasone PRO-2500 3.jpg --> www.moon-audio.com /drubrew/Ultrasone Ultrasone PRO-2500 3.jpg
2009.01.11 10:31 B C:\Users\Drew\My Webs\Ultrasone\Ultrasone PRO-2500 4.jpg --> www.moon-audio.com /drubrew/Ultrasone Ultrasone PRO-2500 4.jpg
2009.01.11 10:31 B C:\Users\Drew\My Webs\Ultrasone\Ultrasone PRO-750 1.jpg --> www.moon-audio.com /drubrew/Ultrasone Ultrasone PRO-750 1.jpg
2009.01.11 10:31 B C:\Users\Drew\My Webs\Ultrasone\Ultrasone PRO-750 2.jpg --> www.moon-audio.com /drubrew/Ultrasone Ultrasone PRO-750 2.jpg
2009.01.11 10:31 B C:\Users\Drew\My Webs\Ultrasone\Ultrasone PRO-750 3.jpg --> www.moon-audio.com /drubrew/Ultrasone Ultrasone PRO-750 3.jpg
2009.01.11 10:31 B C:\Users\Drew\My Webs\Ultrasone\Ultrasone PRO-750 4.jpg --> www.moon-audio.com /drubrew/Ultrasone Ultrasone PRO-750 4.jpg
2009.01.11 10:31 B C:\Users\Drew\My Webs\Ultrasone\ultrasone.txt --> www.moon-audio.com /drubrew/Ultrasone ultrasone.txt
2009.01.11 10:31 B C:\Users\Drew\My Webs\Ultrasone\WS_FTP.LOG --> www.moon-audio.com /drubrew/Ultrasone WS_FTP.LOG
2009.04.30 12:42 B C:\Users\drubrew\My Webs\Ultrasone\Ultrasone Edition 8 1.jpg <-- Moon Audio /drubrew/Ultrasone Ultrasone Edition 8 1.jpg
2009.04.30 12:42 B C:\Users\drubrew\My Webs\Ultrasone\Ultrasone Edition 8 10.jpg <-- Moon Audio /drubrew/Ultrasone Ultrasone Edition 8 10.jpg
2009.04.30 12:42 B C:\Users\drubrew\My Webs\Ultrasone\Ultrasone Edition 8 2.jpg <-- Moon Audio /drubrew/Ultrasone Ultrasone Edition 8 2.jpg
2009.04.30 12:42 B C:\Users\drubrew\My Webs\Ultrasone\Ultrasone Edition 8 3.jpg <-- Moon Audio /drubrew/Ultrasone Ultrasone Edition 8 3.jpg
2009.04.30 12:42 B C:\Users\drubrew\My Webs\Ultrasone\Ultrasone Edition 8 4.jpg <-- Moon Audio /drubrew/Ultrasone Ultrasone Edition 8 4.jpg
2009.04.30 12:43 B C:\Users\drubrew\My Webs\Ultrasone\Ultrasone Edition 8 5.jpg <-- Moon Audio /drubrew/Ultrasone Ultrasone Edition 8 5.jpg
2009.04.30 12:43 B C:\Users\drubrew\My Webs\Ultrasone\Ultrasone Edition 8 6.jpg <-- Moon Audio /drubrew/Ultrasone Ultrasone Edition 8 6.jpg
2009.04.30 12:43 B C:\Users\drubrew\My Webs\Ultrasone\Ultrasone Edition 8 7.jpg <-- Moon Audio /drubrew/Ultrasone Ultrasone Edition 8 7.jpg
2009.04.30 12:43 B C:\Users\drubrew\My Webs\Ultrasone\Ultrasone Edition 8 8.jpg <-- Moon Audio /drubrew/Ultrasone Ultrasone Edition 8 8.jpg
2009.04.30 12:43 B C:\Users\drubrew\My Webs\Ultrasone\Ultrasone Edition 8 9.jpg <-- Moon Audio /drubrew/Ultrasone Ultrasone Edition 8 9.jpg
2009.04.30 12:43 B C:\Users\drubrew\My Webs\Ultrasone\Ultrasone Edition 9 1.jpg <-- Moon Audio /drubrew/Ultrasone Ultrasone Edition 9 1.jpg
2009.04.30 12:43 B C:\Users\drubrew\My Webs\Ultrasone\Ultrasone Edition 9 2.jpg <-- Moon Audio /drubrew/Ultrasone Ultrasone Edition 9 2.jpg
2009.04.30 12:43 B C:\Users\drubrew\My Webs\Ultrasone\Ultrasone Edition 9 4.jpg <-- Moon Audio /drubrew/Ultrasone Ultrasone Edition 9 4.jpg
2009.04.30 12:43 B C:\Users\drubrew\My Webs\Ultrasone\Ultrasone Edition9-3.jpg <-- Moon Audio /drubrew/Ultrasone Ultrasone Edition9-3.jpg
2009.04.30 12:43 B C:\Users\drubrew\My Webs\Ultrasone\Ultrasone HFI-2200 1.jpg <-- Moon Audio /drubrew/Ultrasone Ultrasone HFI-2200 1.jpg
2009.04.30 12:43 B C:\Users\drubrew\My Webs\Ultrasone\Ultrasone HFI-2200 2.jpg <-- Moon Audio /drubrew/Ultrasone Ultrasone HFI-2200 2.jpg
2009.04.30 12:43 B C:\Users\drubrew\My Webs\Ultrasone\Ultrasone HFI-2200 3.jpg <-- Moon Audio /drubrew/Ultrasone Ultrasone HFI-2200 3.jpg
2009.04.30 12:43 B C:\Users\drubrew\My Webs\Ultrasone\Ultrasone HFI-2200 4.jpg <-- Moon Audio /drubrew/Ultrasone Ultrasone HFI-2200 4.jpg
2009.04.30 12:43 B C:\Users\drubrew\My Webs\Ultrasone\Ultrasone HFI-580 1.jpg <-- Moon Audio /drubrew/Ultrasone Ultrasone HFI-580 1.jpg
2009.04.30 12:43 B C:\Users\drubrew\My Webs\Ultrasone\Ultrasone HFI-580 2.jpg <-- Moon Audio /drubrew/Ultrasone Ultrasone HFI-580 2.jpg
2009.04.30 12:43 B C:\Users\drubrew\My Webs\Ultrasone\Ultrasone HFI-580 3.jpg <-- Moon Audio /drubrew/Ultrasone Ultrasone HFI-580 3.jpg
2009.04.30 12:43 B C:\Users\drubrew\My Webs\Ultrasone\Ultrasone HFI-580 4.jpg <-- Moon Audio /drubrew/Ultrasone Ultrasone HFI-580 4.jpg
2009.04.30 12:43 B C:\Users\drubrew\My Webs\Ultrasone\Ultrasone HFI-680 1.jpg <-- Moon Audio /drubrew/Ultrasone Ultrasone HFI-680 1.jpg
2009.04.30 12:43 B C:\Users\drubrew\My Webs\Ultrasone\Ultrasone HFI-680 2.jpg <-- Moon Audio /drubrew/Ultrasone Ultrasone HFI-680 2.jpg
2009.04.30 12:43 B C:\Users\drubrew\My Webs\Ultrasone\Ultrasone HFI-680 3.jpg <-- Moon Audio /drubrew/Ultrasone Ultrasone HFI-680 3.jpg
2009.04.30 12:43 B C:\Users\drubrew\My Webs\Ultrasone\Ultrasone HFI-680 4.jpg <-- Moon Audio /drubrew/Ultrasone Ultrasone HFI-680 4.jpg
2009.04.30 12:43 B C:\Users\drubrew\My Webs\Ultrasone\Ultrasone HFI-780 1.jpg <-- Moon Audio /drubrew/Ultrasone Ultrasone HFI-780 1.jpg
2009.04.30 12:44 B C:\Users\drubrew\My Webs\Ultrasone\Ultrasone HFI-780 2.jpg <-- Moon Audio /drubrew/Ultrasone Ultrasone HFI-780 2.jpg
2009.04.30 12:44 B C:\Users\drubrew\My Webs\Ultrasone\Ultrasone HFI-780 3.jpg <-- Moon Audio /drubrew/Ultrasone Ultrasone HFI-780 3.jpg
2009.04.30 12:44 B C:\Users\drubrew\My Webs\Ultrasone\Ultrasone HFI-780 4.jpg <-- Moon Audio /drubrew/Ultrasone Ultrasone HFI-780 4.jpg
2009.04.30 12:44 B C:\Users\drubrew\My Webs\Ultrasone\Ultrasone logo.jpg <-- Moon Audio /drubrew/Ultrasone Ultrasone logo.jpg
2009.04.30 12:44 B C:\Users\drubrew\My Webs\Ultrasone\Ultrasone PRO-2500 1.jpg <-- Moon Audio /drubrew/Ultrasone Ultrasone PRO-2500 1.jpg
2009.04.30 12:44 B C:\Users\drubrew\My Webs\Ultrasone\Ultrasone PRO-2500 2.jpg <-- Moon Audio /drubrew/Ultrasone Ultrasone PRO-2500 2.jpg
2009.04.30 12:44 B C:\Users\drubrew\My Webs\Ultrasone\Ultrasone PRO-2500 3.jpg <-- Moon Audio /drubrew/Ultrasone Ultrasone PRO-2500 3.jpg
2009.04.30 12:44 B C:\Users\drubrew\My Webs\Ultrasone\Ultrasone PRO-2500 4.jpg <-- Moon Audio /drubrew/Ultrasone Ultrasone PRO-2500 4.jpg
2009.04.30 12:44 B C:\Users\drubrew\My Webs\Ultrasone\Ultrasone PRO-750 1.jpg <-- Moon Audio /drubrew/Ultrasone Ultrasone PRO-750 1.jpg
2009.04.30 12:44 B C:\Users\drubrew\My Webs\Ultrasone\Ultrasone PRO-750 2.jpg <-- Moon Audio /drubrew/Ultrasone Ultrasone PRO-750 2.jpg
2009.04.30 12:44 B C:\Users\drubrew\My Webs\Ultrasone\Ultrasone PRO-750 3.jpg <-- Moon Audio /drubrew/Ultrasone Ultrasone PRO-750 3.jpg
2009.04.30 12:45 B C:\Users\drubrew\My Webs\Ultrasone\Ultrasone PRO-750 4.jpg <-- Moon Audio /drubrew/Ultrasone Ultrasone PRO-750 4.jpg
2009.04.30 12:45 B C:\Users\drubrew\My Webs\Ultrasone\Ultrasone PRO-900 1.jpg <-- Moon Audio /drubrew/Ultrasone Ultrasone PRO-900 1.jpg
2009.04.30 12:45 B C:\Users\drubrew\My Webs\Ultrasone\Ultrasone PRO-900 2.jpg <-- Moon Audio /drubrew/Ultrasone Ultrasone PRO-900 2.jpg
2009.04.30 12:45 B C:\Users\drubrew\My Webs\Ultrasone\Ultrasone PRO-900 3.jpg <-- Moon Audio /drubrew/Ultrasone Ultrasone PRO-900 3.jpg
2009.05.07 20:43 B C:\Users\drubrew\My Webs\Ultrasone\Ultrasone Edition 8 10.jpg --> www.moon-audio.com /drubrew/Ultrasone Ultrasone Edition 8 10.jpg
2009.05.07 20:43 B C:\Users\drubrew\My Webs\Ultrasone\Ultrasone Edition 8 100.jpg --> www.moon-audio.com /drubrew/Ultrasone Ultrasone Edition 8 100.jpg
2009.05.07 20:43 B C:\Users\drubrew\My Webs\Ultrasone\Ultrasone Edition 8 20.jpg --> www.moon-audio.com /drubrew/Ultrasone Ultrasone Edition 8 20.jpg
2009.05.07 20:43 B C:\Users\drubrew\My Webs\Ultrasone\Ultrasone Edition 8 30.jpg --> www.moon-audio.com /drubrew/Ultrasone Ultrasone Edition 8 30.jpg
2009.05.07 20:43 B C:\Users\drubrew\My Webs\Ultrasone\Ultrasone Edition 8 40.jpg --> www.moon-audio.com /drubrew/Ultrasone Ultrasone Edition 8 40.jpg
2009.05.07 20:43 B C:\Users\drubrew\My Webs\Ultrasone\Ultrasone Edition 8 50.jpg --> www.moon-audio.com /drubrew/Ultrasone Ultrasone Edition 8 50.jpg
2009.05.07 20:43 B C:\Users\drubrew\My Webs\Ultrasone\Ultrasone Edition 8 60.jpg --> www.moon-audio.com /drubrew/Ultrasone Ultrasone Edition 8 60.jpg
2009.05.07 20:43 B C:\Users\drubrew\My Webs\Ultrasone\Ultrasone Edition 8 70.jpg --> www.moon-audio.com /drubrew/Ultrasone Ultrasone Edition 8 70.jpg
2009.05.07 20:43 B C:\Users\drubrew\My Webs\Ultrasone\Ultrasone Edition 8 80.jpg --> www.moon-audio.com /drubrew/Ultrasone Ultrasone Edition 8 80.jpg
2009.05.07 20:43 B C:\Users\drubrew\My Webs\Ultrasone\Ultrasone Edition 8 90.jpg --> www.moon-audio.com /drubrew/Ultrasone Ultrasone Edition 8 90.jpg
2009.05.18 19:54 B C:\Users\drubrew\My Webs\Ultrasone\HFI650scratch.bmp --> www.moon-audio.com /drubrew/Ultrasone HFI650scratch.bmp
2009.05.18 19:55 B C:\Users\drubrew\My Webs\Ultrasone\HFI650scratch.jpg --> www.moon-audio.com /drubrew/Ultrasone HFI650scratch.jpg
2009.07.06 10:09 B C:\Users\drubrew\Documents\My Web Sites\Ultrasone\Ultrasone Edition 8 SD 1.jpg --> moon-audio.com /drubrew/Ultrasone Ultrasone Edition 8 SD 1.jpg
2009.07.06 10:09 B C:\Users\drubrew\Documents\My Web Sites\Ultrasone\Ultrasone Edition 8 SD 2.jpg --> moon-audio.com /drubrew/Ultrasone Ultrasone Edition 8 SD 2.jpg
2009.07.06 10:09 B C:\Users\drubrew\Documents\My Web Sites\Ultrasone\Ultrasone Edition 8 SD 3.jpg --> moon-audio.com /drubrew/Ultrasone Ultrasone Edition 8 SD 3.jpg
2009.07.06 10:09 B C:\Users\drubrew\Documents\My Web Sites\Ultrasone\Ultrasone Edition 8 SD 4 640.jpg --> moon-audio.com /drubrew/Ultrasone Ultrasone Edition 8 SD 4 640.jpg
2009.07.06 10:09 B C:\Users\drubrew\Documents\My Web Sites\Ultrasone\Ultrasone Edition 8 SD 4.jpg --> moon-audio.com /drubrew/Ultrasone Ultrasone Edition 8 SD 4.jpg
2009.07.06 10:09 B C:\Users\drubrew\Documents\My Web Sites\Ultrasone\Ultrasone Edition 8 SD 5 640.jpg --> moon-audio.com /drubrew/Ultrasone Ultrasone Edition 8 SD 5 640.jpg
2009.07.06 10:09 B C:\Users\drubrew\Documents\My Web Sites\Ultrasone\Ultrasone Edition 8 SD 5.jpg --> moon-audio.com /drubrew/Ultrasone Ultrasone Edition 8 SD 5.jpg
2009.07.06 10:09 B C:\Users\drubrew\Documents\My Web Sites\Ultrasone\Ultrasone Edition 8 SD 6.jpg --> moon-audio.com /drubrew/Ultrasone Ultrasone Edition 8 SD 6.jpg
2009.07.06 10:10 B C:\Users\drubrew\Documents\My Web Sites\Ultrasone\Ultrasone Edition 8 SD 7.jpg --> moon-audio.com /drubrew/Ultrasone Ultrasone Edition 8 SD 7.jpg
2009.07.06 10:10 B C:\Users\drubrew\Documents\My Web Sites\Ultrasone\Ultrasone Edition 8 SD 8.jpg --> moon-audio.com /drubrew/Ultrasone Ultrasone Edition 8 SD 8.jpg
2009.07.06 10:10 B C:\Users\drubrew\Documents\My Web Sites\Ultrasone\Ultrasone HFI-780 Black Dragon 1.jpg --> moon-audio.com /drubrew/Ultrasone Ultrasone HFI-780 Black Dragon 1.jpg
2009.07.06 10:10 B C:\Users\drubrew\Documents\My Web Sites\Ultrasone\Ultrasone HFI-780 Blue Dragon 1 640.jpg --> moon-audio.com /drubrew/Ultrasone Ultrasone HFI-780 Blue Dragon 1 640.jpg
2009.07.06 10:10 B C:\Users\drubrew\Documents\My Web Sites\Ultrasone\Ultrasone HFI-780 Blue Dragon 1.jpg --> moon-audio.com /drubrew/Ultrasone Ultrasone HFI-780 Blue Dragon 1.jpg
2009.07.06 10:10 B C:\Users\drubrew\Documents\My Web Sites\Ultrasone\Ultrasone HFI-780 Blue Dragon 2 640.jpg --> moon-audio.com /drubrew/Ultrasone Ultrasone HFI-780 Blue Dragon 2 640.jpg
2009.07.06 10:10 B C:\Users\drubrew\Documents\My Web Sites\Ultrasone\Ultrasone HFI-780 Blue Dragon 2.jpg --> moon-audio.com /drubrew/Ultrasone Ultrasone HFI-780 Blue Dragon 2.jpg
2009.07.06 10:13 B C:\Users\drubrew\Documents\My Web Sites\Ultrasone\Ultrasone PRO-900 Black D 1.jpg --> moon-audio.com /drubrew/Ultrasone Ultrasone PRO-900 Black D 1.jpg
2009.07.06 10:13 B C:\Users\drubrew\Documents\My Web Sites\Ultrasone\Ultrasone PRO-900 Black D 2 640.jpg --> moon-audio.com /drubrew/Ultrasone Ultrasone PRO-900 Black D 2 640.jpg
2009.07.06 10:13 B C:\Users\drubrew\Documents\My Web Sites\Ultrasone\Ultrasone PRO-900 Black D 2.jpg --> moon-audio.com /drubrew/Ultrasone Ultrasone PRO-900 Black D 2.jpg
2009.07.12 18:24 B C:\Users\drubrew\Documents\My Web Sites\Ultrasone\IMG_1143.JPG --> moon-audio.com /drubrew/Ultrasone IMG_1143.JPG
2009.07.12 18:25 B C:\Users\drubrew\Documents\My Web Sites\Ultrasone\IMG_1144.JPG --> moon-audio.com /drubrew/Ultrasone IMG_1144.JPG
2009.07.12 18:27 B C:\Users\drubrew\Documents\My Web Sites\Ultrasone\IMG_1145.JPG --> moon-audio.com /drubrew/Ultrasone IMG_1145.JPG
2009.07.12 18:28 B C:\Users\drubrew\Documents\My Web Sites\Ultrasone\IMG_1146.JPG --> moon-audio.com /drubrew/Ultrasone IMG_1146.JPG
2009.07.12 18:29 B C:\Users\drubrew\Documents\My Web Sites\Ultrasone\IMG_1147.JPG --> moon-audio.com /drubrew/Ultrasone IMG_1147.JPG
2009.07.12 18:30 B C:\Users\drubrew\Documents\My Web Sites\Ultrasone\IMG_1148.JPG --> moon-audio.com /drubrew/Ultrasone IMG_1148.JPG
2009.07.12 18:31 B C:\Users\drubrew\Documents\My Web Sites\Ultrasone\IMG_1149.JPG --> moon-audio.com /drubrew/Ultrasone IMG_1149.JPG
2009.07.12 18:32 B C:\Users\drubrew\Documents\My Web Sites\Ultrasone\IMG_1150.JPG --> moon-audio.com /drubrew/Ultrasone IMG_1150.JPG
2009.07.12 18:33 B C:\Users\drubrew\Documents\My Web Sites\Ultrasone\IMG_1151.JPG --> moon-audio.com /drubrew/Ultrasone IMG_1151.JPG
2009.07.12 18:35 B C:\Users\drubrew\Documents\My Web Sites\Ultrasone\IMG_1152.JPG --> moon-audio.com /drubrew/Ultrasone IMG_1152.JPG
2009.07.12 18:36 B C:\Users\drubrew\Documents\My Web Sites\Ultrasone\IMG_1153.JPG --> moon-audio.com /drubrew/Ultrasone IMG_1153.JPG
2009.08.18 21:13 B C:\Users\drubrew\Documents\My Web Sites\Ultrasone\Ultrasone PRO-650 1.jpg --> moon-audio.com /drubrew/Ultrasone Ultrasone PRO-650 1.jpg
2009.08.18 21:15 B C:\Users\drubrew\Documents\My Web Sites\Ultrasone\Ultrasone PRO-650 2.jpg --> moon-audio.com /drubrew/Ultrasone Ultrasone PRO-650 2.jpg
2009.08.18 21:15 B C:\Users\drubrew\Documents\My Web Sites\Ultrasone\Ultrasone PRO-650 3.jpg --> moon-audio.com /drubrew/Ultrasone Ultrasone PRO-650 3.jpg
2009.08.18 21:17 B C:\Users\drubrew\Documents\My Web Sites\Ultrasone\Ultrasone PRO-650 1.jpg --> moon-audio.com /drubrew/Ultrasone Ultrasone PRO-650 1.jpg
2009.08.18 21:17 B C:\Users\drubrew\Documents\My Web Sites\Ultrasone\Ultrasone PRO-650 2.jpg --> moon-audio.com /drubrew/Ultrasone Ultrasone PRO-650 2.jpg
2009.08.18 21:17 B C:\Users\drubrew\Documents\My Web Sites\Ultrasone\Ultrasone PRO-650 3.jpg --> moon-audio.com /drubrew/Ultrasone Ultrasone PRO-650 3.jpg
2009.08.18 21:17 B C:\Users\drubrew\Documents\My Web Sites\Ultrasone\Ultrasone PRO-650 4.jpg --> moon-audio.com /drubrew/Ultrasone Ultrasone PRO-650 4.jpg
2009.08.18 21:17 B C:\Users\drubrew\Documents\My Web Sites\Ultrasone\Ultrasone PRO-650 5.jpg --> moon-audio.com /drubrew/Ultrasone Ultrasone PRO-650 5.jpg
2009.08.18 21:17 B C:\Users\drubrew\Documents\My Web Sites\Ultrasone\Ultrasone PRO-650 6.jpg --> moon-audio.com /drubrew/Ultrasone Ultrasone PRO-650 6.jpg
2009.09.02 19:36 B C:\Users\drubrew\Documents\My Web Sites\Ultrasone\masthead.jpg --> moon-audio.com /drubrew/Ultrasone masthead.jpg
2009.09.06 15:28 B C:\Users\drubrew\Documents\My Web Sites\Ultrasone\Ultrasone PRO-650 1.jpg --> moon-audio.com /drubrew/Ultrasone Ultrasone PRO-650 1.jpg
2009.09.06 15:28 B C:\Users\drubrew\Documents\My Web Sites\Ultrasone\Ultrasone PRO-650 2.jpg --> moon-audio.com /drubrew/Ultrasone Ultrasone PRO-650 2.jpg
2009.09.06 15:28 B C:\Users\drubrew\Documents\My Web Sites\Ultrasone\Ultrasone PRO-650 3.jpg --> moon-audio.com /drubrew/Ultrasone Ultrasone PRO-650 3.jpg
2009.09.06 15:28 B C:\Users\drubrew\Documents\My Web Sites\Ultrasone\Ultrasone PRO-650 4.jpg --> moon-audio.com /drubrew/Ultrasone Ultrasone PRO-650 4.jpg
2009.09.06 15:28 B C:\Users\drubrew\Documents\My Web Sites\Ultrasone\Ultrasone PRO-650 5.jpg --> moon-audio.com /drubrew/Ultrasone Ultrasone PRO-650 5.jpg
2009.09.06 15:28 B C:\Users\drubrew\Documents\My Web Sites\Ultrasone\Ultrasone PRO-650 6.jpg --> moon-audio.com /drubrew/Ultrasone Ultrasone PRO-650 6.jpg
2010.01.03 19:51 B C:\Users\drubrew\Documents\My Web Sites\Ultrasone\Edition8.bmp --> moon-audio.com /drubrew/Ultrasone Edition8.bmp
2010.01.03 19:51 B C:\Users\drubrew\Documents\My Web Sites\Ultrasone\HFI650scratch.jpg --> moon-audio.com /drubrew/Ultrasone HFI650scratch.jpg
2010.01.03 19:52 B C:\Users\drubrew\Documents\My Web Sites\Ultrasone\IMG_1143.JPG --> moon-audio.com /drubrew/Ultrasone IMG_1143.JPG
2010.01.03 19:53 B C:\Users\drubrew\Documents\My Web Sites\Ultrasone\IMG_1144.JPG --> moon-audio.com /drubrew/Ultrasone IMG_1144.JPG
2010.01.03 19:55 B C:\Users\drubrew\Documents\My Web Sites\Ultrasone\IMG_1145.JPG --> moon-audio.com /drubrew/Ultrasone IMG_1145.JPG
2010.01.03 19:56 B C:\Users\drubrew\Documents\My Web Sites\Ultrasone\IMG_1146.JPG --> moon-audio.com /drubrew/Ultrasone IMG_1146.JPG
2010.01.03 19:57 B C:\Users\drubrew\Documents\My Web Sites\Ultrasone\IMG_1147.JPG --> moon-audio.com /drubrew/Ultrasone IMG_1147.JPG
2010.01.03 19:58 B C:\Users\drubrew\Documents\My Web Sites\Ultrasone\IMG_1148.JPG --> moon-audio.com /drubrew/Ultrasone IMG_1148.JPG
2010.01.03 19:59 B C:\Users\drubrew\Documents\My Web Sites\Ultrasone\IMG_1149.JPG --> moon-audio.com /drubrew/Ultrasone IMG_1149.JPG
2010.01.03 20:00 B C:\Users\drubrew\Documents\My Web Sites\Ultrasone\IMG_1150.JPG --> moon-audio.com /drubrew/Ultrasone IMG_1150.JPG
2010.01.03 20:02 B C:\Users\drubrew\Documents\My Web Sites\Ultrasone\IMG_1151.JPG --> moon-audio.com /drubrew/Ultrasone IMG_1151.JPG
2010.01.03 20:03 B C:\Users\drubrew\Documents\My Web Sites\Ultrasone\IMG_1152.JPG --> moon-audio.com /drubrew/Ultrasone IMG_1152.JPG
2010.01.03 20:04 B C:\Users\drubrew\Documents\My Web Sites\Ultrasone\IMG_1153.JPG --> moon-audio.com /drubrew/Ultrasone IMG_1153.JPG
2010.01.03 20:04 B C:\Users\drubrew\Documents\My Web Sites\Ultrasone\masthead.jpg --> moon-audio.com /drubrew/Ultrasone masthead.jpg
2010.01.03 20:08 B C:\Users\drubrew\Documents\My Web Sites\Ultrasone\PRO550300dpi4colour.zip --> moon-audio.com /drubrew/Ultrasone PRO550300dpi4colour.zip
2010.01.03 20:08 B C:\Users\drubrew\Documents\My Web Sites\Ultrasone\Ultrasone Edition 8 10.jpg --> moon-audio.com /drubrew/Ultrasone Ultrasone Edition 8 10.jpg
2010.01.03 20:08 B C:\Users\drubrew\Documents\My Web Sites\Ultrasone\Ultrasone Edition 8 100.jpg --> moon-audio.com /drubrew/Ultrasone Ultrasone Edition 8 100.jpg
2010.01.03 20:08 B C:\Users\drubrew\Documents\My Web Sites\Ultrasone\Ultrasone Edition 8 20.jpg --> moon-audio.com /drubrew/Ultrasone Ultrasone Edition 8 20.jpg
2010.01.03 20:08 B C:\Users\drubrew\Documents\My Web Sites\Ultrasone\Ultrasone Edition 8 30.jpg --> moon-audio.com /drubrew/Ultrasone Ultrasone Edition 8 30.jpg
2010.01.03 20:08 B C:\Users\drubrew\Documents\My Web Sites\Ultrasone\Ultrasone Edition 8 40.jpg --> moon-audio.com /drubrew/Ultrasone Ultrasone Edition 8 40.jpg
2010.01.03 20:08 B C:\Users\drubrew\Documents\My Web Sites\Ultrasone\Ultrasone Edition 8 50.jpg --> moon-audio.com /drubrew/Ultrasone Ultrasone Edition 8 50.jpg
2010.01.03 20:08 B C:\Users\drubrew\Documents\My Web Sites\Ultrasone\Ultrasone Edition 8 60.jpg --> moon-audio.com /drubrew/Ultrasone Ultrasone Edition 8 60.jpg
2010.01.03 20:08 B C:\Users\drubrew\Documents\My Web Sites\Ultrasone\Ultrasone Edition 8 70.jpg --> moon-audio.com /drubrew/Ultrasone Ultrasone Edition 8 70.jpg
2010.01.03 20:08 B C:\Users\drubrew\Documents\My Web Sites\Ultrasone\Ultrasone Edition 8 80.jpg --> moon-audio.com /drubrew/Ultrasone Ultrasone Edition 8 80.jpg
2010.01.03 20:08 B C:\Users\drubrew\Documents\My Web Sites\Ultrasone\Ultrasone Edition 8 90.jpg --> moon-audio.com /drubrew/Ultrasone Ultrasone Edition 8 90.jpg
2010.01.03 20:08 B C:\Users\drubrew\Documents\My Web Sites\Ultrasone\Ultrasone Edition 8 SD 1.jpg --> moon-audio.com /drubrew/Ultrasone Ultrasone Edition 8 SD 1.jpg
2010.01.03 20:08 B C:\Users\drubrew\Documents\My Web Sites\Ultrasone\Ultrasone Edition 8 SD 2.jpg --> moon-audio.com /drubrew/Ultrasone Ultrasone Edition 8 SD 2.jpg
2010.01.03 20:08 B C:\Users\drubrew\Documents\My Web Sites\Ultrasone\Ultrasone Edition 8 SD 3.jpg --> moon-audio.com /drubrew/Ultrasone Ultrasone Edition 8 SD 3.jpg
2010.01.03 20:08 B C:\Users\drubrew\Documents\My Web Sites\Ultrasone\Ultrasone Edition 8 SD 4 640.jpg --> moon-audio.com /drubrew/Ultrasone Ultrasone Edition 8 SD 4 640.jpg
2010.01.03 20:08 B C:\Users\drubrew\Documents\My Web Sites\Ultrasone\Ultrasone Edition 8 SD 4.jpg --> moon-audio.com /drubrew/Ultrasone Ultrasone Edition 8 SD 4.jpg
2010.01.03 20:08 B C:\Users\drubrew\Documents\My Web Sites\Ultrasone\Ultrasone Edition 8 SD 5 640.jpg --> moon-audio.com /drubrew/Ultrasone Ultrasone Edition 8 SD 5 640.jpg
2010.01.03 20:09 B C:\Users\drubrew\Documents\My Web Sites\Ultrasone\Ultrasone Edition 8 SD 5.jpg --> moon-audio.com /drubrew/Ultrasone Ultrasone Edition 8 SD 5.jpg
2010.01.03 20:09 B C:\Users\drubrew\Documents\My Web Sites\Ultrasone\Ultrasone Edition 8 SD 6.jpg --> moon-audio.com /drubrew/Ultrasone Ultrasone Edition 8 SD 6.jpg
2010.01.03 20:09 B C:\Users\drubrew\Documents\My Web Sites\Ultrasone\Ultrasone Edition 8 SD 7.jpg --> moon-audio.com /drubrew/Ultrasone Ultrasone Edition 8 SD 7.jpg
2010.01.03 20:09 B C:\Users\drubrew\Documents\My Web Sites\Ultrasone\Ultrasone Edition 8 SD 8.jpg --> moon-audio.com /drubrew/Ultrasone Ultrasone Edition 8 SD 8.jpg
2010.01.03 20:09 B C:\Users\drubrew\Documents\My Web Sites\Ultrasone\Ultrasone Edition 9 1.jpg --> moon-audio.com /drubrew/Ultrasone Ultrasone Edition 9 1.jpg
2010.01.03 20:09 B C:\Users\drubrew\Documents\My Web Sites\Ultrasone\Ultrasone Edition 9 2.jpg --> moon-audio.com /drubrew/Ultrasone Ultrasone Edition 9 2.jpg
2010.01.03 20:09 B C:\Users\drubrew\Documents\My Web Sites\Ultrasone\Ultrasone Edition 9 4.jpg --> moon-audio.com /drubrew/Ultrasone Ultrasone Edition 9 4.jpg
2010.01.03 20:09 B C:\Users\drubrew\Documents\My Web Sites\Ultrasone\Ultrasone Edition9-3.jpg --> moon-audio.com /drubrew/Ultrasone Ultrasone Edition9-3.jpg
2010.01.03 20:09 B C:\Users\drubrew\Documents\My Web Sites\Ultrasone\Ultrasone HFI-2200 1.jpg --> moon-audio.com /drubrew/Ultrasone Ultrasone HFI-2200 1.jpg
2010.01.03 20:09 B C:\Users\drubrew\Documents\My Web Sites\Ultrasone\Ultrasone HFI-2200 2.jpg --> moon-audio.com /drubrew/Ultrasone Ultrasone HFI-2200 2.jpg
2010.01.03 20:09 B C:\Users\drubrew\Documents\My Web Sites\Ultrasone\Ultrasone HFI-2200 3.jpg --> moon-audio.com /drubrew/Ultrasone Ultrasone HFI-2200 3.jpg
2010.01.03 20:09 B C:\Users\drubrew\Documents\My Web Sites\Ultrasone\Ultrasone HFI-2200 4.jpg --> moon-audio.com /drubrew/Ultrasone Ultrasone HFI-2200 4.jpg
2010.01.03 20:09 B C:\Users\drubrew\Documents\My Web Sites\Ultrasone\Ultrasone HFI-2200 Detach 1.jpg --> moon-audio.com /drubrew/Ultrasone Ultrasone HFI-2200 Detach 1.jpg
2010.01.03 20:09 B C:\Users\drubrew\Documents\My Web Sites\Ultrasone\Ultrasone HFI-2200 Detach small 1.jpg --> moon-audio.com /drubrew/Ultrasone Ultrasone HFI-2200 Detach small 1.jpg
2010.01.03 20:09 B C:\Users\drubrew\Documents\My Web Sites\Ultrasone\Ultrasone HFI-580 1.jpg --> moon-audio.com /drubrew/Ultrasone Ultrasone HFI-580 1.jpg
2010.01.03 20:09 B C:\Users\drubrew\Documents\My Web Sites\Ultrasone\Ultrasone HFI-580 2.jpg --> moon-audio.com /drubrew/Ultrasone Ultrasone HFI-580 2.jpg
2010.01.03 20:09 B C:\Users\drubrew\Documents\My Web Sites\Ultrasone\Ultrasone HFI-580 3.jpg --> moon-audio.com /drubrew/Ultrasone Ultrasone HFI-580 3.jpg
2010.01.03 20:09 B C:\Users\drubrew\Documents\My Web Sites\Ultrasone\Ultrasone HFI-580 4.jpg --> moon-audio.com /drubrew/Ultrasone Ultrasone HFI-580 4.jpg
2010.01.03 20:09 B C:\Users\drubrew\Documents\My Web Sites\Ultrasone\Ultrasone HFI-680 1.jpg --> moon-audio.com /drubrew/Ultrasone Ultrasone HFI-680 1.jpg
2010.01.03 20:09 B C:\Users\drubrew\Documents\My Web Sites\Ultrasone\Ultrasone HFI-680 2.jpg --> moon-audio.com /drubrew/Ultrasone Ultrasone HFI-680 2.jpg
2010.01.03 20:09 B C:\Users\drubrew\Documents\My Web Sites\Ultrasone\Ultrasone HFI-680 3.jpg --> moon-audio.com /drubrew/Ultrasone Ultrasone HFI-680 3.jpg
2010.01.03 20:09 B C:\Users\drubrew\Documents\My Web Sites\Ultrasone\Ultrasone HFI-680 4.jpg --> moon-audio.com /drubrew/Ultrasone Ultrasone HFI-680 4.jpg
2010.01.03 20:09 B C:\Users\drubrew\Documents\My Web Sites\Ultrasone\Ultrasone HFI-780 1.jpg --> moon-audio.com /drubrew/Ultrasone Ultrasone HFI-780 1.jpg
2010.01.03 20:09 B C:\Users\drubrew\Documents\My Web Sites\Ultrasone\Ultrasone HFI-780 2.jpg --> moon-audio.com /drubrew/Ultrasone Ultrasone HFI-780 2.jpg
2010.01.03 20:09 B C:\Users\drubrew\Documents\My Web Sites\Ultrasone\Ultrasone HFI-780 3.jpg --> moon-audio.com /drubrew/Ultrasone Ultrasone HFI-780 3.jpg
2010.01.03 20:09 B C:\Users\drubrew\Documents\My Web Sites\Ultrasone\Ultrasone HFI-780 4.jpg --> moon-audio.com /drubrew/Ultrasone Ultrasone HFI-780 4.jpg
2010.01.03 20:09 B C:\Users\drubrew\Documents\My Web Sites\Ultrasone\Ultrasone HFI-780 Black Dragon 1.jpg --> moon-audio.com /drubrew/Ultrasone Ultrasone HFI-780 Black Dragon 1.jpg
2010.01.03 20:09 B C:\Users\drubrew\Documents\My Web Sites\Ultrasone\Ultrasone HFI-780 Blue Dragon 1 640.jpg --> moon-audio.com /drubrew/Ultrasone Ultrasone HFI-780 Blue Dragon 1 640.jpg
2010.01.03 20:10 B C:\Users\drubrew\Documents\My Web Sites\Ultrasone\Ultrasone HFI-780 Blue Dragon 1.jpg --> moon-audio.com /drubrew/Ultrasone Ultrasone HFI-780 Blue Dragon 1.jpg
2010.01.03 20:10 B C:\Users\drubrew\Documents\My Web Sites\Ultrasone\Ultrasone HFI-780 Blue Dragon 2 640.jpg --> moon-audio.com /drubrew/Ultrasone Ultrasone HFI-780 Blue Dragon 2 640.jpg
2010.01.03 20:10 B C:\Users\drubrew\Documents\My Web Sites\Ultrasone\Ultrasone HFI-780 Blue Dragon 2.jpg --> moon-audio.com /drubrew/Ultrasone Ultrasone HFI-780 Blue Dragon 2.jpg
2010.01.03 20:10 B C:\Users\drubrew\Documents\My Web Sites\Ultrasone\Ultrasone logo.jpg --> moon-audio.com /drubrew/Ultrasone Ultrasone logo.jpg
2010.01.03 20:10 B C:\Users\drubrew\Documents\My Web Sites\Ultrasone\Ultrasone PRO-2500 1.jpg --> moon-audio.com /drubrew/Ultrasone Ultrasone PRO-2500 1.jpg
2010.01.03 20:10 B C:\Users\drubrew\Documents\My Web Sites\Ultrasone\Ultrasone PRO-2500 2.jpg --> moon-audio.com /drubrew/Ultrasone Ultrasone PRO-2500 2.jpg
2010.01.03 20:10 B C:\Users\drubrew\Documents\My Web Sites\Ultrasone\Ultrasone PRO-2500 3.jpg --> moon-audio.com /drubrew/Ultrasone Ultrasone PRO-2500 3.jpg
2010.01.03 20:10 B C:\Users\drubrew\Documents\My Web Sites\Ultrasone\Ultrasone PRO-2500 4.jpg --> moon-audio.com /drubrew/Ultrasone Ultrasone PRO-2500 4.jpg
2010.01.03 20:10 B C:\Users\drubrew\Documents\My Web Sites\Ultrasone\Ultrasone PRO-650 1.jpg --> moon-audio.com /drubrew/Ultrasone Ultrasone PRO-650 1.jpg
2010.01.03 20:10 B C:\Users\drubrew\Documents\My Web Sites\Ultrasone\Ultrasone PRO-650 2.jpg --> moon-audio.com /drubrew/Ultrasone Ultrasone PRO-650 2.jpg
2010.01.03 20:10 B C:\Users\drubrew\Documents\My Web Sites\Ultrasone\Ultrasone PRO-650 3.jpg --> moon-audio.com /drubrew/Ultrasone Ultrasone PRO-650 3.jpg
2010.01.03 20:10 B C:\Users\drubrew\Documents\My Web Sites\Ultrasone\Ultrasone PRO-650 4.jpg --> moon-audio.com /drubrew/Ultrasone Ultrasone PRO-650 4.jpg
2010.01.03 20:10 B C:\Users\drubrew\Documents\My Web Sites\Ultrasone\Ultrasone PRO-650 5.jpg --> moon-audio.com /drubrew/Ultrasone Ultrasone PRO-650 5.jpg
2010.01.03 20:10 B C:\Users\drubrew\Documents\My Web Sites\Ultrasone\Ultrasone PRO-650 6.jpg --> moon-audio.com /drubrew/Ultrasone Ultrasone PRO-650 6.jpg
2010.01.03 20:10 B C:\Users\drubrew\Documents\My Web Sites\Ultrasone\Ultrasone PRO-750 1.jpg --> moon-audio.com /drubrew/Ultrasone Ultrasone PRO-750 1.jpg
2010.01.03 20:10 B C:\Users\drubrew\Documents\My Web Sites\Ultrasone\Ultrasone PRO-750 2.jpg --> moon-audio.com /drubrew/Ultrasone Ultrasone PRO-750 2.jpg
2010.01.03 20:10 B C:\Users\drubrew\Documents\My Web Sites\Ultrasone\Ultrasone PRO-750 3.jpg --> moon-audio.com /drubrew/Ultrasone Ultrasone PRO-750 3.jpg
2010.01.03 20:10 B C:\Users\drubrew\Documents\My Web Sites\Ultrasone\Ultrasone PRO-750 4.jpg --> moon-audio.com /drubrew/Ultrasone Ultrasone PRO-750 4.jpg
2010.01.03 20:10 B C:\Users\drubrew\Documents\My Web Sites\Ultrasone\Ultrasone PRO-900 1.jpg --> moon-audio.com /drubrew/Ultrasone Ultrasone PRO-900 1.jpg
2010.01.03 20:10 B C:\Users\drubrew\Documents\My Web Sites\Ultrasone\Ultrasone PRO-900 2.jpg --> moon-audio.com /drubrew/Ultrasone Ultrasone PRO-900 2.jpg
2010.01.03 20:10 B C:\Users\drubrew\Documents\My Web Sites\Ultrasone\Ultrasone PRO-900 3.jpg --> moon-audio.com /drubrew/Ultrasone Ultrasone PRO-900 3.jpg
2010.01.03 20:10 B C:\Users\drubrew\Documents\My Web Sites\Ultrasone\Ultrasone PRO-900 Black D 1.jpg --> moon-audio.com /drubrew/Ultrasone Ultrasone PRO-900 Black D 1.jpg
2010.01.03 20:10 B C:\Users\drubrew\Documents\My Web Sites\Ultrasone\Ultrasone PRO-900 Black D 2 640.jpg --> moon-audio.com /drubrew/Ultrasone Ultrasone PRO-900 Black D 2 640.jpg
2010.01.03 20:10 B C:\Users\drubrew\Documents\My Web Sites\Ultrasone\Ultrasone PRO-900 Black D 2.jpg --> moon-audio.com /drubrew/Ultrasone Ultrasone PRO-900 Black D 2.jpg
2010.01.03 20:10 B C:\Users\drubrew\Documents\My Web Sites\Ultrasone\Ultrasone PRO-900 Black Dragon 1.jpg --> moon-audio.com /drubrew/Ultrasone Ultrasone PRO-900 Black Dragon 1.jpg
2010.01.03 20:10 B C:\Users\drubrew\Documents\My Web Sites\Ultrasone\Ultrasone PRO-900 Black Dragon 2.jpg --> moon-audio.com /drubrew/Ultrasone Ultrasone PRO-900 Black Dragon 2.jpg
2010.01.03 20:10 B C:\Users\drubrew\Documents\My Web Sites\Ultrasone\Ultrasone PRO-900 Black Dragon 3.jpg --> moon-audio.com /drubrew/Ultrasone Ultrasone PRO-900 Black Dragon 3.jpg
2010.01.03 20:11 B C:\Users\drubrew\Documents\My Web Sites\Ultrasone\Ultrasone PRO-900 Black Dragon small 1.jpg --> moon-audio.com /drubrew/Ultrasone Ultrasone PRO-900 Black Dragon small 1.jpg
2010.01.03 20:11 B C:\Users\drubrew\Documents\My Web Sites\Ultrasone\Ultrasone PRO-900 Black Dragon small 2.jpg --> moon-audio.com /drubrew/Ultrasone Ultrasone PRO-900 Black Dragon small 2.jpg
2010.01.03 20:11 B C:\Users\drubrew\Documents\My Web Sites\Ultrasone\Ultrasone PRO-900 Black Dragon small 3.jpg --> moon-audio.com /drubrew/Ultrasone Ultrasone PRO-900 Black Dragon small 3.jpg
2010.01.03 20:11 B C:\Users\drubrew\Documents\My Web Sites\Ultrasone\Ultrasone PRO-900 Detach 1.jpg --> moon-audio.com /drubrew/Ultrasone Ultrasone PRO-900 Detach 1.jpg
2010.01.03 20:11 B C:\Users\drubrew\Documents\My Web Sites\Ultrasone\Ultrasone PRO-900 Detach 2.jpg --> moon-audio.com /drubrew/Ultrasone Ultrasone PRO-900 Detach 2.jpg
2010.01.03 20:11 B C:\Users\drubrew\Documents\My Web Sites\Ultrasone\Ultrasone PRO-900 Detach 3.jpg --> moon-audio.com /drubrew/Ultrasone Ultrasone PRO-900 Detach 3.jpg
2010.01.03 20:11 B C:\Users\drubrew\Documents\My Web Sites\Ultrasone\Ultrasone PRO-900 Detach 4.jpg --> moon-audio.com /drubrew/Ultrasone Ultrasone PRO-900 Detach 4.jpg
2010.01.03 20:11 B C:\Users\drubrew\Documents\My Web Sites\Ultrasone\Ultrasone PRO-900 Detach small 1.jpg --> moon-audio.com /drubrew/Ultrasone Ultrasone PRO-900 Detach small 1.jpg
2010.01.03 20:11 B C:\Users\drubrew\Documents\My Web Sites\Ultrasone\Ultrasone PRO-900 Detach small 2.jpg --> moon-audio.com /drubrew/Ultrasone Ultrasone PRO-900 Detach small 2.jpg
2010.01.03 20:11 B C:\Users\drubrew\Documents\My Web Sites\Ultrasone\Ultrasone PRO-900 Detach small 3.jpg --> moon-audio.com /drubrew/Ultrasone Ultrasone PRO-900 Detach small 3.jpg
2010.01.03 20:11 B C:\Users\drubrew\Documents\My Web Sites\Ultrasone\Ultrasone PRO-900 Detach small 4.jpg --> moon-audio.com /drubrew/Ultrasone Ultrasone PRO-900 Detach small 4.jpg
2010.01.03 20:11 B C:\Users\drubrew\Documents\My Web Sites\Ultrasone\UltrasonePRO550_1.jpg --> moon-audio.com /drubrew/Ultrasone UltrasonePRO550_1.jpg
2010.01.03 20:11 B C:\Users\drubrew\Documents\My Web Sites\Ultrasone\UltrasonePRO550_2.jpg --> moon-audio.com /drubrew/Ultrasone UltrasonePRO550_2.jpg
2010.01.03 20:11 B C:\Users\drubrew\Documents\My Web Sites\Ultrasone\UltrasonePRO550_3.jpg --> moon-audio.com /drubrew/Ultrasone UltrasonePRO550_3.jpg
2010.01.03 20:11 B C:\Users\drubrew\Documents\My Web Sites\Ultrasone\UltrasonePRO550_4.jpg --> moon-audio.com /drubrew/Ultrasone UltrasonePRO550_4.jpg
2010.01.03 20:11 B C:\Users\drubrew\Documents\My Web Sites\Ultrasone\WS_FTP.LOG --> moon-audio.com /drubrew/Ultrasone WS_FTP.LOG
2010.01.27 13:20 B C:\Users\Drew\Documents\My Web Sites\Ultrasone\HF2400-1.jpg --> www.moon-audio.com /drubrew/Ultrasone HF2400-1.jpg
2010.01.27 13:20 B C:\Users\Drew\Documents\My Web Sites\Ultrasone\HF2400-2.jpg --> www.moon-audio.com /drubrew/Ultrasone HF2400-2.jpg
2010.01.27 13:20 B C:\Users\Drew\Documents\My Web Sites\Ultrasone\HF2400-3.jpg --> www.moon-audio.com /drubrew/Ultrasone HF2400-3.jpg
2010.01.27 13:20 B C:\Users\Drew\Documents\My Web Sites\Ultrasone\HF2400.jpg --> www.moon-audio.com /drubrew/Ultrasone HF2400.jpg
2010.01.27 13:23 B C:\Users\Drew\Documents\My Web Sites\Ultrasone\HFI2400_4farbig_photoshop.zip --> www.moon-audio.com /drubrew/Ultrasone HFI2400_4farbig_photoshop.zip
2010.03.15 21:09 B C:\Users\Drew\Documents\My Web Sites\Ultrasone\Ultrasone Edition 8 P small.jpg --> www.moon-audio.com /drubrew/Ultrasone Ultrasone Edition 8 P small.jpg
2010.03.15 21:09 B C:\Users\Drew\Documents\My Web Sites\Ultrasone\Ultrasone Edition 8 P.jpg --> www.moon-audio.com /drubrew/Ultrasone Ultrasone Edition 8 P.jpg
2010.03.15 21:09 B C:\Users\Drew\Documents\My Web Sites\Ultrasone\Ultrasone Edition 8 P2 small.jpg --> www.moon-audio.com /drubrew/Ultrasone Ultrasone Edition 8 P2 small.jpg
2010.03.15 21:09 B C:\Users\Drew\Documents\My Web Sites\Ultrasone\Ultrasone Edition 8 P2.jpg --> www.moon-audio.com /drubrew/Ultrasone Ultrasone Edition 8 P2.jpg
2010.04.12 14:52 B C:\Users\Drew\Documents\My Web Sites\Ultrasone\Edition8Palladium_jpgs.zip --> www.moon-audio.com /drubrew/Ultrasone Edition8Palladium_jpgs.zip
2010.04.12 14:52 B C:\Users\Drew\Documents\My Web Sites\Ultrasone\HF2400-1.jpg --> www.moon-audio.com /drubrew/Ultrasone HF2400-1.jpg
2010.04.12 14:52 B C:\Users\Drew\Documents\My Web Sites\Ultrasone\HF2400-2.jpg --> www.moon-audio.com /drubrew/Ultrasone HF2400-2.jpg
2010.04.12 14:52 B C:\Users\Drew\Documents\My Web Sites\Ultrasone\HF2400-3.jpg --> www.moon-audio.com /drubrew/Ultrasone HF2400-3.jpg
2010.04.12 14:52 B C:\Users\Drew\Documents\My Web Sites\Ultrasone\HF2400.jpg --> www.moon-audio.com /drubrew/Ultrasone HF2400.jpg
2010.04.12 14:52 B C:\Users\Drew\Documents\My Web Sites\Ultrasone\Mod Ulrta 2500 Blue 2.jpg --> www.moon-audio.com /drubrew/Ultrasone Mod Ulrta 2500 Blue 2.jpg
2010.04.12 14:52 B C:\Users\Drew\Documents\My Web Sites\Ultrasone\Mod Ultra 2500 Blue 1.jpg --> www.moon-audio.com /drubrew/Ultrasone Mod Ultra 2500 Blue 1.jpg
2010.04.12 14:52 B C:\Users\Drew\Documents\My Web Sites\Ultrasone\ModED7BlackD.jpg --> www.moon-audio.com /drubrew/Ultrasone ModED7BlackD.jpg
2010.04.12 14:52 B C:\Users\Drew\Documents\My Web Sites\Ultrasone\ModED7BlackD2.jpg --> www.moon-audio.com /drubrew/Ultrasone ModED7BlackD2.jpg
2010.04.12 14:52 B C:\Users\Drew\Documents\My Web Sites\Ultrasone\ModED7BlackD3.jpg --> www.moon-audio.com /drubrew/Ultrasone ModED7BlackD3.jpg
2010.04.12 14:53 B C:\Users\Drew\Documents\My Web Sites\Ultrasone\ModUltra580BlueD1.jpg --> www.moon-audio.com /drubrew/Ultrasone ModUltra580BlueD1.jpg
2010.04.12 14:53 B C:\Users\Drew\Documents\My Web Sites\Ultrasone\ModUltra650SD1.jpg --> www.moon-audio.com /drubrew/Ultrasone ModUltra650SD1.jpg
2010.04.12 14:53 B C:\Users\Drew\Documents\My Web Sites\Ultrasone\ModUltra650SD2.jpg --> www.moon-audio.com /drubrew/Ultrasone ModUltra650SD2.jpg
2010.04.12 14:53 B C:\Users\Drew\Documents\My Web Sites\Ultrasone\ModUltra750BD2.jpg --> www.moon-audio.com /drubrew/Ultrasone ModUltra750BD2.jpg
2010.04.12 14:53 B C:\Users\Drew\Documents\My Web Sites\Ultrasone\ModUltra750SD1.jpg --> www.moon-audio.com /drubrew/Ultrasone ModUltra750SD1.jpg
2010.04.12 14:53 B C:\Users\Drew\Documents\My Web Sites\Ultrasone\ModUltra750SD2.jpg --> www.moon-audio.com /drubrew/Ultrasone ModUltra750SD2.jpg
2010.04.12 14:53 B C:\Users\Drew\Documents\My Web Sites\Ultrasone\ModUltra900BD1.jpg --> www.moon-audio.com /drubrew/Ultrasone ModUltra900BD1.jpg
2010.04.12 14:53 B C:\Users\Drew\Documents\My Web Sites\Ultrasone\ModUltra900BD1small.jpg --> www.moon-audio.com /drubrew/Ultrasone ModUltra900BD1small.jpg
2010.04.12 14:54 B C:\Users\Drew\Documents\My Web Sites\Ultrasone\Thumbs.db --> www.moon-audio.com /drubrew/Ultrasone Thumbs.db
2010.04.12 14:54 B C:\Users\Drew\Documents\My Web Sites\Ultrasone\Ultrasone Edition 8 P small.jpg --> www.moon-audio.com /drubrew/Ultrasone Ultrasone Edition 8 P small.jpg
2010.04.12 14:54 B C:\Users\Drew\Documents\My Web Sites\Ultrasone\Ultrasone Edition 8 P.jpg --> www.moon-audio.com /drubrew/Ultrasone Ultrasone Edition 8 P.jpg
2010.04.12 14:54 B C:\Users\Drew\Documents\My Web Sites\Ultrasone\Ultrasone Edition 8 P2 small.jpg --> www.moon-audio.com /drubrew/Ultrasone Ultrasone Edition 8 P2 small.jpg
2010.04.12 14:54 B C:\Users\Drew\Documents\My Web Sites\Ultrasone\Ultrasone Edition 8 P2.jpg --> www.moon-audio.com /drubrew/Ultrasone Ultrasone Edition 8 P2.jpg
2010.04.12 14:54 B C:\Users\Drew\Documents\My Web Sites\Ultrasone\Ultrasone PRO-900 Detach small 1.jpg --> www.moon-audio.com /drubrew/Ultrasone Ultrasone PRO-900 Detach small 1.jpg
2010.04.12 14:54 B C:\Users\Drew\Documents\My Web Sites\Ultrasone\Ultrasone PRO-900 Detach small 4.jpg --> www.moon-audio.com /drubrew/Ultrasone Ultrasone PRO-900 Detach small 4.jpg
2010.06.24 09:47 B C:\Users\Drew\Documents\My Web Sites\Ultrasone\ED8 LE Wood 2 small.jpg --> www.moon-audio.com /drubrew/Ultrasone ED8 LE Wood 2 small.jpg
2010.06.24 09:47 B C:\Users\Drew\Documents\My Web Sites\Ultrasone\ED8 LE Wood 2.jpg --> www.moon-audio.com /drubrew/Ultrasone ED8 LE Wood 2.jpg
2010.06.24 09:47 B C:\Users\Drew\Documents\My Web Sites\Ultrasone\ED8 LE Wood small.jpg --> www.moon-audio.com /drubrew/Ultrasone ED8 LE Wood small.jpg
2010.06.24 09:47 B C:\Users\Drew\Documents\My Web Sites\Ultrasone\ED8 LE Wood.jpg --> www.moon-audio.com /drubrew/Ultrasone ED8 LE Wood.jpg
2010.06.24 09:48 B C:\Users\Drew\Documents\My Web Sites\Ultrasone\Ultrasone Edition 8 BD Protector 1 640.jpg --> www.moon-audio.com /drubrew/Ultrasone Ultrasone Edition 8 BD Protector 1 640.jpg
2010.06.24 09:48 B C:\Users\Drew\Documents\My Web Sites\Ultrasone\Ultrasone Edition 8 BD Protector 1.jpg --> www.moon-audio.com /drubrew/Ultrasone Ultrasone Edition 8 BD Protector 1.jpg
2010.06.24 09:48 B C:\Users\Drew\Documents\My Web Sites\Ultrasone\Ultrasone Edition 8 BD Protector 2 640.jpg --> www.moon-audio.com /drubrew/Ultrasone Ultrasone Edition 8 BD Protector 2 640.jpg
2010.06.24 09:48 B C:\Users\Drew\Documents\My Web Sites\Ultrasone\Ultrasone Edition 8 BD Protector 2.jpg --> www.moon-audio.com /drubrew/Ultrasone Ultrasone Edition 8 BD Protector 2.jpg
2010.06.24 09:48 B C:\Users\Drew\Documents\My Web Sites\Ultrasone\Ultrasone Edition 8 BD Protector 3 640.jpg --> www.moon-audio.com /drubrew/Ultrasone Ultrasone Edition 8 BD Protector 3 640.jpg
2010.06.24 09:49 B C:\Users\Drew\Documents\My Web Sites\Ultrasone\Ultrasone Edition 8 BD Protector 3.jpg --> www.moon-audio.com /drubrew/Ultrasone Ultrasone Edition 8 BD Protector 3.jpg
2010.11.17 19:56 B C:\Users\Drew\Documents\My Web Sites\Ultrasone\Edition10-1.bmp --> moon-audio.com /drubrew/Ultrasone Edition10-1.bmp
2010.11.17 19:56 B C:\Users\Drew\Documents\My Web Sites\Ultrasone\Edition10-2.bmp --> moon-audio.com /drubrew/Ultrasone Edition10-2.bmp
2010.11.17 19:56 B C:\Users\Drew\Documents\My Web Sites\Ultrasone\Edition8Limited.jpg --> moon-audio.com /drubrew/Ultrasone Edition8Limited.jpg
2010.11.17 19:56 B C:\Users\Drew\Documents\My Web Sites\Ultrasone\Edition8Limited2.jpg --> moon-audio.com /drubrew/Ultrasone Edition8Limited2.jpg
2010.11.17 19:56 B C:\Users\Drew\Documents\My Web Sites\Ultrasone\ModUltra900BD1small.jpg --> moon-audio.com /drubrew/Ultrasone ModUltra900BD1small.jpg
2010.11.17 19:56 B C:\Users\Drew\Documents\My Web Sites\Ultrasone\PalladiumED8-1.jpg --> moon-audio.com /drubrew/Ultrasone PalladiumED8-1.jpg
2010.11.17 19:57 B C:\Users\Drew\Documents\My Web Sites\Ultrasone\PalladiumED8-2.jpg --> moon-audio.com /drubrew/Ultrasone PalladiumED8-2.jpg
2010.11.17 19:57 B C:\Users\Drew\Documents\My Web Sites\Ultrasone\PalladiumED8-3.jpg --> moon-audio.com /drubrew/Ultrasone PalladiumED8-3.jpg
2010.11.17 19:57 B C:\Users\Drew\Documents\My Web Sites\Ultrasone\PRO2900_closed_4c.jpg --> moon-audio.com /drubrew/Ultrasone PRO2900_closed_4c.jpg
2010.11.17 19:57 B C:\Users\Drew\Documents\My Web Sites\Ultrasone\PRO2900_flat_4c.jpg --> moon-audio.com /drubrew/Ultrasone PRO2900_flat_4c.jpg
2010.11.17 19:57 B C:\Users\Drew\Documents\My Web Sites\Ultrasone\PRO2900_image_4c.jpg --> moon-audio.com /drubrew/Ultrasone PRO2900_image_4c.jpg
2010.11.17 19:57 B C:\Users\Drew\Documents\My Web Sites\Ultrasone\PRO2900_opendiagonal_4c.jpg --> moon-audio.com /drubrew/Ultrasone PRO2900_opendiagonal_4c.jpg
2010.11.17 19:57 B C:\Users\Drew\Documents\My Web Sites\Ultrasone\PRO2900_sl_photos_4c.zip --> moon-audio.com /drubrew/Ultrasone PRO2900_sl_photos_4c.zip
2010.11.17 19:57 B C:\Users\Drew\Documents\My Web Sites\Ultrasone\PRO2900box_4c.jpg --> moon-audio.com /drubrew/Ultrasone PRO2900box_4c.jpg
2010.11.17 19:58 B C:\Users\Drew\Documents\My Web Sites\Ultrasone\Thumbs.db --> moon-audio.com /drubrew/Ultrasone Thumbs.db
2010.11.17 19:58 B C:\Users\Drew\Documents\My Web Sites\Ultrasone\Ultrasone PRO-900 Detach small 1.jpg --> moon-audio.com /drubrew/Ultrasone Ultrasone PRO-900 Detach small 1.jpg
2010.11.17 19:58 B C:\Users\Drew\Documents\My Web Sites\Ultrasone\Ultrasone PRO-900 Detach small 4.jpg --> moon-audio.com /drubrew/Ultrasone Ultrasone PRO-900 Detach small 4.jpg
2010.11.18 14:17 B C:\Users\Drew\Documents\My Web Sites\Ultrasone\UltrasoneEdition8paladiumAdapter1.jpg --> moon-audio.com /drubrew/Ultrasone UltrasoneEdition8paladiumAdapter1.jpg
2010.11.18 14:17 B C:\Users\Drew\Documents\My Web Sites\Ultrasone\UltrasoneEdition8paladiumAdapter1small.jpg --> moon-audio.com /drubrew/Ultrasone UltrasoneEdition8paladiumAdapter1small.jpg
2011.01.31 17:50 B C:\Users\Drew\Documents\My Web Sites\Ultrasone\Ultrasone_Edition_10_Silver_Dragon_1.jpg --> moon-audio.com /drubrew/Ultrasone Ultrasone_Edition_10_Silver_Dragon_1.jpg
2011.01.31 17:50 B C:\Users\Drew\Documents\My Web Sites\Ultrasone\Ultrasone_Edition_10_Silver_Dragon_1_small.jpg --> moon-audio.com /drubrew/Ultrasone Ultrasone_Edition_10_Silver_Dragon_1_small.jpg
2011.04.04 11:48 B C:\Users\Drew\Documents\My Web Sites\Ultrasone\Edition8Limited3.jpg --> moon-audio.com /drubrew/Ultrasone Edition8Limited3.jpg
2011.04.04 11:48 B C:\Users\Drew\Documents\My Web Sites\Ultrasone\Edition8Limited4.jpg --> moon-audio.com /drubrew/Ultrasone Edition8Limited4.jpg
2011.04.06 20:00 B C:\Users\Drew\Documents\My Web Sites\Ultrasone\Edition8Limited1.jpg --> moon-audio.com /drubrew/Ultrasone Edition8Limited1.jpg
2011.04.06 20:00 B C:\Users\Drew\Documents\My Web Sites\Ultrasone\Edition8Limited3.jpg --> moon-audio.com /drubrew/Ultrasone Edition8Limited3.jpg
2011.04.06 20:00 B C:\Users\Drew\Documents\My Web Sites\Ultrasone\Edition8Limited4.jpg --> moon-audio.com /drubrew/Ultrasone Edition8Limited4.jpg
2011.04.06 20:01 B C:\Users\Drew\Documents\My Web Sites\Ultrasone\PRO2900_closed_4c.jpg --> moon-audio.com /drubrew/Ultrasone PRO2900_closed_4c.jpg
2011.04.06 20:01 B C:\Users\Drew\Documents\My Web Sites\Ultrasone\PRO2900_flat_4c.jpg --> moon-audio.com /drubrew/Ultrasone PRO2900_flat_4c.jpg
2011.04.06 20:01 B C:\Users\Drew\Documents\My Web Sites\Ultrasone\PRO2900_image_4c.jpg --> moon-audio.com /drubrew/Ultrasone PRO2900_image_4c.jpg
2011.04.06 20:01 B C:\Users\Drew\Documents\My Web Sites\Ultrasone\PRO2900_opendiagonal_4c.jpg --> moon-audio.com /drubrew/Ultrasone PRO2900_opendiagonal_4c.jpg
2011.04.06 20:01 B C:\Users\Drew\Documents\My Web Sites\Ultrasone\PRO2900_sl_photos_4c.zip --> moon-audio.com /drubrew/Ultrasone PRO2900_sl_photos_4c.zip
2011.04.06 20:01 B C:\Users\Drew\Documents\My Web Sites\Ultrasone\PRO2900box_4c.jpg --> moon-audio.com /drubrew/Ultrasone PRO2900box_4c.jpg
2011.04.06 20:01 B C:\Users\Drew\Documents\My Web Sites\Ultrasone\Thumbs.db --> moon-audio.com /drubrew/Ultrasone Thumbs.db
2011.04.06 20:01 B C:\Users\Drew\Documents\My Web Sites\Ultrasone\Ultrasone_Edition_10_Silver_Dragon_1.jpg --> moon-audio.com /drubrew/Ultrasone Ultrasone_Edition_10_Silver_Dragon_1.jpg
2011.04.06 20:01 B C:\Users\Drew\Documents\My Web Sites\Ultrasone\Ultrasone_Edition_10_Silver_Dragon_1_small.jpg --> moon-audio.com /drubrew/Ultrasone Ultrasone_Edition_10_Silver_Dragon_1_small.jpg
2011.04.06 20:01 B C:\Users\Drew\Documents\My Web Sites\Ultrasone\Ultrasone_Edition_10_Silver_Dragon_2.jpg --> moon-audio.com /drubrew/Ultrasone Ultrasone_Edition_10_Silver_Dragon_2.jpg
2011.04.06 20:01 B C:\Users\Drew\Documents\My Web Sites\Ultrasone\Ultrasone_Edition_10_Silver_Dragon_2_small.jpg --> moon-audio.com /drubrew/Ultrasone Ultrasone_Edition_10_Silver_Dragon_2_small.jpg
2011.04.06 20:02 B C:\Users\Drew\Documents\My Web Sites\Ultrasone\UltrasoneEdition8paladiumAdapter1.jpg --> moon-audio.com /drubrew/Ultrasone UltrasoneEdition8paladiumAdapter1.jpg
2011.04.06 20:02 B C:\Users\Drew\Documents\My Web Sites\Ultrasone\UltrasoneEdition8paladiumAdapter1small.jpg --> moon-audio.com /drubrew/Ultrasone UltrasoneEdition8paladiumAdapter1small.jpg
2011.04.06 20:11 B C:\Users\Drew\Documents\My Web Sites\Ultrasone\Edition8Limited1.jpg --> moon-audio.com /drubrew/Ultrasone Edition8Limited1.jpg
2011.04.06 20:14 B C:\Users\Drew\Documents\My Web Sites\Ultrasone\Edition8Limited.jpg --> moon-audio.com /drubrew/Ultrasone Edition8Limited.jpg
2011.04.06 20:14 B C:\Users\Drew\Documents\My Web Sites\Ultrasone\Edition8Limited1.jpg --> moon-audio.com /drubrew/Ultrasone Edition8Limited1.jpg
2011.04.06 20:14 B C:\Users\Drew\Documents\My Web Sites\Ultrasone\Edition8Limited2.jpg --> moon-audio.com /drubrew/Ultrasone Edition8Limited2.jpg
2011.04.06 20:14 B C:\Users\Drew\Documents\My Web Sites\Ultrasone\Edition8Limited3.jpg --> moon-audio.com /drubrew/Ultrasone Edition8Limited3.jpg
2011.04.06 20:14 B C:\Users\Drew\Documents\My Web Sites\Ultrasone\Edition8Limited4.jpg --> moon-audio.com /drubrew/Ultrasone Edition8Limited4.jpg
2011.04.06 20:26 B C:\Users\Drew\Documents\My Web Sites\Ultrasone\Edition10-1.jpg --> moon-audio.com /drubrew/Ultrasone Edition10-1.jpg
2011.04.06 20:26 B C:\Users\Drew\Documents\My Web Sites\Ultrasone\Edition10-2.jpg --> moon-audio.com /drubrew/Ultrasone Edition10-2.jpg
2011.04.06 20:26 B C:\Users\Drew\Documents\My Web Sites\Ultrasone\Edition10-3.jpg --> moon-audio.com /drubrew/Ultrasone Edition10-3.jpg
2011.04.06 20:26 B C:\Users\Drew\Documents\My Web Sites\Ultrasone\Edition10-4.jpg --> moon-audio.com /drubrew/Ultrasone Edition10-4.jpg
2011.07.24 15:04 B C:\Users\Drew\Documents\My Web Sites\Ultrasone\ED8 LE Wood 2 small.jpg --> moon-audio.com /Ultrasone ED8 LE Wood 2 small.jpg
2011.07.24 15:04 B C:\Users\Drew\Documents\My Web Sites\Ultrasone\ED8 LE Wood 2.jpg --> moon-audio.com /Ultrasone ED8 LE Wood 2.jpg
2011.07.24 15:04 B C:\Users\Drew\Documents\My Web Sites\Ultrasone\ED8 LE Wood small.jpg --> moon-audio.com /Ultrasone ED8 LE Wood small.jpg
2011.07.24 15:04 B C:\Users\Drew\Documents\My Web Sites\Ultrasone\ED8 LE Wood.jpg --> moon-audio.com /Ultrasone ED8 LE Wood.jpg
2011.07.24 15:04 B C:\Users\Drew\Documents\My Web Sites\Ultrasone\Edition10-1.jpg --> moon-audio.com /Ultrasone Edition10-1.jpg
2011.07.24 15:04 B C:\Users\Drew\Documents\My Web Sites\Ultrasone\Edition10-2.jpg --> moon-audio.com /Ultrasone Edition10-2.jpg
2011.07.24 15:04 B C:\Users\Drew\Documents\My Web Sites\Ultrasone\Edition10-3.jpg --> moon-audio.com /Ultrasone Edition10-3.jpg
2011.07.24 15:04 B C:\Users\Drew\Documents\My Web Sites\Ultrasone\Edition10-4.jpg --> moon-audio.com /Ultrasone Edition10-4.jpg
2011.07.24 15:04 B C:\Users\Drew\Documents\My Web Sites\Ultrasone\Edition8.bmp --> moon-audio.com /Ultrasone Edition8.bmp
2011.07.24 15:04 B C:\Users\Drew\Documents\My Web Sites\Ultrasone\Edition8Limited.jpg --> moon-audio.com /Ultrasone Edition8Limited.jpg
2011.07.24 15:04 B C:\Users\Drew\Documents\My Web Sites\Ultrasone\Edition8Limited1.jpg --> moon-audio.com /Ultrasone Edition8Limited1.jpg
2011.07.24 15:04 B C:\Users\Drew\Documents\My Web Sites\Ultrasone\Edition8Limited2.jpg --> moon-audio.com /Ultrasone Edition8Limited2.jpg
2011.07.24 15:04 B C:\Users\Drew\Documents\My Web Sites\Ultrasone\Edition8Limited3.jpg --> moon-audio.com /Ultrasone Edition8Limited3.jpg
2011.07.24 15:04 B C:\Users\Drew\Documents\My Web Sites\Ultrasone\Edition8Limited4.jpg --> moon-audio.com /Ultrasone Edition8Limited4.jpg
2011.07.24 15:04 B C:\Users\Drew\Documents\My Web Sites\Ultrasone\HF2400-1.jpg --> moon-audio.com /Ultrasone HF2400-1.jpg
2011.07.24 15:04 B C:\Users\Drew\Documents\My Web Sites\Ultrasone\HF2400-2.jpg --> moon-audio.com /Ultrasone HF2400-2.jpg
2011.07.24 15:04 B C:\Users\Drew\Documents\My Web Sites\Ultrasone\HF2400-3.jpg --> moon-audio.com /Ultrasone HF2400-3.jpg
2011.07.24 15:04 B C:\Users\Drew\Documents\My Web Sites\Ultrasone\HF2400.jpg --> moon-audio.com /Ultrasone HF2400.jpg
2011.07.24 15:04 B C:\Users\Drew\Documents\My Web Sites\Ultrasone\HFI650scratch.jpg --> moon-audio.com /Ultrasone HFI650scratch.jpg
2011.07.24 15:04 B C:\Users\Drew\Documents\My Web Sites\Ultrasone\IMG_1143.JPG --> moon-audio.com /Ultrasone IMG_1143.JPG
2011.07.24 15:05 B C:\Users\Drew\Documents\My Web Sites\Ultrasone\IMG_1144.JPG --> moon-audio.com /Ultrasone IMG_1144.JPG
2011.07.24 15:05 B C:\Users\Drew\Documents\My Web Sites\Ultrasone\IMG_1145.JPG --> moon-audio.com /Ultrasone IMG_1145.JPG
2011.07.24 15:05 B C:\Users\Drew\Documents\My Web Sites\Ultrasone\IMG_1146.JPG --> moon-audio.com /Ultrasone IMG_1146.JPG
2011.07.24 15:06 B C:\Users\Drew\Documents\My Web Sites\Ultrasone\IMG_1147.JPG --> moon-audio.com /Ultrasone IMG_1147.JPG
2011.07.24 15:06 B C:\Users\Drew\Documents\My Web Sites\Ultrasone\IMG_1148.JPG --> moon-audio.com /Ultrasone IMG_1148.JPG
2011.07.24 15:07 B C:\Users\Drew\Documents\My Web Sites\Ultrasone\IMG_1149.JPG --> moon-audio.com /Ultrasone IMG_1149.JPG
2011.07.24 15:07 B C:\Users\Drew\Documents\My Web Sites\Ultrasone\IMG_1150.JPG --> moon-audio.com /Ultrasone IMG_1150.JPG
2011.07.24 15:08 B C:\Users\Drew\Documents\My Web Sites\Ultrasone\IMG_1151.JPG --> moon-audio.com /Ultrasone IMG_1151.JPG
2011.07.24 15:08 B C:\Users\Drew\Documents\My Web Sites\Ultrasone\IMG_1152.JPG --> moon-audio.com /Ultrasone IMG_1152.JPG
2011.07.24 15:08 B C:\Users\Drew\Documents\My Web Sites\Ultrasone\IMG_1153.JPG --> moon-audio.com /Ultrasone IMG_1153.JPG
2011.07.24 15:08 B C:\Users\Drew\Documents\My Web Sites\Ultrasone\masthead.jpg --> moon-audio.com /Ultrasone masthead.jpg
2011.07.24 15:09 B C:\Users\Drew\Documents\My Web Sites\Ultrasone\Mod Ulrta 2500 Blue 2.jpg --> moon-audio.com /Ultrasone Mod Ulrta 2500 Blue 2.jpg
2011.07.24 15:09 B C:\Users\Drew\Documents\My Web Sites\Ultrasone\Mod Ultra 2500 Blue 1.jpg --> moon-audio.com /Ultrasone Mod Ultra 2500 Blue 1.jpg
2011.07.24 15:09 B C:\Users\Drew\Documents\My Web Sites\Ultrasone\ModED7BlackD.jpg --> moon-audio.com /Ultrasone ModED7BlackD.jpg
2011.07.24 15:09 B C:\Users\Drew\Documents\My Web Sites\Ultrasone\ModED7BlackD2.jpg --> moon-audio.com /Ultrasone ModED7BlackD2.jpg
2011.07.24 15:09 B C:\Users\Drew\Documents\My Web Sites\Ultrasone\ModED7BlackD3.jpg --> moon-audio.com /Ultrasone ModED7BlackD3.jpg
2011.07.24 15:09 B C:\Users\Drew\Documents\My Web Sites\Ultrasone\ModUltra580BlueD1.jpg --> moon-audio.com /Ultrasone ModUltra580BlueD1.jpg
2011.07.24 15:09 B C:\Users\Drew\Documents\My Web Sites\Ultrasone\ModUltra650SD1.jpg --> moon-audio.com /Ultrasone ModUltra650SD1.jpg
2011.07.24 15:09 B C:\Users\Drew\Documents\My Web Sites\Ultrasone\ModUltra650SD2.jpg --> moon-audio.com /Ultrasone ModUltra650SD2.jpg
2011.07.24 15:09 B C:\Users\Drew\Documents\My Web Sites\Ultrasone\ModUltra750BD2.jpg --> moon-audio.com /Ultrasone ModUltra750BD2.jpg
2011.07.24 15:09 B C:\Users\Drew\Documents\My Web Sites\Ultrasone\ModUltra750SD1.jpg --> moon-audio.com /Ultrasone ModUltra750SD1.jpg
2011.07.24 15:09 B C:\Users\Drew\Documents\My Web Sites\Ultrasone\ModUltra750SD2.jpg --> moon-audio.com /Ultrasone ModUltra750SD2.jpg
2011.07.24 15:09 B C:\Users\Drew\Documents\My Web Sites\Ultrasone\ModUltra900BD1.jpg --> moon-audio.com /Ultrasone ModUltra900BD1.jpg
2011.07.24 15:09 B C:\Users\Drew\Documents\My Web Sites\Ultrasone\ModUltra900BD1small.jpg --> moon-audio.com /Ultrasone ModUltra900BD1small.jpg
2011.07.24 15:09 B C:\Users\Drew\Documents\My Web Sites\Ultrasone\PalladiumED8-1.jpg --> moon-audio.com /Ultrasone PalladiumED8-1.jpg
2011.07.24 15:09 B C:\Users\Drew\Documents\My Web Sites\Ultrasone\PalladiumED8-2.jpg --> moon-audio.com /Ultrasone PalladiumED8-2.jpg
2011.07.24 15:09 B C:\Users\Drew\Documents\My Web Sites\Ultrasone\PalladiumED8-3.jpg --> moon-audio.com /Ultrasone PalladiumED8-3.jpg
2011.07.24 15:09 B C:\Users\Drew\Documents\My Web Sites\Ultrasone\PRO2900_closed_4c.jpg --> moon-audio.com /Ultrasone PRO2900_closed_4c.jpg
2011.07.24 15:09 B C:\Users\Drew\Documents\My Web Sites\Ultrasone\PRO2900_flat_4c.jpg --> moon-audio.com /Ultrasone PRO2900_flat_4c.jpg
2011.07.24 15:09 B C:\Users\Drew\Documents\My Web Sites\Ultrasone\PRO2900_image_4c.jpg --> moon-audio.com /Ultrasone PRO2900_image_4c.jpg
2011.07.24 15:09 B C:\Users\Drew\Documents\My Web Sites\Ultrasone\PRO2900_opendiagonal_4c.jpg --> moon-audio.com /Ultrasone PRO2900_opendiagonal_4c.jpg
2011.07.24 15:09 B C:\Users\Drew\Documents\My Web Sites\Ultrasone\PRO2900_sl_photos_4c.zip --> moon-audio.com /Ultrasone PRO2900_sl_photos_4c.zip
2011.07.24 15:09 B C:\Users\Drew\Documents\My Web Sites\Ultrasone\PRO2900box_4c.jpg --> moon-audio.com /Ultrasone PRO2900box_4c.jpg
2011.07.24 15:09 B C:\Users\Drew\Documents\My Web Sites\Ultrasone\PRO900_box_4c.jpg --> moon-audio.com /Ultrasone PRO900_box_4c.jpg
2011.07.24 15:10 B C:\Users\Drew\Documents\My Web Sites\Ultrasone\Thumbs.db --> moon-audio.com /Ultrasone Thumbs.db
2011.07.24 15:10 B C:\Users\Drew\Documents\My Web Sites\Ultrasone\Ultrasone Edition 8 10.jpg --> moon-audio.com /Ultrasone Ultrasone Edition 8 10.jpg
2011.07.24 15:10 B C:\Users\Drew\Documents\My Web Sites\Ultrasone\Ultrasone Edition 8 100.jpg --> moon-audio.com /Ultrasone Ultrasone Edition 8 100.jpg
2011.07.24 15:10 B C:\Users\Drew\Documents\My Web Sites\Ultrasone\Ultrasone Edition 8 20.jpg --> moon-audio.com /Ultrasone Ultrasone Edition 8 20.jpg
2011.07.24 15:10 B C:\Users\Drew\Documents\My Web Sites\Ultrasone\Ultrasone Edition 8 30.jpg --> moon-audio.com /Ultrasone Ultrasone Edition 8 30.jpg
2011.07.24 15:10 B C:\Users\Drew\Documents\My Web Sites\Ultrasone\Ultrasone Edition 8 40.jpg --> moon-audio.com /Ultrasone Ultrasone Edition 8 40.jpg
2011.07.24 15:10 B C:\Users\Drew\Documents\My Web Sites\Ultrasone\Ultrasone Edition 8 50.jpg --> moon-audio.com /Ultrasone Ultrasone Edition 8 50.jpg
2011.07.24 15:10 B C:\Users\Drew\Documents\My Web Sites\Ultrasone\Ultrasone Edition 8 60.jpg --> moon-audio.com /Ultrasone Ultrasone Edition 8 60.jpg
2011.07.24 15:10 B C:\Users\Drew\Documents\My Web Sites\Ultrasone\Ultrasone Edition 8 70.jpg --> moon-audio.com /Ultrasone Ultrasone Edition 8 70.jpg
2011.07.24 15:10 B C:\Users\Drew\Documents\My Web Sites\Ultrasone\Ultrasone Edition 8 80.jpg --> moon-audio.com /Ultrasone Ultrasone Edition 8 80.jpg
2011.07.24 15:10 B C:\Users\Drew\Documents\My Web Sites\Ultrasone\Ultrasone Edition 8 90.jpg --> moon-audio.com /Ultrasone Ultrasone Edition 8 90.jpg
2011.07.24 15:10 B C:\Users\Drew\Documents\My Web Sites\Ultrasone\Ultrasone Edition 8 BD Protector 1 640.jpg --> moon-audio.com /Ultrasone Ultrasone Edition 8 BD Protector 1 640.jpg
2011.07.24 15:10 B C:\Users\Drew\Documents\My Web Sites\Ultrasone\Ultrasone Edition 8 BD Protector 1.jpg --> moon-audio.com /Ultrasone Ultrasone Edition 8 BD Protector 1.jpg
2011.07.24 15:10 B C:\Users\Drew\Documents\My Web Sites\Ultrasone\Ultrasone Edition 8 BD Protector 2 640.jpg --> moon-audio.com /Ultrasone Ultrasone Edition 8 BD Protector 2 640.jpg
2011.07.24 15:10 B C:\Users\Drew\Documents\My Web Sites\Ultrasone\Ultrasone Edition 8 BD Protector 2.jpg --> moon-audio.com /Ultrasone Ultrasone Edition 8 BD Protector 2.jpg
2011.07.24 15:10 B C:\Users\Drew\Documents\My Web Sites\Ultrasone\Ultrasone Edition 8 BD Protector 3 640.jpg --> moon-audio.com /Ultrasone Ultrasone Edition 8 BD Protector 3 640.jpg
2011.07.24 15:10 B C:\Users\Drew\Documents\My Web Sites\Ultrasone\Ultrasone Edition 8 BD Protector 3.jpg --> moon-audio.com /Ultrasone Ultrasone Edition 8 BD Protector 3.jpg
2011.07.24 15:10 B C:\Users\Drew\Documents\My Web Sites\Ultrasone\Ultrasone Edition 8 P small.jpg --> moon-audio.com /Ultrasone Ultrasone Edition 8 P small.jpg
2011.07.24 15:10 B C:\Users\Drew\Documents\My Web Sites\Ultrasone\Ultrasone Edition 8 P.jpg --> moon-audio.com /Ultrasone Ultrasone Edition 8 P.jpg
2011.07.24 15:10 B C:\Users\Drew\Documents\My Web Sites\Ultrasone\Ultrasone Edition 8 P2 small.jpg --> moon-audio.com /Ultrasone Ultrasone Edition 8 P2 small.jpg
2011.07.24 15:10 B C:\Users\Drew\Documents\My Web Sites\Ultrasone\Ultrasone Edition 8 P2.jpg --> moon-audio.com /Ultrasone Ultrasone Edition 8 P2.jpg
2011.07.24 15:10 B C:\Users\Drew\Documents\My Web Sites\Ultrasone\Ultrasone Edition 8 SD 1.jpg --> moon-audio.com /Ultrasone Ultrasone Edition 8 SD 1.jpg
2011.07.24 15:10 B C:\Users\Drew\Documents\My Web Sites\Ultrasone\Ultrasone Edition 8 SD 2.jpg --> moon-audio.com /Ultrasone Ultrasone Edition 8 SD 2.jpg
2011.07.24 15:10 B C:\Users\Drew\Documents\My Web Sites\Ultrasone\Ultrasone Edition 8 SD 3.jpg --> moon-audio.com /Ultrasone Ultrasone Edition 8 SD 3.jpg
2011.07.24 15:10 B C:\Users\Drew\Documents\My Web Sites\Ultrasone\Ultrasone Edition 8 SD 4 640.jpg --> moon-audio.com /Ultrasone Ultrasone Edition 8 SD 4 640.jpg
2011.07.24 15:10 B C:\Users\Drew\Documents\My Web Sites\Ultrasone\Ultrasone Edition 8 SD 4.jpg --> moon-audio.com /Ultrasone Ultrasone Edition 8 SD 4.jpg
2011.07.24 15:10 B C:\Users\Drew\Documents\My Web Sites\Ultrasone\Ultrasone Edition 8 SD 5 640.jpg --> moon-audio.com /Ultrasone Ultrasone Edition 8 SD 5 640.jpg
2011.07.24 15:10 B C:\Users\Drew\Documents\My Web Sites\Ultrasone\Ultrasone Edition 8 SD 5.jpg --> moon-audio.com /Ultrasone Ultrasone Edition 8 SD 5.jpg
2011.07.24 15:10 B C:\Users\Drew\Documents\My Web Sites\Ultrasone\Ultrasone Edition 8 SD 6.jpg --> moon-audio.com /Ultrasone Ultrasone Edition 8 SD 6.jpg
2011.07.24 15:10 B C:\Users\Drew\Documents\My Web Sites\Ultrasone\Ultrasone Edition 8 SD 7.jpg --> moon-audio.com /Ultrasone Ultrasone Edition 8 SD 7.jpg
2011.07.24 15:10 B C:\Users\Drew\Documents\My Web Sites\Ultrasone\Ultrasone Edition 8 SD 8.jpg --> moon-audio.com /Ultrasone Ultrasone Edition 8 SD 8.jpg
2011.07.24 15:10 B C:\Users\Drew\Documents\My Web Sites\Ultrasone\Ultrasone Edition 9 1.jpg --> moon-audio.com /Ultrasone Ultrasone Edition 9 1.jpg
2011.07.24 15:10 B C:\Users\Drew\Documents\My Web Sites\Ultrasone\Ultrasone Edition 9 2.jpg --> moon-audio.com /Ultrasone Ultrasone Edition 9 2.jpg
2011.07.24 15:10 B C:\Users\Drew\Documents\My Web Sites\Ultrasone\Ultrasone Edition 9 4.jpg --> moon-audio.com /Ultrasone Ultrasone Edition 9 4.jpg
2011.07.24 15:10 B C:\Users\Drew\Documents\My Web Sites\Ultrasone\Ultrasone Edition9-3.jpg --> moon-audio.com /Ultrasone Ultrasone Edition9-3.jpg
2011.07.24 15:10 B C:\Users\Drew\Documents\My Web Sites\Ultrasone\Ultrasone HFI-2200 1.jpg --> moon-audio.com /Ultrasone Ultrasone HFI-2200 1.jpg
2011.07.24 15:10 B C:\Users\Drew\Documents\My Web Sites\Ultrasone\Ultrasone HFI-2200 2.jpg --> moon-audio.com /Ultrasone Ultrasone HFI-2200 2.jpg
2011.07.24 15:10 B C:\Users\Drew\Documents\My Web Sites\Ultrasone\Ultrasone HFI-2200 3.jpg --> moon-audio.com /Ultrasone Ultrasone HFI-2200 3.jpg
2011.07.24 15:10 B C:\Users\Drew\Documents\My Web Sites\Ultrasone\Ultrasone HFI-2200 4.jpg --> moon-audio.com /Ultrasone Ultrasone HFI-2200 4.jpg
2011.07.24 15:10 B C:\Users\Drew\Documents\My Web Sites\Ultrasone\Ultrasone HFI-2200 Detach 1.jpg --> moon-audio.com /Ultrasone Ultrasone HFI-2200 Detach 1.jpg
2011.07.24 15:10 B C:\Users\Drew\Documents\My Web Sites\Ultrasone\Ultrasone HFI-2200 Detach small 1.jpg --> moon-audio.com /Ultrasone Ultrasone HFI-2200 Detach small 1.jpg
2011.07.24 15:10 B C:\Users\Drew\Documents\My Web Sites\Ultrasone\Ultrasone HFI-580 1.jpg --> moon-audio.com /Ultrasone Ultrasone HFI-580 1.jpg
2011.07.24 15:10 B C:\Users\Drew\Documents\My Web Sites\Ultrasone\Ultrasone HFI-580 2.jpg --> moon-audio.com /Ultrasone Ultrasone HFI-580 2.jpg
2011.07.24 15:10 B C:\Users\Drew\Documents\My Web Sites\Ultrasone\Ultrasone HFI-580 3.jpg --> moon-audio.com /Ultrasone Ultrasone HFI-580 3.jpg
2011.07.24 15:10 B C:\Users\Drew\Documents\My Web Sites\Ultrasone\Ultrasone HFI-580 4.jpg --> moon-audio.com /Ultrasone Ultrasone HFI-580 4.jpg
2011.07.24 15:11 B C:\Users\Drew\Documents\My Web Sites\Ultrasone\Ultrasone HFI-680 1.jpg --> moon-audio.com /Ultrasone Ultrasone HFI-680 1.jpg
2011.07.24 15:11 B C:\Users\Drew\Documents\My Web Sites\Ultrasone\Ultrasone HFI-680 2.jpg --> moon-audio.com /Ultrasone Ultrasone HFI-680 2.jpg
2011.07.24 15:11 B C:\Users\Drew\Documents\My Web Sites\Ultrasone\Ultrasone HFI-680 3.jpg --> moon-audio.com /Ultrasone Ultrasone HFI-680 3.jpg
2011.07.24 15:11 B C:\Users\Drew\Documents\My Web Sites\Ultrasone\Ultrasone HFI-680 4.jpg --> moon-audio.com /Ultrasone Ultrasone HFI-680 4.jpg
2011.07.24 15:11 B C:\Users\Drew\Documents\My Web Sites\Ultrasone\Ultrasone HFI-780 1.jpg --> moon-audio.com /Ultrasone Ultrasone HFI-780 1.jpg
2011.07.24 15:11 B C:\Users\Drew\Documents\My Web Sites\Ultrasone\Ultrasone HFI-780 2.jpg --> moon-audio.com /Ultrasone Ultrasone HFI-780 2.jpg
2011.07.24 15:11 B C:\Users\Drew\Documents\My Web Sites\Ultrasone\Ultrasone HFI-780 3.jpg --> moon-audio.com /Ultrasone Ultrasone HFI-780 3.jpg
2011.07.24 15:11 B C:\Users\Drew\Documents\My Web Sites\Ultrasone\Ultrasone HFI-780 4.jpg --> moon-audio.com /Ultrasone Ultrasone HFI-780 4.jpg
2011.07.24 15:11 B C:\Users\Drew\Documents\My Web Sites\Ultrasone\Ultrasone HFI-780 Black Dragon 1.jpg --> moon-audio.com /Ultrasone Ultrasone HFI-780 Black Dragon 1.jpg
2011.07.24 15:11 B C:\Users\Drew\Documents\My Web Sites\Ultrasone\Ultrasone HFI-780 Blue Dragon 1 640.jpg --> moon-audio.com /Ultrasone Ultrasone HFI-780 Blue Dragon 1 640.jpg
2011.07.24 15:11 B C:\Users\Drew\Documents\My Web Sites\Ultrasone\Ultrasone HFI-780 Blue Dragon 1.jpg --> moon-audio.com /Ultrasone Ultrasone HFI-780 Blue Dragon 1.jpg
2011.07.24 15:11 B C:\Users\Drew\Documents\My Web Sites\Ultrasone\Ultrasone HFI-780 Blue Dragon 2 640.jpg --> moon-audio.com /Ultrasone Ultrasone HFI-780 Blue Dragon 2 640.jpg
2011.07.24 15:11 B C:\Users\Drew\Documents\My Web Sites\Ultrasone\Ultrasone HFI-780 Blue Dragon 2.jpg --> moon-audio.com /Ultrasone Ultrasone HFI-780 Blue Dragon 2.jpg
2011.07.24 15:11 B C:\Users\Drew\Documents\My Web Sites\Ultrasone\Ultrasone logo.jpg --> moon-audio.com /Ultrasone Ultrasone logo.jpg
2011.07.24 15:11 B C:\Users\Drew\Documents\My Web Sites\Ultrasone\Ultrasone PRO-2500 1.jpg --> moon-audio.com /Ultrasone Ultrasone PRO-2500 1.jpg
2011.07.24 15:11 B C:\Users\Drew\Documents\My Web Sites\Ultrasone\Ultrasone PRO-2500 2.jpg --> moon-audio.com /Ultrasone Ultrasone PRO-2500 2.jpg
2011.07.24 15:11 B C:\Users\Drew\Documents\My Web Sites\Ultrasone\Ultrasone PRO-2500 3.jpg --> moon-audio.com /Ultrasone Ultrasone PRO-2500 3.jpg
2011.07.24 15:11 B C:\Users\Drew\Documents\My Web Sites\Ultrasone\Ultrasone PRO-2500 4.jpg --> moon-audio.com /Ultrasone Ultrasone PRO-2500 4.jpg
2011.07.24 15:11 B C:\Users\Drew\Documents\My Web Sites\Ultrasone\Ultrasone PRO-650 1.jpg --> moon-audio.com /Ultrasone Ultrasone PRO-650 1.jpg
2011.07.24 15:11 B C:\Users\Drew\Documents\My Web Sites\Ultrasone\Ultrasone PRO-650 2.jpg --> moon-audio.com /Ultrasone Ultrasone PRO-650 2.jpg
2011.07.24 15:11 B C:\Users\Drew\Documents\My Web Sites\Ultrasone\Ultrasone PRO-650 3.jpg --> moon-audio.com /Ultrasone Ultrasone PRO-650 3.jpg
2011.07.24 15:11 B C:\Users\Drew\Documents\My Web Sites\Ultrasone\Ultrasone PRO-650 4.jpg --> moon-audio.com /Ultrasone Ultrasone PRO-650 4.jpg
2011.07.24 15:11 B C:\Users\Drew\Documents\My Web Sites\Ultrasone\Ultrasone PRO-650 5.jpg --> moon-audio.com /Ultrasone Ultrasone PRO-650 5.jpg
2011.07.24 15:11 B C:\Users\Drew\Documents\My Web Sites\Ultrasone\Ultrasone PRO-650 6.jpg --> moon-audio.com /Ultrasone Ultrasone PRO-650 6.jpg
2011.07.24 15:11 B C:\Users\Drew\Documents\My Web Sites\Ultrasone\Ultrasone PRO-750 1.jpg --> moon-audio.com /Ultrasone Ultrasone PRO-750 1.jpg
2011.07.24 15:11 B C:\Users\Drew\Documents\My Web Sites\Ultrasone\Ultrasone PRO-750 2.jpg --> moon-audio.com /Ultrasone Ultrasone PRO-750 2.jpg
2011.07.24 15:11 B C:\Users\Drew\Documents\My Web Sites\Ultrasone\Ultrasone PRO-750 3.jpg --> moon-audio.com /Ultrasone Ultrasone PRO-750 3.jpg
2011.07.24 15:11 B C:\Users\Drew\Documents\My Web Sites\Ultrasone\Ultrasone PRO-750 4.jpg --> moon-audio.com /Ultrasone Ultrasone PRO-750 4.jpg
2011.07.24 15:11 B C:\Users\Drew\Documents\My Web Sites\Ultrasone\Ultrasone PRO-900 1.jpg --> moon-audio.com /Ultrasone Ultrasone PRO-900 1.jpg
2011.07.24 15:11 B C:\Users\Drew\Documents\My Web Sites\Ultrasone\Ultrasone PRO-900 2.jpg --> moon-audio.com /Ultrasone Ultrasone PRO-900 2.jpg
2011.07.24 15:11 B C:\Users\Drew\Documents\My Web Sites\Ultrasone\Ultrasone PRO-900 3.jpg --> moon-audio.com /Ultrasone Ultrasone PRO-900 3.jpg
2011.07.24 15:11 B C:\Users\Drew\Documents\My Web Sites\Ultrasone\Ultrasone PRO-900 Black D 1.jpg --> moon-audio.com /Ultrasone Ultrasone PRO-900 Black D 1.jpg
2011.07.24 15:11 B C:\Users\Drew\Documents\My Web Sites\Ultrasone\Ultrasone PRO-900 Black D 2 640.jpg --> moon-audio.com /Ultrasone Ultrasone PRO-900 Black D 2 640.jpg
2011.07.24 15:11 B C:\Users\Drew\Documents\My Web Sites\Ultrasone\Ultrasone PRO-900 Black D 2.jpg --> moon-audio.com /Ultrasone Ultrasone PRO-900 Black D 2.jpg
2011.07.24 15:11 B C:\Users\Drew\Documents\My Web Sites\Ultrasone\Ultrasone PRO-900 Black Dragon 1.jpg --> moon-audio.com /Ultrasone Ultrasone PRO-900 Black Dragon 1.jpg
2011.07.24 15:11 B C:\Users\Drew\Documents\My Web Sites\Ultrasone\Ultrasone PRO-900 Black Dragon 2.jpg --> moon-audio.com /Ultrasone Ultrasone PRO-900 Black Dragon 2.jpg
2011.07.24 15:11 B C:\Users\Drew\Documents\My Web Sites\Ultrasone\Ultrasone PRO-900 Black Dragon 3.jpg --> moon-audio.com /Ultrasone Ultrasone PRO-900 Black Dragon 3.jpg
2011.07.24 15:11 B C:\Users\Drew\Documents\My Web Sites\Ultrasone\Ultrasone PRO-900 Black Dragon small 1.jpg --> moon-audio.com /Ultrasone Ultrasone PRO-900 Black Dragon small 1.jpg
2011.07.24 15:11 B C:\Users\Drew\Documents\My Web Sites\Ultrasone\Ultrasone PRO-900 Black Dragon small 2.jpg --> moon-audio.com /Ultrasone Ultrasone PRO-900 Black Dragon small 2.jpg
2011.07.24 15:11 B C:\Users\Drew\Documents\My Web Sites\Ultrasone\Ultrasone PRO-900 Black Dragon small 3.jpg --> moon-audio.com /Ultrasone Ultrasone PRO-900 Black Dragon small 3.jpg
2011.07.24 15:11 B C:\Users\Drew\Documents\My Web Sites\Ultrasone\Ultrasone PRO-900 Detach 1.jpg --> moon-audio.com /Ultrasone Ultrasone PRO-900 Detach 1.jpg
2011.07.24 15:11 B C:\Users\Drew\Documents\My Web Sites\Ultrasone\Ultrasone PRO-900 Detach 2.jpg --> moon-audio.com /Ultrasone Ultrasone PRO-900 Detach 2.jpg
2011.07.24 15:11 B C:\Users\Drew\Documents\My Web Sites\Ultrasone\Ultrasone PRO-900 Detach 3.jpg --> moon-audio.com /Ultrasone Ultrasone PRO-900 Detach 3.jpg
2011.07.24 15:11 B C:\Users\Drew\Documents\My Web Sites\Ultrasone\Ultrasone PRO-900 Detach 4.jpg --> moon-audio.com /Ultrasone Ultrasone PRO-900 Detach 4.jpg
2011.07.24 15:11 B C:\Users\Drew\Documents\My Web Sites\Ultrasone\Ultrasone PRO-900 Detach small 1.jpg --> moon-audio.com /Ultrasone Ultrasone PRO-900 Detach small 1.jpg
2011.07.24 15:11 B C:\Users\Drew\Documents\My Web Sites\Ultrasone\Ultrasone PRO-900 Detach small 2.jpg --> moon-audio.com /Ultrasone Ultrasone PRO-900 Detach small 2.jpg
2011.07.24 15:11 B C:\Users\Drew\Documents\My Web Sites\Ultrasone\Ultrasone PRO-900 Detach small 3.jpg --> moon-audio.com /Ultrasone Ultrasone PRO-900 Detach small 3.jpg
2011.07.24 15:11 B C:\Users\Drew\Documents\My Web Sites\Ultrasone\Ultrasone PRO-900 Detach small 4.jpg --> moon-audio.com /Ultrasone Ultrasone PRO-900 Detach small 4.jpg
2011.07.24 15:11 B C:\Users\Drew\Documents\My Web Sites\Ultrasone\Ultrasone_Edition_10_Silver_Dragon_1.jpg --> moon-audio.com /Ultrasone Ultrasone_Edition_10_Silver_Dragon_1.jpg
2011.07.24 15:11 B C:\Users\Drew\Documents\My Web Sites\Ultrasone\Ultrasone_Edition_10_Silver_Dragon_1_small.jpg --> moon-audio.com /Ultrasone Ultrasone_Edition_10_Silver_Dragon_1_small.jpg
2011.07.24 15:11 B C:\Users\Drew\Documents\My Web Sites\Ultrasone\Ultrasone_Edition_10_Silver_Dragon_2.jpg --> moon-audio.com /Ultrasone Ultrasone_Edition_10_Silver_Dragon_2.jpg
2011.07.24 15:11 B C:\Users\Drew\Documents\My Web Sites\Ultrasone\Ultrasone_Edition_10_Silver_Dragon_2_small.jpg --> moon-audio.com /Ultrasone Ultrasone_Edition_10_Silver_Dragon_2_small.jpg
2011.07.24 15:11 B C:\Users\Drew\Documents\My Web Sites\Ultrasone\UltrasoneEdition8paladiumAdapter1.jpg --> moon-audio.com /Ultrasone UltrasoneEdition8paladiumAdapter1.jpg
2011.07.24 15:11 B C:\Users\Drew\Documents\My Web Sites\Ultrasone\UltrasoneEdition8paladiumAdapter1small.jpg --> moon-audio.com /Ultrasone UltrasoneEdition8paladiumAdapter1small.jpg
2011.07.24 15:11 B C:\Users\Drew\Documents\My Web Sites\Ultrasone\UltrasonePRO550_1.jpg --> moon-audio.com /Ultrasone UltrasonePRO550_1.jpg
2011.07.24 15:11 B C:\Users\Drew\Documents\My Web Sites\Ultrasone\UltrasonePRO550_2.jpg --> moon-audio.com /Ultrasone UltrasonePRO550_2.jpg
2011.07.24 15:11 B C:\Users\Drew\Documents\My Web Sites\Ultrasone\UltrasonePRO550_3.jpg --> moon-audio.com /Ultrasone UltrasonePRO550_3.jpg
2011.07.24 15:11 B C:\Users\Drew\Documents\My Web Sites\Ultrasone\UltrasonePRO550_4.jpg --> moon-audio.com /Ultrasone UltrasonePRO550_4.jpg
