2011.04.12 16:52 B C:\Users\Drew\Documents\My Web Sites\NewPictures\Mini_Cables\Blue_Dragon_V3_MinitoRCA_1.jpg --> moon-audio.com /drubrew/NewPictures/Mini_Cables Blue_Dragon_V3_MinitoRCA_1.jpg
2011.04.12 16:52 B C:\Users\Drew\Documents\My Web Sites\NewPictures\Mini_Cables\Blue_Dragon_V3_MinitoRCA_1_small.jpg --> moon-audio.com /drubrew/NewPictures/Mini_Cables Blue_Dragon_V3_MinitoRCA_1_small.jpg
2011.04.12 16:52 B C:\Users\Drew\Documents\My Web Sites\NewPictures\Mini_Cables\Blue_Dragon_V3_MinitoRCA_2.jpg --> moon-audio.com /drubrew/NewPictures/Mini_Cables Blue_Dragon_V3_MinitoRCA_2.jpg
2011.04.12 16:52 B C:\Users\Drew\Documents\My Web Sites\NewPictures\Mini_Cables\Blue_Dragon_V3_MinitoRCA_2_small.jpg --> moon-audio.com /drubrew/NewPictures/Mini_Cables Blue_Dragon_V3_MinitoRCA_2_small.jpg
2011.04.12 16:52 B C:\Users\Drew\Documents\My Web Sites\NewPictures\Mini_Cables\Silver_Dragon_IEM_LOD-USB_1.jpg --> moon-audio.com /drubrew/NewPictures/Mini_Cables Silver_Dragon_IEM_LOD-USB_1.jpg
2011.04.12 16:52 B C:\Users\Drew\Documents\My Web Sites\NewPictures\Mini_Cables\Silver_Dragon_IEM_LOD-USB_1_small.jpg --> moon-audio.com /drubrew/NewPictures/Mini_Cables Silver_Dragon_IEM_LOD-USB_1_small.jpg
2011.04.12 16:52 B C:\Users\Drew\Documents\My Web Sites\NewPictures\Mini_Cables\Silver_Dragon_V3_minitomini_1.jpg --> moon-audio.com /drubrew/NewPictures/Mini_Cables Silver_Dragon_V3_minitomini_1.jpg
2011.04.12 16:52 B C:\Users\Drew\Documents\My Web Sites\NewPictures\Mini_Cables\Silver_Dragon_V3_minitomini_1_small.jpg --> moon-audio.com /drubrew/NewPictures/Mini_Cables Silver_Dragon_V3_minitomini_1_small.jpg
2011.04.12 16:52 B C:\Users\Drew\Documents\My Web Sites\NewPictures\Mini_Cables\Silver_Dragon_V3_MinitoRCA_1.jpg --> moon-audio.com /drubrew/NewPictures/Mini_Cables Silver_Dragon_V3_MinitoRCA_1.jpg
2011.04.12 16:52 B C:\Users\Drew\Documents\My Web Sites\NewPictures\Mini_Cables\Silver_Dragon_V3_MinitoRCA_1_small.jpg --> moon-audio.com /drubrew/NewPictures/Mini_Cables Silver_Dragon_V3_MinitoRCA_1_small.jpg
2011.04.12 16:52 B C:\Users\Drew\Documents\My Web Sites\NewPictures\Mini_Cables\Silver_Dragon_V3_MinitoRCA_2.jpg --> moon-audio.com /drubrew/NewPictures/Mini_Cables Silver_Dragon_V3_MinitoRCA_2.jpg
2011.04.12 16:52 B C:\Users\Drew\Documents\My Web Sites\NewPictures\Mini_Cables\Silver_Dragon_V3_MinitoRCA_2_small.jpg --> moon-audio.com /drubrew/NewPictures/Mini_Cables Silver_Dragon_V3_MinitoRCA_2_small.jpg
2011.04.12 16:52 B C:\Users\Drew\Documents\My Web Sites\NewPictures\Mini_Cables\Silver_Dragon_V3_MinitoRCA_3.jpg --> moon-audio.com /drubrew/NewPictures/Mini_Cables Silver_Dragon_V3_MinitoRCA_3.jpg
2011.04.12 16:52 B C:\Users\Drew\Documents\My Web Sites\NewPictures\Mini_Cables\Silver_Dragon_V3_MinitoRCA_3_small.jpg --> moon-audio.com /drubrew/NewPictures/Mini_Cables Silver_Dragon_V3_MinitoRCA_3_small.jpg
2011.04.12 16:52 B C:\Users\Drew\Documents\My Web Sites\NewPictures\Mini_Cables\Thumbs.db --> moon-audio.com /drubrew/NewPictures/Mini_Cables Thumbs.db
2011.06.20 11:53 B C:\Users\Drew\Documents\My Web Sites\NewPictures\Mini_Cables\Black_Dragon_miniDig_JH_1.jpg --> moon-audio.com /drubrew/NewPictures/Mini_Cables Black_Dragon_miniDig_JH_1.jpg
2011.06.20 11:53 B C:\Users\Drew\Documents\My Web Sites\NewPictures\Mini_Cables\Black_Dragon_miniDig_JH_1small.jpg --> moon-audio.com /drubrew/NewPictures/Mini_Cables Black_Dragon_miniDig_JH_1small.jpg
2011.06.20 11:54 B C:\Users\Drew\Documents\My Web Sites\NewPictures\Mini_Cables\Black_Dragon_miniDig_JH_2.jpg --> moon-audio.com /drubrew/NewPictures/Mini_Cables Black_Dragon_miniDig_JH_2.jpg
2011.06.20 11:54 B C:\Users\Drew\Documents\My Web Sites\NewPictures\Mini_Cables\Black_Dragon_miniDig_JH_2small.jpg --> moon-audio.com /drubrew/NewPictures/Mini_Cables Black_Dragon_miniDig_JH_2small.jpg
2011.06.20 11:54 B C:\Users\Drew\Documents\My Web Sites\NewPictures\Mini_Cables\Black_Dragon_miniDig_JH_3.jpg --> moon-audio.com /drubrew/NewPictures/Mini_Cables Black_Dragon_miniDig_JH_3.jpg
2011.06.20 11:54 B C:\Users\Drew\Documents\My Web Sites\NewPictures\Mini_Cables\Black_Dragon_miniDig_JH_3small.jpg --> moon-audio.com /drubrew/NewPictures/Mini_Cables Black_Dragon_miniDig_JH_3small.jpg
2011.06.20 11:54 B C:\Users\Drew\Documents\My Web Sites\NewPictures\Mini_Cables\Silver_Dragon_IEM_LOD-USB_1.jpg --> moon-audio.com /drubrew/NewPictures/Mini_Cables Silver_Dragon_IEM_LOD-USB_1.jpg
2011.06.20 11:54 B C:\Users\Drew\Documents\My Web Sites\NewPictures\Mini_Cables\Silver_Dragon_IEM_LOD-USB_1_small.jpg --> moon-audio.com /drubrew/NewPictures/Mini_Cables Silver_Dragon_IEM_LOD-USB_1_small.jpg
2011.06.20 11:54 B C:\Users\Drew\Documents\My Web Sites\NewPictures\Mini_Cables\Thumbs.db --> moon-audio.com /drubrew/NewPictures/Mini_Cables Thumbs.db
2011.06.20 11:54 B C:\Users\Drew\Documents\My Web Sites\NewPictures\Mini_Cables\WS_FTP.LOG --> moon-audio.com /drubrew/NewPictures/Mini_Cables WS_FTP.LOG
2011.06.21 09:44 B C:\Users\Drew\Documents\My Web Sites\NewPictures\Mini_Cables\Black_Dragon_miniDig_JH_1.jpg --> moon-audio.com /drubrew/NewPictures/Mini_Cables Black_Dragon_miniDig_JH_1.jpg
2011.06.21 09:44 B C:\Users\Drew\Documents\My Web Sites\NewPictures\Mini_Cables\Black_Dragon_miniDig_JH_1small.jpg --> moon-audio.com /drubrew/NewPictures/Mini_Cables Black_Dragon_miniDig_JH_1small.jpg
2011.06.21 09:44 B C:\Users\Drew\Documents\My Web Sites\NewPictures\Mini_Cables\Black_Dragon_miniDig_JH_2.jpg --> moon-audio.com /drubrew/NewPictures/Mini_Cables Black_Dragon_miniDig_JH_2.jpg
2011.06.21 09:44 B C:\Users\Drew\Documents\My Web Sites\NewPictures\Mini_Cables\Black_Dragon_miniDig_JH_2small.jpg --> moon-audio.com /drubrew/NewPictures/Mini_Cables Black_Dragon_miniDig_JH_2small.jpg
2011.06.21 09:44 B C:\Users\Drew\Documents\My Web Sites\NewPictures\Mini_Cables\Black_Dragon_miniDig_JH_3.jpg --> moon-audio.com /drubrew/NewPictures/Mini_Cables Black_Dragon_miniDig_JH_3.jpg
2011.06.21 09:44 B C:\Users\Drew\Documents\My Web Sites\NewPictures\Mini_Cables\Black_Dragon_miniDig_JH_3small.jpg --> moon-audio.com /drubrew/NewPictures/Mini_Cables Black_Dragon_miniDig_JH_3small.jpg
2011.06.21 09:45 B C:\Users\Drew\Documents\My Web Sites\NewPictures\Mini_Cables\Thumbs.db --> moon-audio.com /drubrew/NewPictures/Mini_Cables Thumbs.db
2011.06.21 09:45 B C:\Users\Drew\Documents\My Web Sites\NewPictures\Mini_Cables\WS_FTP.LOG --> moon-audio.com /drubrew/NewPictures/Mini_Cables WS_FTP.LOG
2011.07.28 13:11 B C:\Users\Drew\Documents\My Web Sites\NewPictures\Mini_Cables\Black_Dragon_miniDig_JH_1.jpg --> moon-audio.com /NewPictures/Mini_Cables Black_Dragon_miniDig_JH_1.jpg
2011.07.28 13:11 B C:\Users\Drew\Documents\My Web Sites\NewPictures\Mini_Cables\Black_Dragon_miniDig_JH_1small.jpg --> moon-audio.com /NewPictures/Mini_Cables Black_Dragon_miniDig_JH_1small.jpg
2011.07.28 13:11 B C:\Users\Drew\Documents\My Web Sites\NewPictures\Mini_Cables\Black_Dragon_miniDig_JH_2.jpg --> moon-audio.com /NewPictures/Mini_Cables Black_Dragon_miniDig_JH_2.jpg
2011.07.28 13:11 B C:\Users\Drew\Documents\My Web Sites\NewPictures\Mini_Cables\Black_Dragon_miniDig_JH_2small.jpg --> moon-audio.com /NewPictures/Mini_Cables Black_Dragon_miniDig_JH_2small.jpg
2011.07.28 13:11 B C:\Users\Drew\Documents\My Web Sites\NewPictures\Mini_Cables\Black_Dragon_miniDig_JH_3.jpg --> moon-audio.com /NewPictures/Mini_Cables Black_Dragon_miniDig_JH_3.jpg
2011.07.28 13:11 B C:\Users\Drew\Documents\My Web Sites\NewPictures\Mini_Cables\Black_Dragon_miniDig_JH_3small.jpg --> moon-audio.com /NewPictures/Mini_Cables Black_Dragon_miniDig_JH_3small.jpg
2011.07.28 13:11 B C:\Users\Drew\Documents\My Web Sites\NewPictures\Mini_Cables\Blue_Dragon_V3_MinitoRCA_1.jpg --> moon-audio.com /NewPictures/Mini_Cables Blue_Dragon_V3_MinitoRCA_1.jpg
2011.07.28 13:11 B C:\Users\Drew\Documents\My Web Sites\NewPictures\Mini_Cables\Blue_Dragon_V3_MinitoRCA_1_small.jpg --> moon-audio.com /NewPictures/Mini_Cables Blue_Dragon_V3_MinitoRCA_1_small.jpg
2011.07.28 13:11 B C:\Users\Drew\Documents\My Web Sites\NewPictures\Mini_Cables\Blue_Dragon_V3_MinitoRCA_2.jpg --> moon-audio.com /NewPictures/Mini_Cables Blue_Dragon_V3_MinitoRCA_2.jpg
2011.07.28 13:11 B C:\Users\Drew\Documents\My Web Sites\NewPictures\Mini_Cables\Blue_Dragon_V3_MinitoRCA_2_small.jpg --> moon-audio.com /NewPictures/Mini_Cables Blue_Dragon_V3_MinitoRCA_2_small.jpg
2011.07.28 13:11 B C:\Users\Drew\Documents\My Web Sites\NewPictures\Mini_Cables\Silver_Dragon_IEM_LOD-USB_1.jpg --> moon-audio.com /NewPictures/Mini_Cables Silver_Dragon_IEM_LOD-USB_1.jpg
2011.07.28 13:11 B C:\Users\Drew\Documents\My Web Sites\NewPictures\Mini_Cables\Silver_Dragon_IEM_LOD-USB_1_small.jpg --> moon-audio.com /NewPictures/Mini_Cables Silver_Dragon_IEM_LOD-USB_1_small.jpg
2011.07.28 13:11 B C:\Users\Drew\Documents\My Web Sites\NewPictures\Mini_Cables\Silver_Dragon_V3_minitomini_1.jpg --> moon-audio.com /NewPictures/Mini_Cables Silver_Dragon_V3_minitomini_1.jpg
2011.07.28 13:11 B C:\Users\Drew\Documents\My Web Sites\NewPictures\Mini_Cables\Silver_Dragon_V3_minitomini_1_small.jpg --> moon-audio.com /NewPictures/Mini_Cables Silver_Dragon_V3_minitomini_1_small.jpg
2011.07.28 13:11 B C:\Users\Drew\Documents\My Web Sites\NewPictures\Mini_Cables\Silver_Dragon_V3_MinitoRCA_1.jpg --> moon-audio.com /NewPictures/Mini_Cables Silver_Dragon_V3_MinitoRCA_1.jpg
2011.07.28 13:11 B C:\Users\Drew\Documents\My Web Sites\NewPictures\Mini_Cables\Silver_Dragon_V3_MinitoRCA_1_small.jpg --> moon-audio.com /NewPictures/Mini_Cables Silver_Dragon_V3_MinitoRCA_1_small.jpg
2011.07.28 13:11 B C:\Users\Drew\Documents\My Web Sites\NewPictures\Mini_Cables\Silver_Dragon_V3_MinitoRCA_2.jpg --> moon-audio.com /NewPictures/Mini_Cables Silver_Dragon_V3_MinitoRCA_2.jpg
2011.07.28 13:11 B C:\Users\Drew\Documents\My Web Sites\NewPictures\Mini_Cables\Silver_Dragon_V3_MinitoRCA_2_small.jpg --> moon-audio.com /NewPictures/Mini_Cables Silver_Dragon_V3_MinitoRCA_2_small.jpg
2011.07.28 13:11 B C:\Users\Drew\Documents\My Web Sites\NewPictures\Mini_Cables\Silver_Dragon_V3_MinitoRCA_3.jpg --> moon-audio.com /NewPictures/Mini_Cables Silver_Dragon_V3_MinitoRCA_3.jpg
2011.07.28 13:11 B C:\Users\Drew\Documents\My Web Sites\NewPictures\Mini_Cables\Silver_Dragon_V3_MinitoRCA_3_small.jpg --> moon-audio.com /NewPictures/Mini_Cables Silver_Dragon_V3_MinitoRCA_3_small.jpg
2011.07.28 13:11 B C:\Users\Drew\Documents\My Web Sites\NewPictures\Mini_Cables\Thumbs.db --> moon-audio.com /NewPictures/Mini_Cables Thumbs.db
