2011.04.12 16:47 B C:\Users\Drew\Documents\My Web Sites\NewPictures\Headphone_Cables\Blue_Dragon_V3_HD800_2.jpg --> moon-audio.com /drubrew/NewPictures/Headphone_Cables Blue_Dragon_V3_HD800_2.jpg
2011.04.12 16:47 B C:\Users\Drew\Documents\My Web Sites\NewPictures\Headphone_Cables\Blue_Dragon_V3_HD800_2_small.jpg --> moon-audio.com /drubrew/NewPictures/Headphone_Cables Blue_Dragon_V3_HD800_2_small.jpg
2011.04.12 16:48 B C:\Users\Drew\Documents\My Web Sites\NewPictures\Headphone_Cables\Blue_Dragon_V3_HD800_3.jpg --> moon-audio.com /drubrew/NewPictures/Headphone_Cables Blue_Dragon_V3_HD800_3.jpg
2011.04.12 16:48 B C:\Users\Drew\Documents\My Web Sites\NewPictures\Headphone_Cables\Blue_Dragon_V3_HD800_3_small.jpg --> moon-audio.com /drubrew/NewPictures/Headphone_Cables Blue_Dragon_V3_HD800_3_small.jpg
2011.04.12 16:48 B C:\Users\Drew\Documents\My Web Sites\NewPictures\Headphone_Cables\Blue_Dragon_V3_HD800_xlr_1.jpg --> moon-audio.com /drubrew/NewPictures/Headphone_Cables Blue_Dragon_V3_HD800_xlr_1.jpg
2011.04.12 16:48 B C:\Users\Drew\Documents\My Web Sites\NewPictures\Headphone_Cables\Blue_Dragon_V3_HD800_xlr_1_small.jpg --> moon-audio.com /drubrew/NewPictures/Headphone_Cables Blue_Dragon_V3_HD800_xlr_1_small.jpg
2011.04.12 16:48 B C:\Users\Drew\Documents\My Web Sites\NewPictures\Headphone_Cables\Blue_Dragon_V3_HD800_xlr_2.jpg --> moon-audio.com /drubrew/NewPictures/Headphone_Cables Blue_Dragon_V3_HD800_xlr_2.jpg
2011.04.12 16:48 B C:\Users\Drew\Documents\My Web Sites\NewPictures\Headphone_Cables\Blue_Dragon_V3_HD800_xlr_2_small.jpg --> moon-audio.com /drubrew/NewPictures/Headphone_Cables Blue_Dragon_V3_HD800_xlr_2_small.jpg
2011.04.12 16:48 B C:\Users\Drew\Documents\My Web Sites\NewPictures\Headphone_Cables\Silver_Dragon_V3_HD800_1.jpg --> moon-audio.com /drubrew/NewPictures/Headphone_Cables Silver_Dragon_V3_HD800_1.jpg
2011.04.12 16:48 B C:\Users\Drew\Documents\My Web Sites\NewPictures\Headphone_Cables\Silver_Dragon_V3_HD800_1_small.jpg --> moon-audio.com /drubrew/NewPictures/Headphone_Cables Silver_Dragon_V3_HD800_1_small.jpg
2011.04.12 16:48 B C:\Users\Drew\Documents\My Web Sites\NewPictures\Headphone_Cables\Silver_Dragon_V3_HD800_2.jpg --> moon-audio.com /drubrew/NewPictures/Headphone_Cables Silver_Dragon_V3_HD800_2.jpg
2011.04.12 16:48 B C:\Users\Drew\Documents\My Web Sites\NewPictures\Headphone_Cables\Silver_Dragon_V3_HD800_2_small.jpg --> moon-audio.com /drubrew/NewPictures/Headphone_Cables Silver_Dragon_V3_HD800_2_small.jpg
2011.04.12 16:48 B C:\Users\Drew\Documents\My Web Sites\NewPictures\Headphone_Cables\Silver_Dragon_V3_HD800_3.jpg --> moon-audio.com /drubrew/NewPictures/Headphone_Cables Silver_Dragon_V3_HD800_3.jpg
2011.04.12 16:48 B C:\Users\Drew\Documents\My Web Sites\NewPictures\Headphone_Cables\Silver_Dragon_V3_HD800_3_small.jpg --> moon-audio.com /drubrew/NewPictures/Headphone_Cables Silver_Dragon_V3_HD800_3_small.jpg
2011.04.12 16:48 B C:\Users\Drew\Documents\My Web Sites\NewPictures\Headphone_Cables\Silver_Dragon_V3_HD800_RSA_1.jpg --> moon-audio.com /drubrew/NewPictures/Headphone_Cables Silver_Dragon_V3_HD800_RSA_1.jpg
2011.04.12 16:48 B C:\Users\Drew\Documents\My Web Sites\NewPictures\Headphone_Cables\Silver_Dragon_V3_HD800_RSA_1_small.jpg --> moon-audio.com /drubrew/NewPictures/Headphone_Cables Silver_Dragon_V3_HD800_RSA_1_small.jpg
2011.04.12 16:48 B C:\Users\Drew\Documents\My Web Sites\NewPictures\Headphone_Cables\Silver_Dragon_V3_HD800_xlr_1.jpg --> moon-audio.com /drubrew/NewPictures/Headphone_Cables Silver_Dragon_V3_HD800_xlr_1.jpg
2011.04.12 16:49 B C:\Users\Drew\Documents\My Web Sites\NewPictures\Headphone_Cables\Silver_Dragon_V3_HD800_xlr_1_small.jpg --> moon-audio.com /drubrew/NewPictures/Headphone_Cables Silver_Dragon_V3_HD800_xlr_1_small.jpg
2011.04.12 16:49 B C:\Users\Drew\Documents\My Web Sites\NewPictures\Headphone_Cables\Silver_Dragon_V3_HD800_xlr_2.jpg --> moon-audio.com /drubrew/NewPictures/Headphone_Cables Silver_Dragon_V3_HD800_xlr_2.jpg
2011.04.12 16:49 B C:\Users\Drew\Documents\My Web Sites\NewPictures\Headphone_Cables\Silver_Dragon_V3_HD800_xlr_2_small.jpg --> moon-audio.com /drubrew/NewPictures/Headphone_Cables Silver_Dragon_V3_HD800_xlr_2_small.jpg
2011.04.12 16:49 B C:\Users\Drew\Documents\My Web Sites\NewPictures\Headphone_Cables\Silver_Dragon_V3_HD800_xlr_3.jpg --> moon-audio.com /drubrew/NewPictures/Headphone_Cables Silver_Dragon_V3_HD800_xlr_3.jpg
2011.04.12 16:49 B C:\Users\Drew\Documents\My Web Sites\NewPictures\Headphone_Cables\Silver_Dragon_V3_HD800_xlr_3_small.jpg --> moon-audio.com /drubrew/NewPictures/Headphone_Cables Silver_Dragon_V3_HD800_xlr_3_small.jpg
2011.04.12 16:49 B C:\Users\Drew\Documents\My Web Sites\NewPictures\Headphone_Cables\Silver_Dragon_V3_HiFiMan_1.jpg --> moon-audio.com /drubrew/NewPictures/Headphone_Cables Silver_Dragon_V3_HiFiMan_1.jpg
2011.04.12 16:49 B C:\Users\Drew\Documents\My Web Sites\NewPictures\Headphone_Cables\Silver_Dragon_V3_HiFiMan_1_small.jpg --> moon-audio.com /drubrew/NewPictures/Headphone_Cables Silver_Dragon_V3_HiFiMan_1_small.jpg
2011.04.12 16:49 B C:\Users\Drew\Documents\My Web Sites\NewPictures\Headphone_Cables\Silver_Dragon_V3_HiFiMan_2.jpg --> moon-audio.com /drubrew/NewPictures/Headphone_Cables Silver_Dragon_V3_HiFiMan_2.jpg
2011.04.12 16:49 B C:\Users\Drew\Documents\My Web Sites\NewPictures\Headphone_Cables\Silver_Dragon_V3_HiFiMan_2_small.jpg --> moon-audio.com /drubrew/NewPictures/Headphone_Cables Silver_Dragon_V3_HiFiMan_2_small.jpg
2011.04.12 16:49 B C:\Users\Drew\Documents\My Web Sites\NewPictures\Headphone_Cables\Silver_Dragon_V3_HiFiMan_3.jpg --> moon-audio.com /drubrew/NewPictures/Headphone_Cables Silver_Dragon_V3_HiFiMan_3.jpg
2011.04.12 16:49 B C:\Users\Drew\Documents\My Web Sites\NewPictures\Headphone_Cables\Silver_Dragon_V3_HiFiMan_3_small.jpg --> moon-audio.com /drubrew/NewPictures/Headphone_Cables Silver_Dragon_V3_HiFiMan_3_small.jpg
2011.04.12 16:49 B C:\Users\Drew\Documents\My Web Sites\NewPictures\Headphone_Cables\Silver_Dragon_V3_LCD2_iBasso_1.jpg --> moon-audio.com /drubrew/NewPictures/Headphone_Cables Silver_Dragon_V3_LCD2_iBasso_1.jpg
2011.04.12 16:49 B C:\Users\Drew\Documents\My Web Sites\NewPictures\Headphone_Cables\Silver_Dragon_V3_LCD2_iBasso_1_small.jpg --> moon-audio.com /drubrew/NewPictures/Headphone_Cables Silver_Dragon_V3_LCD2_iBasso_1_small.jpg
2011.04.12 16:49 B C:\Users\Drew\Documents\My Web Sites\NewPictures\Headphone_Cables\Thumbs.db --> moon-audio.com /drubrew/NewPictures/Headphone_Cables Thumbs.db
2011.06.20 11:53 B C:\Users\Drew\Documents\My Web Sites\NewPictures\Headphone_Cables\Thumbs.db --> moon-audio.com /drubrew/NewPictures/Headphone_Cables Thumbs.db
2011.06.20 11:53 B C:\Users\Drew\Documents\My Web Sites\NewPictures\Headphone_Cables\WS_FTP.LOG --> moon-audio.com /drubrew/NewPictures/Headphone_Cables WS_FTP.LOG
2011.06.21 09:44 B C:\Users\Drew\Documents\My Web Sites\NewPictures\Headphone_Cables\WS_FTP.LOG --> moon-audio.com /drubrew/NewPictures/Headphone_Cables WS_FTP.LOG
2011.07.28 13:09 B C:\Users\Drew\Documents\My Web Sites\NewPictures\Headphone_Cables\Blue_Dragon_V3_AKG_1.jpg --> moon-audio.com /NewPictures/Headphone_Cables Blue_Dragon_V3_AKG_1.jpg
2011.07.28 13:09 B C:\Users\Drew\Documents\My Web Sites\NewPictures\Headphone_Cables\Blue_Dragon_V3_AKG_1_small.jpg --> moon-audio.com /NewPictures/Headphone_Cables Blue_Dragon_V3_AKG_1_small.jpg
2011.07.28 13:09 B C:\Users\Drew\Documents\My Web Sites\NewPictures\Headphone_Cables\Blue_Dragon_V3_HD590_1.jpg --> moon-audio.com /NewPictures/Headphone_Cables Blue_Dragon_V3_HD590_1.jpg
2011.07.28 13:09 B C:\Users\Drew\Documents\My Web Sites\NewPictures\Headphone_Cables\Blue_Dragon_V3_HD590_1small.jpg --> moon-audio.com /NewPictures/Headphone_Cables Blue_Dragon_V3_HD590_1small.jpg
2011.07.28 13:09 B C:\Users\Drew\Documents\My Web Sites\NewPictures\Headphone_Cables\Blue_Dragon_V3_HD800_2.jpg --> moon-audio.com /NewPictures/Headphone_Cables Blue_Dragon_V3_HD800_2.jpg
2011.07.28 13:09 B C:\Users\Drew\Documents\My Web Sites\NewPictures\Headphone_Cables\Blue_Dragon_V3_HD800_2_small.jpg --> moon-audio.com /NewPictures/Headphone_Cables Blue_Dragon_V3_HD800_2_small.jpg
2011.07.28 13:09 B C:\Users\Drew\Documents\My Web Sites\NewPictures\Headphone_Cables\Blue_Dragon_V3_HD800_3.jpg --> moon-audio.com /NewPictures/Headphone_Cables Blue_Dragon_V3_HD800_3.jpg
2011.07.28 13:09 B C:\Users\Drew\Documents\My Web Sites\NewPictures\Headphone_Cables\Blue_Dragon_V3_HD800_3_small.jpg --> moon-audio.com /NewPictures/Headphone_Cables Blue_Dragon_V3_HD800_3_small.jpg
2011.07.28 13:09 B C:\Users\Drew\Documents\My Web Sites\NewPictures\Headphone_Cables\Blue_Dragon_V3_HD800_xlr_1.jpg --> moon-audio.com /NewPictures/Headphone_Cables Blue_Dragon_V3_HD800_xlr_1.jpg
2011.07.28 13:09 B C:\Users\Drew\Documents\My Web Sites\NewPictures\Headphone_Cables\Blue_Dragon_V3_HD800_xlr_1_small.jpg --> moon-audio.com /NewPictures/Headphone_Cables Blue_Dragon_V3_HD800_xlr_1_small.jpg
2011.07.28 13:09 B C:\Users\Drew\Documents\My Web Sites\NewPictures\Headphone_Cables\Blue_Dragon_V3_HD800_xlr_2.jpg --> moon-audio.com /NewPictures/Headphone_Cables Blue_Dragon_V3_HD800_xlr_2.jpg
2011.07.28 13:09 B C:\Users\Drew\Documents\My Web Sites\NewPictures\Headphone_Cables\Blue_Dragon_V3_HD800_xlr_2_small.jpg --> moon-audio.com /NewPictures/Headphone_Cables Blue_Dragon_V3_HD800_xlr_2_small.jpg
2011.07.28 13:09 B C:\Users\Drew\Documents\My Web Sites\NewPictures\Headphone_Cables\Blue_Dragon_V3_LCD2_1.jpg --> moon-audio.com /NewPictures/Headphone_Cables Blue_Dragon_V3_LCD2_1.jpg
2011.07.28 13:09 B C:\Users\Drew\Documents\My Web Sites\NewPictures\Headphone_Cables\Blue_Dragon_V3_LCD2_1small.jpg --> moon-audio.com /NewPictures/Headphone_Cables Blue_Dragon_V3_LCD2_1small.jpg
2011.07.28 13:09 B C:\Users\Drew\Documents\My Web Sites\NewPictures\Headphone_Cables\Blue_Dragon_V3_Ultra_1.jpg --> moon-audio.com /NewPictures/Headphone_Cables Blue_Dragon_V3_Ultra_1.jpg
2011.07.28 13:09 B C:\Users\Drew\Documents\My Web Sites\NewPictures\Headphone_Cables\Blue_Dragon_V3_Ultra_1small.jpg --> moon-audio.com /NewPictures/Headphone_Cables Blue_Dragon_V3_Ultra_1small.jpg
2011.07.28 13:09 B C:\Users\Drew\Documents\My Web Sites\NewPictures\Headphone_Cables\Silver_Dragon_V3_HD800_1.jpg --> moon-audio.com /NewPictures/Headphone_Cables Silver_Dragon_V3_HD800_1.jpg
2011.07.28 13:09 B C:\Users\Drew\Documents\My Web Sites\NewPictures\Headphone_Cables\Silver_Dragon_V3_HD800_1_small.jpg --> moon-audio.com /NewPictures/Headphone_Cables Silver_Dragon_V3_HD800_1_small.jpg
2011.07.28 13:09 B C:\Users\Drew\Documents\My Web Sites\NewPictures\Headphone_Cables\Silver_Dragon_V3_HD800_2.jpg --> moon-audio.com /NewPictures/Headphone_Cables Silver_Dragon_V3_HD800_2.jpg
2011.07.28 13:09 B C:\Users\Drew\Documents\My Web Sites\NewPictures\Headphone_Cables\Silver_Dragon_V3_HD800_2_small.jpg --> moon-audio.com /NewPictures/Headphone_Cables Silver_Dragon_V3_HD800_2_small.jpg
2011.07.28 13:09 B C:\Users\Drew\Documents\My Web Sites\NewPictures\Headphone_Cables\Silver_Dragon_V3_HD800_3.jpg --> moon-audio.com /NewPictures/Headphone_Cables Silver_Dragon_V3_HD800_3.jpg
2011.07.28 13:09 B C:\Users\Drew\Documents\My Web Sites\NewPictures\Headphone_Cables\Silver_Dragon_V3_HD800_3_small.jpg --> moon-audio.com /NewPictures/Headphone_Cables Silver_Dragon_V3_HD800_3_small.jpg
2011.07.28 13:09 B C:\Users\Drew\Documents\My Web Sites\NewPictures\Headphone_Cables\Silver_Dragon_V3_HD800_RSA_1.jpg --> moon-audio.com /NewPictures/Headphone_Cables Silver_Dragon_V3_HD800_RSA_1.jpg
2011.07.28 13:09 B C:\Users\Drew\Documents\My Web Sites\NewPictures\Headphone_Cables\Silver_Dragon_V3_HD800_RSA_1_small.jpg --> moon-audio.com /NewPictures/Headphone_Cables Silver_Dragon_V3_HD800_RSA_1_small.jpg
2011.07.28 13:09 B C:\Users\Drew\Documents\My Web Sites\NewPictures\Headphone_Cables\Silver_Dragon_V3_HD800_xlr_1.jpg --> moon-audio.com /NewPictures/Headphone_Cables Silver_Dragon_V3_HD800_xlr_1.jpg
2011.07.28 13:09 B C:\Users\Drew\Documents\My Web Sites\NewPictures\Headphone_Cables\Silver_Dragon_V3_HD800_xlr_1_small.jpg --> moon-audio.com /NewPictures/Headphone_Cables Silver_Dragon_V3_HD800_xlr_1_small.jpg
2011.07.28 13:10 B C:\Users\Drew\Documents\My Web Sites\NewPictures\Headphone_Cables\Silver_Dragon_V3_HD800_xlr_2.jpg --> moon-audio.com /NewPictures/Headphone_Cables Silver_Dragon_V3_HD800_xlr_2.jpg
2011.07.28 13:10 B C:\Users\Drew\Documents\My Web Sites\NewPictures\Headphone_Cables\Silver_Dragon_V3_HD800_xlr_2_small.jpg --> moon-audio.com /NewPictures/Headphone_Cables Silver_Dragon_V3_HD800_xlr_2_small.jpg
2011.07.28 13:10 B C:\Users\Drew\Documents\My Web Sites\NewPictures\Headphone_Cables\Silver_Dragon_V3_HD800_xlr_3.jpg --> moon-audio.com /NewPictures/Headphone_Cables Silver_Dragon_V3_HD800_xlr_3.jpg
2011.07.28 13:10 B C:\Users\Drew\Documents\My Web Sites\NewPictures\Headphone_Cables\Silver_Dragon_V3_HD800_xlr_3_small.jpg --> moon-audio.com /NewPictures/Headphone_Cables Silver_Dragon_V3_HD800_xlr_3_small.jpg
2011.07.28 13:10 B C:\Users\Drew\Documents\My Web Sites\NewPictures\Headphone_Cables\Silver_Dragon_V3_HiFiMan_1.jpg --> moon-audio.com /NewPictures/Headphone_Cables Silver_Dragon_V3_HiFiMan_1.jpg
2011.07.28 13:10 B C:\Users\Drew\Documents\My Web Sites\NewPictures\Headphone_Cables\Silver_Dragon_V3_HiFiMan_1_small.jpg --> moon-audio.com /NewPictures/Headphone_Cables Silver_Dragon_V3_HiFiMan_1_small.jpg
2011.07.28 13:10 B C:\Users\Drew\Documents\My Web Sites\NewPictures\Headphone_Cables\Silver_Dragon_V3_HiFiMan_2.jpg --> moon-audio.com /NewPictures/Headphone_Cables Silver_Dragon_V3_HiFiMan_2.jpg
2011.07.28 13:10 B C:\Users\Drew\Documents\My Web Sites\NewPictures\Headphone_Cables\Silver_Dragon_V3_HiFiMan_2_small.jpg --> moon-audio.com /NewPictures/Headphone_Cables Silver_Dragon_V3_HiFiMan_2_small.jpg
2011.07.28 13:10 B C:\Users\Drew\Documents\My Web Sites\NewPictures\Headphone_Cables\Silver_Dragon_V3_HiFiMan_3.jpg --> moon-audio.com /NewPictures/Headphone_Cables Silver_Dragon_V3_HiFiMan_3.jpg
2011.07.28 13:10 B C:\Users\Drew\Documents\My Web Sites\NewPictures\Headphone_Cables\Silver_Dragon_V3_HiFiMan_3_small.jpg --> moon-audio.com /NewPictures/Headphone_Cables Silver_Dragon_V3_HiFiMan_3_small.jpg
2011.07.28 13:10 B C:\Users\Drew\Documents\My Web Sites\NewPictures\Headphone_Cables\Silver_Dragon_V3_LCD2_iBasso_1.jpg --> moon-audio.com /NewPictures/Headphone_Cables Silver_Dragon_V3_LCD2_iBasso_1.jpg
2011.07.28 13:10 B C:\Users\Drew\Documents\My Web Sites\NewPictures\Headphone_Cables\Silver_Dragon_V3_LCD2_iBasso_1_small.jpg --> moon-audio.com /NewPictures/Headphone_Cables Silver_Dragon_V3_LCD2_iBasso_1_small.jpg
2011.07.28 13:10 B C:\Users\Drew\Documents\My Web Sites\NewPictures\Headphone_Cables\Thumbs.db --> moon-audio.com /NewPictures/Headphone_Cables Thumbs.db
