2010.01.03 17:02 B C:\Users\drubrew\Documents\My Web Sites\AKG\AKG K 240 MK II small.jpg --> moon-audio.com /drubrew/AKG AKG K 240 MK II small.jpg
2010.01.03 17:02 B C:\Users\drubrew\Documents\My Web Sites\AKG\AKG K 272 1.jpg --> moon-audio.com /drubrew/AKG AKG K 272 1.jpg
2010.01.03 17:02 B C:\Users\drubrew\Documents\My Web Sites\AKG\AKG k 601 1.jpg --> moon-audio.com /drubrew/AKG AKG k 601 1.jpg
2010.01.03 17:02 B C:\Users\drubrew\Documents\My Web Sites\AKG\AKG k 701 1.jpg --> moon-audio.com /drubrew/AKG AKG k 701 1.jpg
2010.01.03 17:02 B C:\Users\drubrew\Documents\My Web Sites\AKG\AKG K702 Big.jpg --> moon-audio.com /drubrew/AKG AKG K702 Big.jpg
2010.01.03 17:02 B C:\Users\drubrew\Documents\My Web Sites\AKG\AKG K702 small.jpg --> moon-audio.com /drubrew/AKG AKG K702 small.jpg
2010.01.03 17:02 B C:\Users\drubrew\Documents\My Web Sites\AKG\k601.jpg --> moon-audio.com /drubrew/AKG k601.jpg
2010.01.03 17:02 B C:\Users\drubrew\Documents\My Web Sites\AKG\k701.jpg --> moon-audio.com /drubrew/AKG k701.jpg
2010.01.03 17:02 B C:\Users\drubrew\Documents\My Web Sites\AKG\K701_BlackD_XLR_1.jpg --> moon-audio.com /drubrew/AKG K701_BlackD_XLR_1.jpg
2010.01.03 17:02 B C:\Users\drubrew\Documents\My Web Sites\AKG\K701_BlackD_XLR_small_1.jpg --> moon-audio.com /drubrew/AKG K701_BlackD_XLR_small_1.jpg
2010.01.03 17:02 B C:\Users\drubrew\Documents\My Web Sites\AKG\K702_BlackD_1.jpg --> moon-audio.com /drubrew/AKG K702_BlackD_1.jpg
2010.01.03 17:02 B C:\Users\drubrew\Documents\My Web Sites\AKG\K702_BlackD_2.jpg --> moon-audio.com /drubrew/AKG K702_BlackD_2.jpg
2010.01.03 17:02 B C:\Users\drubrew\Documents\My Web Sites\AKG\K702_BlackD_Small_1.jpg --> moon-audio.com /drubrew/AKG K702_BlackD_Small_1.jpg
2010.01.03 17:02 B C:\Users\drubrew\Documents\My Web Sites\AKG\K702_BlackD_Small_2.jpg --> moon-audio.com /drubrew/AKG K702_BlackD_Small_2.jpg
2010.01.03 17:02 B C:\Users\drubrew\Documents\My Web Sites\AKG\ModAKG501BD1.jpg --> moon-audio.com /drubrew/AKG ModAKG501BD1.jpg
2010.01.03 17:02 B C:\Users\drubrew\Documents\My Web Sites\AKG\ModAKG701BD1.jpg --> moon-audio.com /drubrew/AKG ModAKG701BD1.jpg
2010.01.03 17:03 B C:\Users\drubrew\Documents\My Web Sites\AKG\ModAKG701BD1l.jpg --> moon-audio.com /drubrew/AKG ModAKG701BD1l.jpg
2010.01.03 17:03 B C:\Users\drubrew\Documents\My Web Sites\AKG\ModAKG701BD1smalll.jpg --> moon-audio.com /drubrew/AKG ModAKG701BD1smalll.jpg
2010.01.03 17:03 B C:\Users\drubrew\Documents\My Web Sites\AKG\ModAKG701BD2 small.jpg --> moon-audio.com /drubrew/AKG ModAKG701BD2 small.jpg
2010.01.03 17:03 B C:\Users\drubrew\Documents\My Web Sites\AKG\ModAKG701BD2.jpg --> moon-audio.com /drubrew/AKG ModAKG701BD2.jpg
2010.01.03 17:03 B C:\Users\drubrew\Documents\My Web Sites\AKG\ModAKG701BDxlr.jpg --> moon-audio.com /drubrew/AKG ModAKG701BDxlr.jpg
2010.01.03 17:03 B C:\Users\drubrew\Documents\My Web Sites\AKG\ModAKG701SD.jpg --> moon-audio.com /drubrew/AKG ModAKG701SD.jpg
2010.01.03 17:03 B C:\Users\drubrew\Documents\My Web Sites\AKG\ModAKG701SD1.jpg --> moon-audio.com /drubrew/AKG ModAKG701SD1.jpg
2010.01.03 17:03 B C:\Users\drubrew\Documents\My Web Sites\AKG\ModAKG701SD2 small.jpg --> moon-audio.com /drubrew/AKG ModAKG701SD2 small.jpg
2010.01.03 17:03 B C:\Users\drubrew\Documents\My Web Sites\AKG\ModAKG701SD2.jpg --> moon-audio.com /drubrew/AKG ModAKG701SD2.jpg
2010.01.03 17:03 B C:\Users\drubrew\Documents\My Web Sites\AKG\ModK601BlueD1.jpg --> moon-audio.com /drubrew/AKG ModK601BlueD1.jpg
2010.01.03 17:03 B C:\Users\drubrew\Documents\My Web Sites\AKG\ModK601BlueD2 small.jpg --> moon-audio.com /drubrew/AKG ModK601BlueD2 small.jpg
2010.01.03 17:03 B C:\Users\drubrew\Documents\My Web Sites\AKG\ModK601BlueD2.jpg --> moon-audio.com /drubrew/AKG ModK601BlueD2.jpg
2010.02.10 12:50 B C:\Users\Drew\Documents\My Web Sites\AKG\K701-k702-Detach-1.jpg --> www.moon-audio.com /drubrew/AKG K701-k702-Detach-1.jpg
2010.02.10 12:50 B C:\Users\Drew\Documents\My Web Sites\AKG\K701-k702-Detach-small1.jpg --> www.moon-audio.com /drubrew/AKG K701-k702-Detach-small1.jpg
2010.02.10 12:51 B C:\Users\Drew\Documents\My Web Sites\AKG\K701_detach1.jpg --> www.moon-audio.com /drubrew/AKG K701_detach1.jpg
2010.02.10 12:51 B C:\Users\Drew\Documents\My Web Sites\AKG\K701_detach_small1.jpg --> www.moon-audio.com /drubrew/AKG K701_detach_small1.jpg
2010.02.10 12:51 B C:\Users\Drew\Documents\My Web Sites\AKG\K702-Detach-1.jpg --> www.moon-audio.com /drubrew/AKG K702-Detach-1.jpg
2010.02.10 12:52 B C:\Users\Drew\Documents\My Web Sites\AKG\K702-Detach-2.jpg --> www.moon-audio.com /drubrew/AKG K702-Detach-2.jpg
2010.02.10 12:52 B C:\Users\Drew\Documents\My Web Sites\AKG\K702-Detach-3.jpg --> www.moon-audio.com /drubrew/AKG K702-Detach-3.jpg
2010.02.10 12:53 B C:\Users\Drew\Documents\My Web Sites\AKG\K702-Detach-4.jpg --> www.moon-audio.com /drubrew/AKG K702-Detach-4.jpg
2010.02.10 12:54 B C:\Users\Drew\Documents\My Web Sites\AKG\K702-Detach-5.jpg --> www.moon-audio.com /drubrew/AKG K702-Detach-5.jpg
2010.02.10 12:54 B C:\Users\Drew\Documents\My Web Sites\AKG\K702-Detach-small-1.jpg --> www.moon-audio.com /drubrew/AKG K702-Detach-small-1.jpg
2010.02.15 15:06 B C:\Users\Drew\Documents\My Web Sites\AKG\K701-Detach-1.jpg --> www.moon-audio.com /drubrew/AKG K701-Detach-1.jpg
2010.02.15 15:06 B C:\Users\Drew\Documents\My Web Sites\AKG\K701-k702-Detach-1.jpg --> www.moon-audio.com /drubrew/AKG K701-k702-Detach-1.jpg
2010.02.15 15:07 B C:\Users\Drew\Documents\My Web Sites\AKG\K701-k702-Detach-small1.jpg --> www.moon-audio.com /drubrew/AKG K701-k702-Detach-small1.jpg
2010.02.15 15:07 B C:\Users\Drew\Documents\My Web Sites\AKG\K701_detach1.jpg --> www.moon-audio.com /drubrew/AKG K701_detach1.jpg
2010.02.15 15:07 B C:\Users\Drew\Documents\My Web Sites\AKG\K701_detach_small1.jpg --> www.moon-audio.com /drubrew/AKG K701_detach_small1.jpg
2010.02.15 15:07 B C:\Users\Drew\Documents\My Web Sites\AKG\K702-Detach-1.jpg --> www.moon-audio.com /drubrew/AKG K702-Detach-1.jpg
2010.02.15 15:07 B C:\Users\Drew\Documents\My Web Sites\AKG\K702-Detach-2.jpg --> www.moon-audio.com /drubrew/AKG K702-Detach-2.jpg
2010.02.15 15:07 B C:\Users\Drew\Documents\My Web Sites\AKG\K702-Detach-small-1.jpg --> www.moon-audio.com /drubrew/AKG K702-Detach-small-1.jpg
2010.02.15 15:07 B C:\Users\Drew\Documents\My Web Sites\AKG\K702-Detach-small-2.jpg --> www.moon-audio.com /drubrew/AKG K702-Detach-small-2.jpg
2011.07.24 14:28 B C:\Users\Drew\Documents\My Web Sites\AKG\AKG K 240 MK II small.jpg --> moon-audio.com /AKG AKG K 240 MK II small.jpg
2011.07.24 14:28 B C:\Users\Drew\Documents\My Web Sites\AKG\AKG K 272 1.jpg --> moon-audio.com /AKG AKG K 272 1.jpg
2011.07.24 14:28 B C:\Users\Drew\Documents\My Web Sites\AKG\AKG k 601 1.jpg --> moon-audio.com /AKG AKG k 601 1.jpg
2011.07.24 14:28 B C:\Users\Drew\Documents\My Web Sites\AKG\AKG k 701 1.jpg --> moon-audio.com /AKG AKG k 701 1.jpg
2011.07.24 14:28 B C:\Users\Drew\Documents\My Web Sites\AKG\AKG K702 Big.jpg --> moon-audio.com /AKG AKG K702 Big.jpg
2011.07.24 14:28 B C:\Users\Drew\Documents\My Web Sites\AKG\AKG K702 small.jpg --> moon-audio.com /AKG AKG K702 small.jpg
2011.07.24 14:28 B C:\Users\Drew\Documents\My Web Sites\AKG\k601.jpg --> moon-audio.com /AKG k601.jpg
2011.07.24 14:28 B C:\Users\Drew\Documents\My Web Sites\AKG\K701-Detach-1.jpg --> moon-audio.com /AKG K701-Detach-1.jpg
2011.07.24 14:28 B C:\Users\Drew\Documents\My Web Sites\AKG\K701-k702-Detach-1.jpg --> moon-audio.com /AKG K701-k702-Detach-1.jpg
2011.07.24 14:28 B C:\Users\Drew\Documents\My Web Sites\AKG\K701-k702-Detach-small1.jpg --> moon-audio.com /AKG K701-k702-Detach-small1.jpg
2011.07.24 14:28 B C:\Users\Drew\Documents\My Web Sites\AKG\k701.jpg --> moon-audio.com /AKG k701.jpg
2011.07.24 14:28 B C:\Users\Drew\Documents\My Web Sites\AKG\K701_BlackD_XLR_1.jpg --> moon-audio.com /AKG K701_BlackD_XLR_1.jpg
2011.07.24 14:28 B C:\Users\Drew\Documents\My Web Sites\AKG\K701_BlackD_XLR_small_1.jpg --> moon-audio.com /AKG K701_BlackD_XLR_small_1.jpg
2011.07.24 14:28 B C:\Users\Drew\Documents\My Web Sites\AKG\K701_detach1.jpg --> moon-audio.com /AKG K701_detach1.jpg
2011.07.24 14:28 B C:\Users\Drew\Documents\My Web Sites\AKG\K701_detach_small1.jpg --> moon-audio.com /AKG K701_detach_small1.jpg
2011.07.24 14:28 B C:\Users\Drew\Documents\My Web Sites\AKG\K702-Detach-1.jpg --> moon-audio.com /AKG K702-Detach-1.jpg
2011.07.24 14:28 B C:\Users\Drew\Documents\My Web Sites\AKG\K702-Detach-2.jpg --> moon-audio.com /AKG K702-Detach-2.jpg
2011.07.24 14:28 B C:\Users\Drew\Documents\My Web Sites\AKG\K702-Detach-3.jpg --> moon-audio.com /AKG K702-Detach-3.jpg
2011.07.24 14:29 B C:\Users\Drew\Documents\My Web Sites\AKG\K702-Detach-4.jpg --> moon-audio.com /AKG K702-Detach-4.jpg
2011.07.24 14:29 B C:\Users\Drew\Documents\My Web Sites\AKG\K702-Detach-5.jpg --> moon-audio.com /AKG K702-Detach-5.jpg
2011.07.24 14:29 B C:\Users\Drew\Documents\My Web Sites\AKG\K702-Detach-small-1.jpg --> moon-audio.com /AKG K702-Detach-small-1.jpg
2011.07.24 14:29 B C:\Users\Drew\Documents\My Web Sites\AKG\K702-Detach-small-2.jpg --> moon-audio.com /AKG K702-Detach-small-2.jpg
2011.07.24 14:29 B C:\Users\Drew\Documents\My Web Sites\AKG\K702_BlackD_1.jpg --> moon-audio.com /AKG K702_BlackD_1.jpg
2011.07.24 14:29 B C:\Users\Drew\Documents\My Web Sites\AKG\K702_BlackD_2.jpg --> moon-audio.com /AKG K702_BlackD_2.jpg
2011.07.24 14:29 B C:\Users\Drew\Documents\My Web Sites\AKG\K702_BlackD_Small_1.jpg --> moon-audio.com /AKG K702_BlackD_Small_1.jpg
2011.07.24 14:29 B C:\Users\Drew\Documents\My Web Sites\AKG\K702_BlackD_Small_2.jpg --> moon-audio.com /AKG K702_BlackD_Small_2.jpg
2011.07.24 14:29 B C:\Users\Drew\Documents\My Web Sites\AKG\ModAKG501BD1.jpg --> moon-audio.com /AKG ModAKG501BD1.jpg
2011.07.24 14:29 B C:\Users\Drew\Documents\My Web Sites\AKG\ModAKG701BD1.jpg --> moon-audio.com /AKG ModAKG701BD1.jpg
2011.07.24 14:29 B C:\Users\Drew\Documents\My Web Sites\AKG\ModAKG701BD1l.jpg --> moon-audio.com /AKG ModAKG701BD1l.jpg
2011.07.24 14:29 B C:\Users\Drew\Documents\My Web Sites\AKG\ModAKG701BD1smalll.jpg --> moon-audio.com /AKG ModAKG701BD1smalll.jpg
2011.07.24 14:29 B C:\Users\Drew\Documents\My Web Sites\AKG\ModAKG701BD2 small.jpg --> moon-audio.com /AKG ModAKG701BD2 small.jpg
2011.07.24 14:29 B C:\Users\Drew\Documents\My Web Sites\AKG\ModAKG701BD2.jpg --> moon-audio.com /AKG ModAKG701BD2.jpg
2011.07.24 14:29 B C:\Users\Drew\Documents\My Web Sites\AKG\ModAKG701BDxlr.jpg --> moon-audio.com /AKG ModAKG701BDxlr.jpg
2011.07.24 14:29 B C:\Users\Drew\Documents\My Web Sites\AKG\ModAKG701SD.jpg --> moon-audio.com /AKG ModAKG701SD.jpg
2011.07.24 14:29 B C:\Users\Drew\Documents\My Web Sites\AKG\ModAKG701SD1.jpg --> moon-audio.com /AKG ModAKG701SD1.jpg
2011.07.24 14:29 B C:\Users\Drew\Documents\My Web Sites\AKG\ModAKG701SD2 small.jpg --> moon-audio.com /AKG ModAKG701SD2 small.jpg
2011.07.24 14:29 B C:\Users\Drew\Documents\My Web Sites\AKG\ModAKG701SD2.jpg --> moon-audio.com /AKG ModAKG701SD2.jpg
2011.07.24 14:29 B C:\Users\Drew\Documents\My Web Sites\AKG\ModK601BlueD1.jpg --> moon-audio.com /AKG ModK601BlueD1.jpg
2011.07.24 14:29 B C:\Users\Drew\Documents\My Web Sites\AKG\ModK601BlueD2 small.jpg --> moon-audio.com /AKG ModK601BlueD2 small.jpg
2011.07.24 14:29 B C:\Users\Drew\Documents\My Web Sites\AKG\ModK601BlueD2.jpg --> moon-audio.com /AKG ModK601BlueD2.jpg
2011.07.24 14:29 B C:\Users\Drew\Documents\My Web Sites\AKG\Thumbs.db --> moon-audio.com /AKG Thumbs.db
