2010.01.03 17:14 B C:\Users\drubrew\Documents\My Web Sites\Blossom\Blossom1.jpg --> moon-audio.com /drubrew/Blossom Blossom1.jpg
2010.01.03 17:14 B C:\Users\drubrew\Documents\My Web Sites\Blossom\Blossom2.jpg --> moon-audio.com /drubrew/Blossom Blossom2.jpg
2010.01.03 17:14 B C:\Users\drubrew\Documents\My Web Sites\Blossom\Blossom3.jpg --> moon-audio.com /drubrew/Blossom Blossom3.jpg
2010.01.03 17:14 B C:\Users\drubrew\Documents\My Web Sites\Blossom\Blossom4.jpg --> moon-audio.com /drubrew/Blossom Blossom4.jpg
2010.01.03 17:14 B C:\Users\drubrew\Documents\My Web Sites\Blossom\Blossom5.jpg --> moon-audio.com /drubrew/Blossom Blossom5.jpg
2010.01.03 17:14 B C:\Users\drubrew\Documents\My Web Sites\Blossom\Blossom6.jpg --> moon-audio.com /drubrew/Blossom Blossom6.jpg
2010.01.03 17:14 B C:\Users\drubrew\Documents\My Web Sites\Blossom\Cross Feedback.jpg --> moon-audio.com /drubrew/Blossom Cross Feedback.jpg
2010.06.17 09:08 B C:\Users\Drew\Documents\My Web Sites\Blossom\Blossom1.jpg --> www.moon-audio.com /drubrew/Blossom Blossom1.jpg
2010.06.17 09:08 B C:\Users\Drew\Documents\My Web Sites\Blossom\Blossom2.jpg --> www.moon-audio.com /drubrew/Blossom Blossom2.jpg
2010.06.17 09:08 B C:\Users\Drew\Documents\My Web Sites\Blossom\Blossom3.jpg --> www.moon-audio.com /drubrew/Blossom Blossom3.jpg
2010.06.17 09:08 B C:\Users\Drew\Documents\My Web Sites\Blossom\Blossom4.jpg --> www.moon-audio.com /drubrew/Blossom Blossom4.jpg
2010.06.17 09:08 B C:\Users\Drew\Documents\My Web Sites\Blossom\Blossom5.jpg --> www.moon-audio.com /drubrew/Blossom Blossom5.jpg
2010.06.17 09:08 B C:\Users\Drew\Documents\My Web Sites\Blossom\Blossom6.jpg --> www.moon-audio.com /drubrew/Blossom Blossom6.jpg
2010.06.17 09:08 B C:\Users\Drew\Documents\My Web Sites\Blossom\Cross Feedback.jpg --> www.moon-audio.com /drubrew/Blossom Cross Feedback.jpg
2010.06.17 09:08 B C:\Users\Drew\Documents\My Web Sites\Blossom\sqz_newa.jpg --> www.moon-audio.com /drubrew/Blossom sqz_newa.jpg
2011.07.24 14:39 B C:\Users\Drew\Documents\My Web Sites\Blossom\blossom-blo0299g.jpg --> moon-audio.com /Blossom blossom-blo0299g.jpg
2011.07.24 14:39 B C:\Users\Drew\Documents\My Web Sites\Blossom\Blossom1.jpg --> moon-audio.com /Blossom Blossom1.jpg
2011.07.24 14:39 B C:\Users\Drew\Documents\My Web Sites\Blossom\Blossom2.jpg --> moon-audio.com /Blossom Blossom2.jpg
2011.07.24 14:39 B C:\Users\Drew\Documents\My Web Sites\Blossom\Blossom3.jpg --> moon-audio.com /Blossom Blossom3.jpg
2011.07.24 14:39 B C:\Users\Drew\Documents\My Web Sites\Blossom\Blossom4.jpg --> moon-audio.com /Blossom Blossom4.jpg
2011.07.24 14:39 B C:\Users\Drew\Documents\My Web Sites\Blossom\Blossom5.jpg --> moon-audio.com /Blossom Blossom5.jpg
2011.07.24 14:39 B C:\Users\Drew\Documents\My Web Sites\Blossom\Blossom6.jpg --> moon-audio.com /Blossom Blossom6.jpg
2011.07.24 14:39 B C:\Users\Drew\Documents\My Web Sites\Blossom\Blossom_BLO-0169_1.jpg --> moon-audio.com /Blossom Blossom_BLO-0169_1.jpg
2011.07.24 14:40 B C:\Users\Drew\Documents\My Web Sites\Blossom\Blossom_BLO-0169_2.jpg --> moon-audio.com /Blossom Blossom_BLO-0169_2.jpg
2011.07.24 14:40 B C:\Users\Drew\Documents\My Web Sites\Blossom\Blossom_BLO-0169_3.jpg --> moon-audio.com /Blossom Blossom_BLO-0169_3.jpg
2011.07.24 14:40 B C:\Users\Drew\Documents\My Web Sites\Blossom\blossom_blo-0299a.jpg --> moon-audio.com /Blossom blossom_blo-0299a.jpg
2011.07.24 14:40 B C:\Users\Drew\Documents\My Web Sites\Blossom\blossom_blo-0299a_2.jpg --> moon-audio.com /Blossom blossom_blo-0299a_2.jpg
2011.07.24 14:40 B C:\Users\Drew\Documents\My Web Sites\Blossom\blossom_blo-0299a_3.jpg --> moon-audio.com /Blossom blossom_blo-0299a_3.jpg
2011.07.24 14:40 B C:\Users\Drew\Documents\My Web Sites\Blossom\blossom_blo-0299b.jpg --> moon-audio.com /Blossom blossom_blo-0299b.jpg
2011.07.24 14:40 B C:\Users\Drew\Documents\My Web Sites\Blossom\blossom_blo-0299c.jpg --> moon-audio.com /Blossom blossom_blo-0299c.jpg
2011.07.24 14:40 B C:\Users\Drew\Documents\My Web Sites\Blossom\blossom_blo-0299d.jpg --> moon-audio.com /Blossom blossom_blo-0299d.jpg
2011.07.24 14:40 B C:\Users\Drew\Documents\My Web Sites\Blossom\blossom_blo-0299e.jpg --> moon-audio.com /Blossom blossom_blo-0299e.jpg
2011.07.24 14:40 B C:\Users\Drew\Documents\My Web Sites\Blossom\blossom_blo-0299f.jpg --> moon-audio.com /Blossom blossom_blo-0299f.jpg
2011.07.24 14:40 B C:\Users\Drew\Documents\My Web Sites\Blossom\CanJam2010Blossom.JPG --> moon-audio.com /Blossom CanJam2010Blossom.JPG
2011.07.24 14:40 B C:\Users\Drew\Documents\My Web Sites\Blossom\Cross Feedback.jpg --> moon-audio.com /Blossom Cross Feedback.jpg
2011.07.24 14:40 B C:\Users\Drew\Documents\My Web Sites\Blossom\sqz_newa.jpg --> moon-audio.com /Blossom sqz_newa.jpg
2011.07.24 14:40 B C:\Users\Drew\Documents\My Web Sites\Blossom\Thumbs.db --> moon-audio.com /Blossom Thumbs.db
