2010.01.03 17:57 B C:\Users\drubrew\Documents\My Web Sites\DenonHeadphone\AE2gray1.jpg --> moon-audio.com /drubrew/DenonHeadphone AE2gray1.jpg
2010.01.03 17:57 B C:\Users\drubrew\Documents\My Web Sites\DenonHeadphone\AE2gray2.jpg --> moon-audio.com /drubrew/DenonHeadphone AE2gray2.jpg
2010.01.03 17:57 B C:\Users\drubrew\Documents\My Web Sites\DenonHeadphone\AE2gray3.jpg --> moon-audio.com /drubrew/DenonHeadphone AE2gray3.jpg
2010.01.03 17:57 B C:\Users\drubrew\Documents\My Web Sites\DenonHeadphone\AHC700K.jpg --> moon-audio.com /drubrew/DenonHeadphone AHC700K.jpg
2010.01.03 17:57 B C:\Users\drubrew\Documents\My Web Sites\DenonHeadphone\AHD2000.jpg --> moon-audio.com /drubrew/DenonHeadphone AHD2000.jpg
2010.01.03 17:57 B C:\Users\drubrew\Documents\My Web Sites\DenonHeadphone\AHD5000.jpg --> moon-audio.com /drubrew/DenonHeadphone AHD5000.jpg
2010.01.03 17:57 B C:\Users\drubrew\Documents\My Web Sites\DenonHeadphone\AHD7000.jpg --> moon-audio.com /drubrew/DenonHeadphone AHD7000.jpg
2010.01.03 17:57 B C:\Users\drubrew\Documents\My Web Sites\DenonHeadphone\AHD7000_1.jpg --> moon-audio.com /drubrew/DenonHeadphone AHD7000_1.jpg
2010.01.03 17:57 B C:\Users\drubrew\Documents\My Web Sites\DenonHeadphone\AHD7000_2.jpg --> moon-audio.com /drubrew/DenonHeadphone AHD7000_2.jpg
2010.01.03 17:57 B C:\Users\drubrew\Documents\My Web Sites\DenonHeadphone\Denon AH-D5000 Silver Dragon 1.jpg --> moon-audio.com /drubrew/DenonHeadphone Denon AH-D5000 Silver Dragon 1.jpg
2010.01.03 17:57 B C:\Users\drubrew\Documents\My Web Sites\DenonHeadphone\Denon AH-D5000 Silver Dragon small 1.jpg --> moon-audio.com /drubrew/DenonHeadphone Denon AH-D5000 Silver Dragon small 1.jpg
2010.01.03 17:57 B C:\Users\drubrew\Documents\My Web Sites\DenonHeadphone\Denon AH-D7000 Black Dragon 1.jpg --> moon-audio.com /drubrew/DenonHeadphone Denon AH-D7000 Black Dragon 1.jpg
2010.01.03 17:57 B C:\Users\drubrew\Documents\My Web Sites\DenonHeadphone\Denon AH-D7000 Black Dragon small 1.jpg --> moon-audio.com /drubrew/DenonHeadphone Denon AH-D7000 Black Dragon small 1.jpg
2010.01.03 17:57 B C:\Users\drubrew\Documents\My Web Sites\DenonHeadphone\Denon AH-D7000 Black Dragon XLR 1.jpg --> moon-audio.com /drubrew/DenonHeadphone Denon AH-D7000 Black Dragon XLR 1.jpg
2010.01.03 17:57 B C:\Users\drubrew\Documents\My Web Sites\DenonHeadphone\Denon AH-D7000 Black Dragon XLR small1.jpg --> moon-audio.com /drubrew/DenonHeadphone Denon AH-D7000 Black Dragon XLR small1.jpg
2010.04.01 11:57 B C:\Users\Drew\Documents\My Web Sites\DenonHeadphone\AHD1001.jpg --> www.moon-audio.com /drubrew/DenonHeadphone AHD1001.jpg
2010.04.01 11:58 B C:\Users\Drew\Documents\My Web Sites\DenonHeadphone\AHD1001box.jpg --> www.moon-audio.com /drubrew/DenonHeadphone AHD1001box.jpg
2010.04.01 11:58 B C:\Users\Drew\Documents\My Web Sites\DenonHeadphone\AHNC732.jpg --> www.moon-audio.com /drubrew/DenonHeadphone AHNC732.jpg
2010.04.01 11:58 B C:\Users\Drew\Documents\My Web Sites\DenonHeadphone\AHNC732_box.jpg --> www.moon-audio.com /drubrew/DenonHeadphone AHNC732_box.jpg
2010.04.01 11:58 B C:\Users\Drew\Documents\My Web Sites\DenonHeadphone\AHNC732_inside.jpg --> www.moon-audio.com /drubrew/DenonHeadphone AHNC732_inside.jpg
2010.10.28 18:26 B C:\Users\Drew\Documents\My Web Sites\DenonHeadphone\AHD1100-1.jpg --> moon-audio.com /drubrew/DenonHeadphone AHD1100-1.jpg
2010.10.28 18:26 B C:\Users\Drew\Documents\My Web Sites\DenonHeadphone\AHD1100-2.jpg --> moon-audio.com /drubrew/DenonHeadphone AHD1100-2.jpg
2011.07.24 14:40 B C:\Users\Drew\Documents\My Web Sites\DenonHeadphone\AE2gray1.jpg --> moon-audio.com /DenonHeadphone AE2gray1.jpg
2011.07.24 14:40 B C:\Users\Drew\Documents\My Web Sites\DenonHeadphone\AE2gray2.jpg --> moon-audio.com /DenonHeadphone AE2gray2.jpg
2011.07.24 14:41 B C:\Users\Drew\Documents\My Web Sites\DenonHeadphone\AE2gray3.jpg --> moon-audio.com /DenonHeadphone AE2gray3.jpg
2011.07.24 14:41 B C:\Users\Drew\Documents\My Web Sites\DenonHeadphone\AHC700K.jpg --> moon-audio.com /DenonHeadphone AHC700K.jpg
2011.07.24 14:41 B C:\Users\Drew\Documents\My Web Sites\DenonHeadphone\AHD1001.jpg --> moon-audio.com /DenonHeadphone AHD1001.jpg
2011.07.24 14:41 B C:\Users\Drew\Documents\My Web Sites\DenonHeadphone\AHD1001box.jpg --> moon-audio.com /DenonHeadphone AHD1001box.jpg
2011.07.24 14:41 B C:\Users\Drew\Documents\My Web Sites\DenonHeadphone\AHD1100-1.bmp --> moon-audio.com /DenonHeadphone AHD1100-1.bmp
2011.07.24 14:41 B C:\Users\Drew\Documents\My Web Sites\DenonHeadphone\AHD1100-1.jpg --> moon-audio.com /DenonHeadphone AHD1100-1.jpg
2011.07.24 14:42 B C:\Users\Drew\Documents\My Web Sites\DenonHeadphone\AHD1100-2.bmp --> moon-audio.com /DenonHeadphone AHD1100-2.bmp
2011.07.24 14:42 B C:\Users\Drew\Documents\My Web Sites\DenonHeadphone\AHD1100-2.jpg --> moon-audio.com /DenonHeadphone AHD1100-2.jpg
2011.07.24 14:42 B C:\Users\Drew\Documents\My Web Sites\DenonHeadphone\AHD2000.jpg --> moon-audio.com /DenonHeadphone AHD2000.jpg
2011.07.24 14:42 B C:\Users\Drew\Documents\My Web Sites\DenonHeadphone\AHD5000.jpg --> moon-audio.com /DenonHeadphone AHD5000.jpg
2011.07.24 14:42 B C:\Users\Drew\Documents\My Web Sites\DenonHeadphone\AHD7000.jpg --> moon-audio.com /DenonHeadphone AHD7000.jpg
2011.07.24 14:42 B C:\Users\Drew\Documents\My Web Sites\DenonHeadphone\AHD7000_1.jpg --> moon-audio.com /DenonHeadphone AHD7000_1.jpg
2011.07.24 14:42 B C:\Users\Drew\Documents\My Web Sites\DenonHeadphone\AHD7000_2.jpg --> moon-audio.com /DenonHeadphone AHD7000_2.jpg
2011.07.24 14:42 B C:\Users\Drew\Documents\My Web Sites\DenonHeadphone\AHNC732.jpg --> moon-audio.com /DenonHeadphone AHNC732.jpg
2011.07.24 14:42 B C:\Users\Drew\Documents\My Web Sites\DenonHeadphone\AHNC732_box.jpg --> moon-audio.com /DenonHeadphone AHNC732_box.jpg
2011.07.24 14:42 B C:\Users\Drew\Documents\My Web Sites\DenonHeadphone\AHNC732_inside.jpg --> moon-audio.com /DenonHeadphone AHNC732_inside.jpg
2011.07.24 14:42 B C:\Users\Drew\Documents\My Web Sites\DenonHeadphone\Denon AH-D5000 Silver Dragon 1.jpg --> moon-audio.com /DenonHeadphone Denon AH-D5000 Silver Dragon 1.jpg
2011.07.24 14:42 B C:\Users\Drew\Documents\My Web Sites\DenonHeadphone\Denon AH-D5000 Silver Dragon small 1.jpg --> moon-audio.com /DenonHeadphone Denon AH-D5000 Silver Dragon small 1.jpg
2011.07.24 14:42 B C:\Users\Drew\Documents\My Web Sites\DenonHeadphone\Denon AH-D7000 Black Dragon 1.jpg --> moon-audio.com /DenonHeadphone Denon AH-D7000 Black Dragon 1.jpg
2011.07.24 14:42 B C:\Users\Drew\Documents\My Web Sites\DenonHeadphone\Denon AH-D7000 Black Dragon small 1.jpg --> moon-audio.com /DenonHeadphone Denon AH-D7000 Black Dragon small 1.jpg
2011.07.24 14:42 B C:\Users\Drew\Documents\My Web Sites\DenonHeadphone\Denon AH-D7000 Black Dragon XLR 1.jpg --> moon-audio.com /DenonHeadphone Denon AH-D7000 Black Dragon XLR 1.jpg
2011.07.24 14:42 B C:\Users\Drew\Documents\My Web Sites\DenonHeadphone\Denon AH-D7000 Black Dragon XLR small1.jpg --> moon-audio.com /DenonHeadphone Denon AH-D7000 Black Dragon XLR small1.jpg
2011.07.24 14:42 B C:\Users\Drew\Documents\My Web Sites\DenonHeadphone\DenonAH-D1100SilverDragon1.jpg --> moon-audio.com /DenonHeadphone DenonAH-D1100SilverDragon1.jpg
2011.07.24 14:42 B C:\Users\Drew\Documents\My Web Sites\DenonHeadphone\DenonAH-D1100SilverDragon1small.jpg --> moon-audio.com /DenonHeadphone DenonAH-D1100SilverDragon1small.jpg
2011.07.24 14:42 B C:\Users\Drew\Documents\My Web Sites\DenonHeadphone\Thumbs.db --> moon-audio.com /DenonHeadphone Thumbs.db
