2010.01.03 17:14 B C:\Users\drubrew\Documents\My Web Sites\BursonAudio\5894.jpg --> moon-audio.com /drubrew/BursonAudio 5894.jpg
2010.01.03 17:14 B C:\Users\drubrew\Documents\My Web Sites\BursonAudio\8f09.jpg --> moon-audio.com /drubrew/BursonAudio 8f09.jpg
2010.01.03 17:14 B C:\Users\drubrew\Documents\My Web Sites\BursonAudio\bb1f.jpg --> moon-audio.com /drubrew/BursonAudio bb1f.jpg
2010.01.03 17:14 B C:\Users\drubrew\Documents\My Web Sites\BursonAudio\case.gif --> moon-audio.com /drubrew/BursonAudio case.gif
2010.01.03 17:14 B C:\Users\drubrew\Documents\My Web Sites\BursonAudio\case.jpg --> moon-audio.com /drubrew/BursonAudio case.jpg
2010.01.03 17:14 B C:\Users\drubrew\Documents\My Web Sites\BursonAudio\power_supply.gif --> moon-audio.com /drubrew/BursonAudio power_supply.gif
2010.01.03 17:14 B C:\Users\drubrew\Documents\My Web Sites\BursonAudio\power_supply.jpg --> moon-audio.com /drubrew/BursonAudio power_supply.jpg
2010.01.03 17:14 B C:\Users\drubrew\Documents\My Web Sites\BursonAudio\wp73b6b5ba_02.jpg --> moon-audio.com /drubrew/BursonAudio wp73b6b5ba_02.jpg
2010.01.03 17:14 B C:\Users\drubrew\Documents\My Web Sites\BursonAudio\wp83dc6a62.gif --> moon-audio.com /drubrew/BursonAudio wp83dc6a62.gif
2010.01.03 17:14 B C:\Users\drubrew\Documents\My Web Sites\BursonAudio\wp83dc6a62.jpg --> moon-audio.com /drubrew/BursonAudio wp83dc6a62.jpg
2010.01.03 17:14 B C:\Users\drubrew\Documents\My Web Sites\BursonAudio\wpcca0e85a.gif --> moon-audio.com /drubrew/BursonAudio wpcca0e85a.gif
2010.01.03 17:14 B C:\Users\drubrew\Documents\My Web Sites\BursonAudio\wpcca0e85a.jpg --> moon-audio.com /drubrew/BursonAudio wpcca0e85a.jpg
2010.01.03 17:14 B C:\Users\drubrew\Documents\My Web Sites\BursonAudio\wpe54a758e_02.jpg --> moon-audio.com /drubrew/BursonAudio wpe54a758e_02.jpg
2010.01.03 17:14 B C:\Users\drubrew\Documents\My Web Sites\BursonAudio\wpe93db002_02.jpg --> moon-audio.com /drubrew/BursonAudio wpe93db002_02.jpg
2010.06.17 09:34 B C:\Users\Drew\Documents\My Web Sites\BursonAudio\Ron Herbster.jpg --> www.moon-audio.com /drubrew/BursonAudio Ron Herbster.jpg
2010.10.25 18:07 B C:\Users\Drew\Documents\My Web Sites\BursonAudio\160D_Pre.jpg --> moon-audio.com /drubrew/BursonAudio 160D_Pre.jpg
2010.10.25 18:07 B C:\Users\Drew\Documents\My Web Sites\BursonAudio\HA160D1.jpg --> moon-audio.com /drubrew/BursonAudio HA160D1.jpg
2010.10.25 18:07 B C:\Users\Drew\Documents\My Web Sites\BursonAudio\HA160D2.jpg --> moon-audio.com /drubrew/BursonAudio HA160D2.jpg
2010.10.25 18:07 B C:\Users\Drew\Documents\My Web Sites\BursonAudio\HA160D3.jpg --> moon-audio.com /drubrew/BursonAudio HA160D3.jpg
2010.10.25 18:07 B C:\Users\Drew\Documents\My Web Sites\BursonAudio\HA160D4.jpg --> moon-audio.com /drubrew/BursonAudio HA160D4.jpg
2010.10.25 18:07 B C:\Users\Drew\Documents\My Web Sites\BursonAudio\HA160D5.jpg --> moon-audio.com /drubrew/BursonAudio HA160D5.jpg
2010.10.25 18:07 B C:\Users\Drew\Documents\My Web Sites\BursonAudio\HD Audio DAC.jpg --> moon-audio.com /drubrew/BursonAudio HD Audio DAC.jpg
2010.10.25 18:07 B C:\Users\Drew\Documents\My Web Sites\BursonAudio\HD_DACB_1.jpg --> moon-audio.com /drubrew/BursonAudio HD_DACB_1.jpg
2010.10.25 18:07 B C:\Users\Drew\Documents\My Web Sites\BursonAudio\HD_DACB_2.jpg --> moon-audio.com /drubrew/BursonAudio HD_DACB_2.jpg
2010.10.25 18:07 B C:\Users\Drew\Documents\My Web Sites\BursonAudio\Ron Herbster.jpg --> moon-audio.com /drubrew/BursonAudio Ron Herbster.jpg
2010.10.25 18:07 B C:\Users\Drew\Documents\My Web Sites\BursonAudio\Thumbs.db --> moon-audio.com /drubrew/BursonAudio Thumbs.db
2011.07.24 14:40 B C:\Users\Drew\Documents\My Web Sites\BursonAudio\160D_Pre.jpg --> moon-audio.com /BursonAudio 160D_Pre.jpg
2011.07.24 14:40 B C:\Users\Drew\Documents\My Web Sites\BursonAudio\5894.jpg --> moon-audio.com /BursonAudio 5894.jpg
2011.07.24 14:40 B C:\Users\Drew\Documents\My Web Sites\BursonAudio\8f09.jpg --> moon-audio.com /BursonAudio 8f09.jpg
2011.07.24 14:40 B C:\Users\Drew\Documents\My Web Sites\BursonAudio\AB160_1.jpg --> moon-audio.com /BursonAudio AB160_1.jpg
2011.07.24 14:40 B C:\Users\Drew\Documents\My Web Sites\BursonAudio\AB160_2.jpg --> moon-audio.com /BursonAudio AB160_2.jpg
2011.07.24 14:40 B C:\Users\Drew\Documents\My Web Sites\BursonAudio\AB160_3.jpg --> moon-audio.com /BursonAudio AB160_3.jpg
2011.07.24 14:40 B C:\Users\Drew\Documents\My Web Sites\BursonAudio\Archive.zip --> moon-audio.com /BursonAudio Archive.zip
2011.07.24 14:40 B C:\Users\Drew\Documents\My Web Sites\BursonAudio\bb1f.jpg --> moon-audio.com /BursonAudio bb1f.jpg
2011.07.24 14:40 B C:\Users\Drew\Documents\My Web Sites\BursonAudio\Burson_DA-160.htm --> moon-audio.com /BursonAudio Burson_DA-160.htm
2011.07.24 14:40 B C:\Users\Drew\Documents\My Web Sites\BursonAudio\case.gif --> moon-audio.com /BursonAudio case.gif
2011.07.24 14:40 B C:\Users\Drew\Documents\My Web Sites\BursonAudio\case.jpg --> moon-audio.com /BursonAudio case.jpg
2011.07.24 14:40 B C:\Users\Drew\Documents\My Web Sites\BursonAudio\DA-160_1.jpg --> moon-audio.com /BursonAudio DA-160_1.jpg
2011.07.24 14:40 B C:\Users\Drew\Documents\My Web Sites\BursonAudio\DA-160_2.jpg --> moon-audio.com /BursonAudio DA-160_2.jpg
2011.07.24 14:40 B C:\Users\Drew\Documents\My Web Sites\BursonAudio\DA-160_3.jpg --> moon-audio.com /BursonAudio DA-160_3.jpg
2011.07.24 14:40 B C:\Users\Drew\Documents\My Web Sites\BursonAudio\HA160D1.jpg --> moon-audio.com /BursonAudio HA160D1.jpg
2011.07.24 14:40 B C:\Users\Drew\Documents\My Web Sites\BursonAudio\HA160D2.jpg --> moon-audio.com /BursonAudio HA160D2.jpg
2011.07.24 14:40 B C:\Users\Drew\Documents\My Web Sites\BursonAudio\HA160D3.jpg --> moon-audio.com /BursonAudio HA160D3.jpg
2011.07.24 14:40 B C:\Users\Drew\Documents\My Web Sites\BursonAudio\HA160D4.jpg --> moon-audio.com /BursonAudio HA160D4.jpg
2011.07.24 14:40 B C:\Users\Drew\Documents\My Web Sites\BursonAudio\HA160D5.jpg --> moon-audio.com /BursonAudio HA160D5.jpg
2011.07.24 14:40 B C:\Users\Drew\Documents\My Web Sites\BursonAudio\HA160D6.jpg --> moon-audio.com /BursonAudio HA160D6.jpg
2011.07.24 14:40 B C:\Users\Drew\Documents\My Web Sites\BursonAudio\HD Audio DAC.jpg --> moon-audio.com /BursonAudio HD Audio DAC.jpg
2011.07.24 14:40 B C:\Users\Drew\Documents\My Web Sites\BursonAudio\HD_DACB_1.jpg --> moon-audio.com /BursonAudio HD_DACB_1.jpg
2011.07.24 14:40 B C:\Users\Drew\Documents\My Web Sites\BursonAudio\HD_DACB_2.jpg --> moon-audio.com /BursonAudio HD_DACB_2.jpg
2011.07.24 14:40 B C:\Users\Drew\Documents\My Web Sites\BursonAudio\power_supply.gif --> moon-audio.com /BursonAudio power_supply.gif
2011.07.24 14:40 B C:\Users\Drew\Documents\My Web Sites\BursonAudio\power_supply.jpg --> moon-audio.com /BursonAudio power_supply.jpg
2011.07.24 14:40 B C:\Users\Drew\Documents\My Web Sites\BursonAudio\Ron Herbster.jpg --> moon-audio.com /BursonAudio Ron Herbster.jpg
2011.07.24 14:40 B C:\Users\Drew\Documents\My Web Sites\BursonAudio\Thumbs.db --> moon-audio.com /BursonAudio Thumbs.db
2011.07.24 14:40 B C:\Users\Drew\Documents\My Web Sites\BursonAudio\wp73b6b5ba_02.jpg --> moon-audio.com /BursonAudio wp73b6b5ba_02.jpg
2011.07.24 14:40 B C:\Users\Drew\Documents\My Web Sites\BursonAudio\wp83dc6a62.gif --> moon-audio.com /BursonAudio wp83dc6a62.gif
2011.07.24 14:40 B C:\Users\Drew\Documents\My Web Sites\BursonAudio\wp83dc6a62.jpg --> moon-audio.com /BursonAudio wp83dc6a62.jpg
2011.07.24 14:40 B C:\Users\Drew\Documents\My Web Sites\BursonAudio\wpcca0e85a.gif --> moon-audio.com /BursonAudio wpcca0e85a.gif
2011.07.24 14:40 B C:\Users\Drew\Documents\My Web Sites\BursonAudio\wpcca0e85a.jpg --> moon-audio.com /BursonAudio wpcca0e85a.jpg
2011.07.24 14:40 B C:\Users\Drew\Documents\My Web Sites\BursonAudio\wpe54a758e_02.jpg --> moon-audio.com /BursonAudio wpe54a758e_02.jpg
2011.07.24 14:40 B C:\Users\Drew\Documents\My Web Sites\BursonAudio\wpe93db002_02.jpg --> moon-audio.com /BursonAudio wpe93db002_02.jpg
