2009.07.15 12:13 B C:\Users\drubrew\Documents\My Web Sites\Grado\GS1000_large1.jpg --> moon-audio.com /drubrew/Grado GS1000_large1.jpg
2009.07.15 12:13 B C:\Users\drubrew\Documents\My Web Sites\Grado\GS1000_large2.jpg --> moon-audio.com /drubrew/Grado GS1000_large2.jpg
2009.07.15 12:14 B C:\Users\drubrew\Documents\My Web Sites\Grado\GS1000_large3.jpg --> moon-audio.com /drubrew/Grado GS1000_large3.jpg
2009.07.15 12:14 B C:\Users\drubrew\Documents\My Web Sites\Grado\GS1000_small1.jpg --> moon-audio.com /drubrew/Grado GS1000_small1.jpg
2009.07.15 12:14 B C:\Users\drubrew\Documents\My Web Sites\Grado\GS1000_small2.jpg --> moon-audio.com /drubrew/Grado GS1000_small2.jpg
2009.07.15 12:14 B C:\Users\drubrew\Documents\My Web Sites\Grado\GS1000_small3.jpg --> moon-audio.com /drubrew/Grado GS1000_small3.jpg
2009.07.15 12:14 B C:\Users\drubrew\Documents\My Web Sites\Grado\PS1000_large1.jpg --> moon-audio.com /drubrew/Grado PS1000_large1.jpg
2009.07.15 12:15 B C:\Users\drubrew\Documents\My Web Sites\Grado\PS1000_large2.jpg --> moon-audio.com /drubrew/Grado PS1000_large2.jpg
2009.07.15 12:15 B C:\Users\drubrew\Documents\My Web Sites\Grado\PS1000_large3.jpg --> moon-audio.com /drubrew/Grado PS1000_large3.jpg
2009.07.15 12:15 B C:\Users\drubrew\Documents\My Web Sites\Grado\PS1000_small1.jpg --> moon-audio.com /drubrew/Grado PS1000_small1.jpg
2009.07.15 12:15 B C:\Users\drubrew\Documents\My Web Sites\Grado\PS1000_small2.jpg --> moon-audio.com /drubrew/Grado PS1000_small2.jpg
2009.07.15 12:15 B C:\Users\drubrew\Documents\My Web Sites\Grado\PS1000_small3.jpg --> moon-audio.com /drubrew/Grado PS1000_small3.jpg
2010.01.03 18:10 B C:\Users\drubrew\Documents\My Web Sites\Grado\643524.jpg --> moon-audio.com /drubrew/Grado 643524.jpg
2010.01.03 18:10 B C:\Users\drubrew\Documents\My Web Sites\Grado\award2.gif --> moon-audio.com /drubrew/Grado award2.gif
2010.01.03 18:10 B C:\Users\drubrew\Documents\My Web Sites\Grado\award3.jpg --> moon-audio.com /drubrew/Grado award3.jpg
2010.01.03 18:10 B C:\Users\drubrew\Documents\My Web Sites\Grado\BestBuy.png --> moon-audio.com /drubrew/Grado BestBuy.png
2010.01.03 18:10 B C:\Users\drubrew\Documents\My Web Sites\Grado\editorsNoStars.png --> moon-audio.com /drubrew/Grado editorsNoStars.png
2010.01.03 18:10 B C:\Users\drubrew\Documents\My Web Sites\Grado\gcush.jpg --> moon-audio.com /drubrew/Grado gcush.jpg
2010.01.03 18:10 B C:\Users\drubrew\Documents\My Web Sites\Grado\GR8_small.jpg --> moon-audio.com /drubrew/Grado GR8_small.jpg
2010.01.03 18:10 B C:\Users\drubrew\Documents\My Web Sites\Grado\GR8_smaller photo.jpg --> moon-audio.com /drubrew/Grado GR8_smaller photo.jpg
2010.01.03 18:10 B C:\Users\drubrew\Documents\My Web Sites\Grado\Grado Review.pdf --> moon-audio.com /drubrew/Grado Grado Review.pdf
2010.01.03 18:10 B C:\Users\drubrew\Documents\My Web Sites\Grado\GradoAdpt.jpg --> moon-audio.com /drubrew/Grado GradoAdpt.jpg
2010.01.03 18:10 B C:\Users\drubrew\Documents\My Web Sites\Grado\GradoExt.jpg --> moon-audio.com /drubrew/Grado GradoExt.jpg
2010.01.03 18:10 B C:\Users\drubrew\Documents\My Web Sites\Grado\gs1000.jpg --> moon-audio.com /drubrew/Grado gs1000.jpg
2010.01.03 18:10 B C:\Users\drubrew\Documents\My Web Sites\Grado\GS1000_large1.jpg --> moon-audio.com /drubrew/Grado GS1000_large1.jpg
2010.01.03 18:10 B C:\Users\drubrew\Documents\My Web Sites\Grado\GS1000_large2.jpg --> moon-audio.com /drubrew/Grado GS1000_large2.jpg
2010.01.03 18:10 B C:\Users\drubrew\Documents\My Web Sites\Grado\GS1000_large3.jpg --> moon-audio.com /drubrew/Grado GS1000_large3.jpg
2010.01.03 18:10 B C:\Users\drubrew\Documents\My Web Sites\Grado\GS1000_small1.jpg --> moon-audio.com /drubrew/Grado GS1000_small1.jpg
2010.01.03 18:10 B C:\Users\drubrew\Documents\My Web Sites\Grado\GS1000_small2.jpg --> moon-audio.com /drubrew/Grado GS1000_small2.jpg
2010.01.03 18:10 B C:\Users\drubrew\Documents\My Web Sites\Grado\GS1000_small3.jpg --> moon-audio.com /drubrew/Grado GS1000_small3.jpg
2010.01.03 18:10 B C:\Users\drubrew\Documents\My Web Sites\Grado\gs1000AwardImage.jpg --> moon-audio.com /drubrew/Grado gs1000AwardImage.jpg
2010.01.03 18:10 B C:\Users\drubrew\Documents\My Web Sites\Grado\gs1000extra1.jpg --> moon-audio.com /drubrew/Grado gs1000extra1.jpg
2010.01.03 18:11 B C:\Users\drubrew\Documents\My Web Sites\Grado\gs1000extra2.jpg --> moon-audio.com /drubrew/Grado gs1000extra2.jpg
2010.01.03 18:11 B C:\Users\drubrew\Documents\My Web Sites\Grado\HF2.jpg --> moon-audio.com /drubrew/Grado HF2.jpg
2010.01.03 18:11 B C:\Users\drubrew\Documents\My Web Sites\Grado\hifi_choice.gif --> moon-audio.com /drubrew/Grado hifi_choice.gif
2010.01.03 18:11 B C:\Users\drubrew\Documents\My Web Sites\Grado\icush.jpg --> moon-audio.com /drubrew/Grado icush.jpg
2010.01.03 18:11 B C:\Users\drubrew\Documents\My Web Sites\Grado\iGI.jpg --> moon-audio.com /drubrew/Grado iGI.jpg
2010.01.03 18:11 B C:\Users\drubrew\Documents\My Web Sites\Grado\iGrado.jpg --> moon-audio.com /drubrew/Grado iGrado.jpg
2010.01.03 18:11 B C:\Users\drubrew\Documents\My Web Sites\Grado\image001.gif --> moon-audio.com /drubrew/Grado image001.gif
2010.01.03 18:11 B C:\Users\drubrew\Documents\My Web Sites\Grado\img_maxim_AD.jpg --> moon-audio.com /drubrew/Grado img_maxim_AD.jpg
2010.01.03 18:11 B C:\Users\drubrew\Documents\My Web Sites\Grado\img_writers_choice_Grado_GS1000.jpg --> moon-audio.com /drubrew/Grado img_writers_choice_Grado_GS1000.jpg
2010.01.03 18:11 B C:\Users\drubrew\Documents\My Web Sites\Grado\lcush.jpg --> moon-audio.com /drubrew/Grado lcush.jpg
2010.01.03 18:11 B C:\Users\drubrew\Documents\My Web Sites\Grado\ModBlackRS-1.jpg --> moon-audio.com /drubrew/Grado ModBlackRS-1.jpg
2010.01.03 18:11 B C:\Users\drubrew\Documents\My Web Sites\Grado\ModBlackRS-13.jpg --> moon-audio.com /drubrew/Grado ModBlackRS-13.jpg
2010.01.03 18:11 B C:\Users\drubrew\Documents\My Web Sites\Grado\ModGradoRS11.jpg --> moon-audio.com /drubrew/Grado ModGradoRS11.jpg
2010.01.03 18:11 B C:\Users\drubrew\Documents\My Web Sites\Grado\ModGradoRS2.jpg --> moon-audio.com /drubrew/Grado ModGradoRS2.jpg
2010.01.03 18:11 B C:\Users\drubrew\Documents\My Web Sites\Grado\ModGradoRS22.jpg --> moon-audio.com /drubrew/Grado ModGradoRS22.jpg
2010.01.03 18:11 B C:\Users\drubrew\Documents\My Web Sites\Grado\ModGradoSR1251.jpg --> moon-audio.com /drubrew/Grado ModGradoSR1251.jpg
2010.01.03 18:11 B C:\Users\drubrew\Documents\My Web Sites\Grado\ModGradoSR1252.jpg --> moon-audio.com /drubrew/Grado ModGradoSR1252.jpg
2010.01.03 18:11 B C:\Users\drubrew\Documents\My Web Sites\Grado\ModGradoSR2251.jpg --> moon-audio.com /drubrew/Grado ModGradoSR2251.jpg
2010.01.03 18:11 B C:\Users\drubrew\Documents\My Web Sites\Grado\ModGradoSR2252.jpg --> moon-audio.com /drubrew/Grado ModGradoSR2252.jpg
2010.01.03 18:11 B C:\Users\drubrew\Documents\My Web Sites\Grado\ModGradoSR3251.jpg --> moon-audio.com /drubrew/Grado ModGradoSR3251.jpg
2010.01.03 18:11 B C:\Users\drubrew\Documents\My Web Sites\Grado\ModGradoSR3252.jpg --> moon-audio.com /drubrew/Grado ModGradoSR3252.jpg
2010.01.03 18:11 B C:\Users\drubrew\Documents\My Web Sites\Grado\ModGradoSR325is.jpg --> moon-audio.com /drubrew/Grado ModGradoSR325is.jpg
2010.01.03 18:11 B C:\Users\drubrew\Documents\My Web Sites\Grado\Preistipp_HT17.gif --> moon-audio.com /drubrew/Grado Preistipp_HT17.gif
2010.01.03 18:11 B C:\Users\drubrew\Documents\My Web Sites\Grado\ps1000.jpg --> moon-audio.com /drubrew/Grado ps1000.jpg
2010.01.03 18:11 B C:\Users\drubrew\Documents\My Web Sites\Grado\PS1000_large1.jpg --> moon-audio.com /drubrew/Grado PS1000_large1.jpg
2010.01.03 18:12 B C:\Users\drubrew\Documents\My Web Sites\Grado\PS1000_large2.jpg --> moon-audio.com /drubrew/Grado PS1000_large2.jpg
2010.01.03 18:12 B C:\Users\drubrew\Documents\My Web Sites\Grado\PS1000_large3.jpg --> moon-audio.com /drubrew/Grado PS1000_large3.jpg
2010.01.03 18:12 B C:\Users\drubrew\Documents\My Web Sites\Grado\PS1000_small1.jpg --> moon-audio.com /drubrew/Grado PS1000_small1.jpg
2010.01.03 18:12 B C:\Users\drubrew\Documents\My Web Sites\Grado\PS1000_small2.jpg --> moon-audio.com /drubrew/Grado PS1000_small2.jpg
2010.01.03 18:12 B C:\Users\drubrew\Documents\My Web Sites\Grado\PS1000_small3.jpg --> moon-audio.com /drubrew/Grado PS1000_small3.jpg
2010.01.03 18:12 B C:\Users\drubrew\Documents\My Web Sites\Grado\rs1i.jpg --> moon-audio.com /drubrew/Grado rs1i.jpg
2010.01.03 18:12 B C:\Users\drubrew\Documents\My Web Sites\Grado\rs2i.jpg --> moon-audio.com /drubrew/Grado rs2i.jpg
2010.01.03 18:12 B C:\Users\drubrew\Documents\My Web Sites\Grado\scush.jpg --> moon-audio.com /drubrew/Grado scush.jpg
2010.01.03 18:12 B C:\Users\drubrew\Documents\My Web Sites\Grado\sr125i.jpg --> moon-audio.com /drubrew/Grado sr125i.jpg
2010.01.03 18:12 B C:\Users\drubrew\Documents\My Web Sites\Grado\sr225i.jpg --> moon-audio.com /drubrew/Grado sr225i.jpg
2010.01.03 18:12 B C:\Users\drubrew\Documents\My Web Sites\Grado\sr325is.jpg --> moon-audio.com /drubrew/Grado sr325is.jpg
2010.01.03 18:12 B C:\Users\drubrew\Documents\My Web Sites\Grado\sr60i.jpg --> moon-audio.com /drubrew/Grado sr60i.jpg
2010.01.03 18:12 B C:\Users\drubrew\Documents\My Web Sites\Grado\sr80i.jpg --> moon-audio.com /drubrew/Grado sr80i.jpg
2010.01.03 18:12 B C:\Users\drubrew\Documents\My Web Sites\Grado\what_hi_fi.gif --> moon-audio.com /drubrew/Grado what_hi_fi.gif
2010.01.03 18:12 B C:\Users\drubrew\Documents\My Web Sites\Grado\WS_FTP.LOG --> moon-audio.com /drubrew/Grado WS_FTP.LOG
2011.07.24 14:44 B C:\Users\Drew\Documents\My Web Sites\Grado\643524.jpg --> moon-audio.com /Grado 643524.jpg
2011.07.24 14:44 B C:\Users\Drew\Documents\My Web Sites\Grado\award2.gif --> moon-audio.com /Grado award2.gif
2011.07.24 14:44 B C:\Users\Drew\Documents\My Web Sites\Grado\award3.jpg --> moon-audio.com /Grado award3.jpg
2011.07.24 14:44 B C:\Users\Drew\Documents\My Web Sites\Grado\BestBuy.png --> moon-audio.com /Grado BestBuy.png
2011.07.24 14:44 B C:\Users\Drew\Documents\My Web Sites\Grado\editorsNoStars.png --> moon-audio.com /Grado editorsNoStars.png
2011.07.24 14:44 B C:\Users\Drew\Documents\My Web Sites\Grado\gcush.jpg --> moon-audio.com /Grado gcush.jpg
2011.07.24 14:44 B C:\Users\Drew\Documents\My Web Sites\Grado\GR8_small.jpg --> moon-audio.com /Grado GR8_small.jpg
2011.07.24 14:44 B C:\Users\Drew\Documents\My Web Sites\Grado\GR8_smaller photo.jpg --> moon-audio.com /Grado GR8_smaller photo.jpg
2011.07.24 14:44 B C:\Users\Drew\Documents\My Web Sites\Grado\Grado Review.pdf --> moon-audio.com /Grado Grado Review.pdf
2011.07.24 14:44 B C:\Users\Drew\Documents\My Web Sites\Grado\GradoAdpt.jpg --> moon-audio.com /Grado GradoAdpt.jpg
2011.07.24 14:44 B C:\Users\Drew\Documents\My Web Sites\Grado\GradoExt.jpg --> moon-audio.com /Grado GradoExt.jpg
2011.07.24 14:44 B C:\Users\Drew\Documents\My Web Sites\Grado\GRADOSR225i.jpg --> moon-audio.com /Grado GRADOSR225i.jpg
2011.07.24 14:44 B C:\Users\Drew\Documents\My Web Sites\Grado\gs1000.jpg --> moon-audio.com /Grado gs1000.jpg
2011.07.24 14:44 B C:\Users\Drew\Documents\My Web Sites\Grado\GS1000_large1.jpg --> moon-audio.com /Grado GS1000_large1.jpg
2011.07.24 14:44 B C:\Users\Drew\Documents\My Web Sites\Grado\GS1000_large2.jpg --> moon-audio.com /Grado GS1000_large2.jpg
2011.07.24 14:44 B C:\Users\Drew\Documents\My Web Sites\Grado\GS1000_large3.jpg --> moon-audio.com /Grado GS1000_large3.jpg
2011.07.24 14:44 B C:\Users\Drew\Documents\My Web Sites\Grado\GS1000_small1.jpg --> moon-audio.com /Grado GS1000_small1.jpg
2011.07.24 14:44 B C:\Users\Drew\Documents\My Web Sites\Grado\GS1000_small2.jpg --> moon-audio.com /Grado GS1000_small2.jpg
2011.07.24 14:44 B C:\Users\Drew\Documents\My Web Sites\Grado\GS1000_small3.jpg --> moon-audio.com /Grado GS1000_small3.jpg
2011.07.24 14:44 B C:\Users\Drew\Documents\My Web Sites\Grado\gs1000AwardImage.jpg --> moon-audio.com /Grado gs1000AwardImage.jpg
2011.07.24 14:44 B C:\Users\Drew\Documents\My Web Sites\Grado\gs1000extra1.jpg --> moon-audio.com /Grado gs1000extra1.jpg
2011.07.24 14:44 B C:\Users\Drew\Documents\My Web Sites\Grado\gs1000extra2.jpg --> moon-audio.com /Grado gs1000extra2.jpg
2011.07.24 14:44 B C:\Users\Drew\Documents\My Web Sites\Grado\HF2.jpg --> moon-audio.com /Grado HF2.jpg
2011.07.24 14:44 B C:\Users\Drew\Documents\My Web Sites\Grado\hifi_choice.gif --> moon-audio.com /Grado hifi_choice.gif
2011.07.24 14:44 B C:\Users\Drew\Documents\My Web Sites\Grado\icush.jpg --> moon-audio.com /Grado icush.jpg
2011.07.24 14:44 B C:\Users\Drew\Documents\My Web Sites\Grado\iGI.jpg --> moon-audio.com /Grado iGI.jpg
2011.07.24 14:44 B C:\Users\Drew\Documents\My Web Sites\Grado\iGrado.jpg --> moon-audio.com /Grado iGrado.jpg
2011.07.24 14:44 B C:\Users\Drew\Documents\My Web Sites\Grado\image001.gif --> moon-audio.com /Grado image001.gif
2011.07.24 14:44 B C:\Users\Drew\Documents\My Web Sites\Grado\img_maxim_AD.jpg --> moon-audio.com /Grado img_maxim_AD.jpg
2011.07.24 14:44 B C:\Users\Drew\Documents\My Web Sites\Grado\img_writers_choice_Grado_GS1000.jpg --> moon-audio.com /Grado img_writers_choice_Grado_GS1000.jpg
2011.07.24 14:44 B C:\Users\Drew\Documents\My Web Sites\Grado\lcush.jpg --> moon-audio.com /Grado lcush.jpg
2011.07.24 14:45 B C:\Users\Drew\Documents\My Web Sites\Grado\ModBlackRS-1.jpg --> moon-audio.com /Grado ModBlackRS-1.jpg
2011.07.24 14:45 B C:\Users\Drew\Documents\My Web Sites\Grado\ModBlackRS-13.jpg --> moon-audio.com /Grado ModBlackRS-13.jpg
2011.07.24 14:45 B C:\Users\Drew\Documents\My Web Sites\Grado\ModGradoRS11.jpg --> moon-audio.com /Grado ModGradoRS11.jpg
2011.07.24 14:45 B C:\Users\Drew\Documents\My Web Sites\Grado\ModGradoRS2.jpg --> moon-audio.com /Grado ModGradoRS2.jpg
2011.07.24 14:45 B C:\Users\Drew\Documents\My Web Sites\Grado\ModGradoRS22.jpg --> moon-audio.com /Grado ModGradoRS22.jpg
2011.07.24 14:45 B C:\Users\Drew\Documents\My Web Sites\Grado\ModGradoSR1251.jpg --> moon-audio.com /Grado ModGradoSR1251.jpg
2011.07.24 14:45 B C:\Users\Drew\Documents\My Web Sites\Grado\ModGradoSR1252.jpg --> moon-audio.com /Grado ModGradoSR1252.jpg
2011.07.24 14:45 B C:\Users\Drew\Documents\My Web Sites\Grado\ModGradoSR2251.jpg --> moon-audio.com /Grado ModGradoSR2251.jpg
2011.07.24 14:45 B C:\Users\Drew\Documents\My Web Sites\Grado\ModGradoSR2252.jpg --> moon-audio.com /Grado ModGradoSR2252.jpg
2011.07.24 14:45 B C:\Users\Drew\Documents\My Web Sites\Grado\ModGradoSR3251.jpg --> moon-audio.com /Grado ModGradoSR3251.jpg
2011.07.24 14:45 B C:\Users\Drew\Documents\My Web Sites\Grado\ModGradoSR3252.jpg --> moon-audio.com /Grado ModGradoSR3252.jpg
2011.07.24 14:45 B C:\Users\Drew\Documents\My Web Sites\Grado\ModGradoSR325is.jpg --> moon-audio.com /Grado ModGradoSR325is.jpg
2011.07.24 14:45 B C:\Users\Drew\Documents\My Web Sites\Grado\Preistipp_HT17.gif --> moon-audio.com /Grado Preistipp_HT17.gif
2011.07.24 14:45 B C:\Users\Drew\Documents\My Web Sites\Grado\ps1000.jpg --> moon-audio.com /Grado ps1000.jpg
2011.07.24 14:45 B C:\Users\Drew\Documents\My Web Sites\Grado\PS1000_large1.jpg --> moon-audio.com /Grado PS1000_large1.jpg
2011.07.24 14:45 B C:\Users\Drew\Documents\My Web Sites\Grado\PS1000_large2.jpg --> moon-audio.com /Grado PS1000_large2.jpg
2011.07.24 14:45 B C:\Users\Drew\Documents\My Web Sites\Grado\PS1000_large3.jpg --> moon-audio.com /Grado PS1000_large3.jpg
2011.07.24 14:45 B C:\Users\Drew\Documents\My Web Sites\Grado\PS1000_small1.jpg --> moon-audio.com /Grado PS1000_small1.jpg
2011.07.24 14:45 B C:\Users\Drew\Documents\My Web Sites\Grado\PS1000_small2.jpg --> moon-audio.com /Grado PS1000_small2.jpg
2011.07.24 14:45 B C:\Users\Drew\Documents\My Web Sites\Grado\PS1000_small3.jpg --> moon-audio.com /Grado PS1000_small3.jpg
2011.07.24 14:45 B C:\Users\Drew\Documents\My Web Sites\Grado\rs1i.jpg --> moon-audio.com /Grado rs1i.jpg
2011.07.24 14:45 B C:\Users\Drew\Documents\My Web Sites\Grado\rs2i.jpg --> moon-audio.com /Grado rs2i.jpg
2011.07.24 14:45 B C:\Users\Drew\Documents\My Web Sites\Grado\scush.jpg --> moon-audio.com /Grado scush.jpg
2011.07.24 14:45 B C:\Users\Drew\Documents\My Web Sites\Grado\sr125i.jpg --> moon-audio.com /Grado sr125i.jpg
2011.07.24 14:45 B C:\Users\Drew\Documents\My Web Sites\Grado\sr225i.bmp --> moon-audio.com /Grado sr225i.bmp
2011.07.24 14:45 B C:\Users\Drew\Documents\My Web Sites\Grado\sr225i.jpg --> moon-audio.com /Grado sr225i.jpg
2011.07.24 14:45 B C:\Users\Drew\Documents\My Web Sites\Grado\sr325is.jpg --> moon-audio.com /Grado sr325is.jpg
2011.07.24 14:45 B C:\Users\Drew\Documents\My Web Sites\Grado\sr60i.jpg --> moon-audio.com /Grado sr60i.jpg
2011.07.24 14:45 B C:\Users\Drew\Documents\My Web Sites\Grado\sr80i.jpg --> moon-audio.com /Grado sr80i.jpg
2011.07.24 14:45 B C:\Users\Drew\Documents\My Web Sites\Grado\Thumbs.db --> moon-audio.com /Grado Thumbs.db
2011.07.24 14:45 B C:\Users\Drew\Documents\My Web Sites\Grado\what_hi_fi.gif --> moon-audio.com /Grado what_hi_fi.gif
