2009.01.11 10:30 B C:\Users\Drew\My Webs\Sennheiser HD 800\Sennheiser HD 800 1.jpg --> www.moon-audio.com /drubrew/Sennheiser HD 800 Sennheiser HD 800 1.jpg
2009.01.11 10:30 B C:\Users\Drew\My Webs\Sennheiser HD 800\Sennheiser HD 800 2.jpg --> www.moon-audio.com /drubrew/Sennheiser HD 800 Sennheiser HD 800 2.jpg
2009.01.11 10:30 B C:\Users\Drew\My Webs\Sennheiser HD 800\Sennheiser HD 800 3.jpg --> www.moon-audio.com /drubrew/Sennheiser HD 800 Sennheiser HD 800 3.jpg
2009.01.11 10:30 B C:\Users\Drew\My Webs\Sennheiser HD 800\Sennheiser HD 800 4.jpg --> www.moon-audio.com /drubrew/Sennheiser HD 800 Sennheiser HD 800 4.jpg
2009.01.11 10:30 B C:\Users\Drew\My Webs\Sennheiser HD 800\Sennheiser HD 800 5.jpg --> www.moon-audio.com /drubrew/Sennheiser HD 800 Sennheiser HD 800 5.jpg
2009.01.11 10:30 B C:\Users\Drew\My Webs\Sennheiser HD 800\Sennheiser HD 800 6.jpg --> www.moon-audio.com /drubrew/Sennheiser HD 800 Sennheiser HD 800 6.jpg
2009.01.11 10:30 B C:\Users\Drew\My Webs\Sennheiser HD 800\Sennheiser HD 800 7.jpg --> www.moon-audio.com /drubrew/Sennheiser HD 800 Sennheiser HD 800 7.jpg
2009.01.11 10:43 B C:\Users\Drew\My Webs\Sennheiser HD 800\Sennheiser HD 800 1.jpg --> www.moon-audio.com /drubrew/Sennheiser HD 800 Sennheiser HD 800 1.jpg
2009.01.11 10:43 B C:\Users\Drew\My Webs\Sennheiser HD 800\Sennheiser HD 800 2.jpg --> www.moon-audio.com /drubrew/Sennheiser HD 800 Sennheiser HD 800 2.jpg
2009.01.11 10:43 B C:\Users\Drew\My Webs\Sennheiser HD 800\Sennheiser HD 800 3.jpg --> www.moon-audio.com /drubrew/Sennheiser HD 800 Sennheiser HD 800 3.jpg
2009.01.11 10:43 B C:\Users\Drew\My Webs\Sennheiser HD 800\Sennheiser HD 800 4.jpg --> www.moon-audio.com /drubrew/Sennheiser HD 800 Sennheiser HD 800 4.jpg
2009.01.11 10:43 B C:\Users\Drew\My Webs\Sennheiser HD 800\Sennheiser HD 800 5.jpg --> www.moon-audio.com /drubrew/Sennheiser HD 800 Sennheiser HD 800 5.jpg
2009.01.11 10:43 B C:\Users\Drew\My Webs\Sennheiser HD 800\Sennheiser HD 800 6.jpg --> www.moon-audio.com /drubrew/Sennheiser HD 800 Sennheiser HD 800 6.jpg
2009.01.11 10:43 B C:\Users\Drew\My Webs\Sennheiser HD 800\Sennheiser HD 800 7.jpg --> www.moon-audio.com /drubrew/Sennheiser HD 800 Sennheiser HD 800 7.jpg
2009.01.11 10:43 B C:\Users\Drew\My Webs\Sennheiser HD 800\Sennheiser HD 800 8.jpg --> www.moon-audio.com /drubrew/Sennheiser HD 800 Sennheiser HD 800 8.jpg
2009.01.11 10:43 B C:\Users\Drew\My Webs\Sennheiser HD 800\Sennheiser HD 800 9.jpg --> www.moon-audio.com /drubrew/Sennheiser HD 800 Sennheiser HD 800 9.jpg
2009.01.11 10:52 B C:\Users\Drew\My Webs\Sennheiser HD 800\Sennheiser HD800 1.jpg --> www.moon-audio.com /drubrew/Sennheiser HD 800 Sennheiser HD800 1.jpg
2009.01.11 10:52 B C:\Users\Drew\My Webs\Sennheiser HD 800\Sennheiser HD800 2.jpg --> www.moon-audio.com /drubrew/Sennheiser HD 800 Sennheiser HD800 2.jpg
2009.01.11 10:52 B C:\Users\Drew\My Webs\Sennheiser HD 800\Sennheiser HD800 3.jpg --> www.moon-audio.com /drubrew/Sennheiser HD 800 Sennheiser HD800 3.jpg
2009.01.11 10:52 B C:\Users\Drew\My Webs\Sennheiser HD 800\Sennheiser HD800 4.jpg --> www.moon-audio.com /drubrew/Sennheiser HD 800 Sennheiser HD800 4.jpg
2009.01.11 10:52 B C:\Users\Drew\My Webs\Sennheiser HD 800\Sennheiser HD800 5.jpg --> www.moon-audio.com /drubrew/Sennheiser HD 800 Sennheiser HD800 5.jpg
2009.01.11 10:52 B C:\Users\Drew\My Webs\Sennheiser HD 800\Sennheiser HD800 6.jpg --> www.moon-audio.com /drubrew/Sennheiser HD 800 Sennheiser HD800 6.jpg
2009.01.11 10:52 B C:\Users\Drew\My Webs\Sennheiser HD 800\Sennheiser HD800 7.jpg --> www.moon-audio.com /drubrew/Sennheiser HD 800 Sennheiser HD800 7.jpg
2009.01.11 10:52 B C:\Users\Drew\My Webs\Sennheiser HD 800\Sennheiser HD800 8.jpg --> www.moon-audio.com /drubrew/Sennheiser HD 800 Sennheiser HD800 8.jpg
2009.01.11 10:52 B C:\Users\Drew\My Webs\Sennheiser HD 800\Sennheiser HD800 9.jpg --> www.moon-audio.com /drubrew/Sennheiser HD 800 Sennheiser HD800 9.jpg
2009.03.11 12:08 B C:\Users\Drew\My Webs\Sennheiser\Sennheiser hd25sp 1.jpg --> moon-audio.com /drubrew/Sennheiser Sennheiser hd25sp 1.jpg
2009.03.11 12:08 B C:\Users\Drew\My Webs\Sennheiser\Sennheiser HD600 1.jpg --> moon-audio.com /drubrew/Sennheiser Sennheiser HD600 1.jpg
2009.03.11 12:08 B C:\Users\Drew\My Webs\Sennheiser\Sennheiser HD650 1.jpg --> moon-audio.com /drubrew/Sennheiser Sennheiser HD650 1.jpg
2009.03.11 12:08 B C:\Users\Drew\My Webs\Sennheiser\Sennheiser HD800 1.jpg --> moon-audio.com /drubrew/Sennheiser Sennheiser HD800 1.jpg
2009.03.11 12:08 B C:\Users\Drew\My Webs\Sennheiser\Sennheiser HD800 2.jpg --> moon-audio.com /drubrew/Sennheiser Sennheiser HD800 2.jpg
2009.03.11 12:09 B C:\Users\Drew\My Webs\Sennheiser\Sennheiser HD800 3.jpg --> moon-audio.com /drubrew/Sennheiser Sennheiser HD800 3.jpg
2009.03.11 12:09 B C:\Users\Drew\My Webs\Sennheiser\Sennheiser HD800 4.jpg --> moon-audio.com /drubrew/Sennheiser Sennheiser HD800 4.jpg
2009.03.11 12:09 B C:\Users\Drew\My Webs\Sennheiser\Sennheiser HD800 5.jpg --> moon-audio.com /drubrew/Sennheiser Sennheiser HD800 5.jpg
2009.03.11 12:09 B C:\Users\Drew\My Webs\Sennheiser\Sennheiser HD800 6.jpg --> moon-audio.com /drubrew/Sennheiser Sennheiser HD800 6.jpg
2009.03.11 12:09 B C:\Users\Drew\My Webs\Sennheiser\Sennheiser HD800 7.jpg --> moon-audio.com /drubrew/Sennheiser Sennheiser HD800 7.jpg
2009.03.11 12:10 B C:\Users\Drew\My Webs\Sennheiser\Sennheiser HD800 8.jpg --> moon-audio.com /drubrew/Sennheiser Sennheiser HD800 8.jpg
2009.03.11 12:10 B C:\Users\Drew\My Webs\Sennheiser\Sennheiser HD800 9.jpg --> moon-audio.com /drubrew/Sennheiser Sennheiser HD800 9.jpg
2009.05.10 19:26 B C:\Users\drubrew\My Webs\Sennheiser\WS_FTP.LOG <-- Moon Audio /drubrew/Sennheiser WS_FTP.LOG
2010.01.03 19:49 B C:\Users\drubrew\Documents\My Web Sites\Sennheiser\HD580.jpg --> moon-audio.com /drubrew/Sennheiser HD580.jpg
2010.01.03 19:49 B C:\Users\drubrew\Documents\My Web Sites\Sennheiser\HD600.jpg --> moon-audio.com /drubrew/Sennheiser HD600.jpg
2010.01.03 19:49 B C:\Users\drubrew\Documents\My Web Sites\Sennheiser\HD600Cable.jpg --> moon-audio.com /drubrew/Sennheiser HD600Cable.jpg
2010.01.03 19:49 B C:\Users\drubrew\Documents\My Web Sites\Sennheiser\HD650.jpg --> moon-audio.com /drubrew/Sennheiser HD650.jpg
2010.01.03 19:49 B C:\Users\drubrew\Documents\My Web Sites\Sennheiser\HD650Adapter.jpg --> moon-audio.com /drubrew/Sennheiser HD650Adapter.jpg
2010.01.03 19:49 B C:\Users\drubrew\Documents\My Web Sites\Sennheiser\HD650Cable.jpg --> moon-audio.com /drubrew/Sennheiser HD650Cable.jpg
2010.01.03 19:49 B C:\Users\drubrew\Documents\My Web Sites\Sennheiser\Sennheiser hd25-1 1.jpg --> moon-audio.com /drubrew/Sennheiser Sennheiser hd25-1 1.jpg
2010.01.03 19:49 B C:\Users\drubrew\Documents\My Web Sites\Sennheiser\Sennheiser hd25sp 1.jpg --> moon-audio.com /drubrew/Sennheiser Sennheiser hd25sp 1.jpg
2010.01.03 19:49 B C:\Users\drubrew\Documents\My Web Sites\Sennheiser\Sennheiser HD600 1.jpg --> moon-audio.com /drubrew/Sennheiser Sennheiser HD600 1.jpg
2010.01.03 19:49 B C:\Users\drubrew\Documents\My Web Sites\Sennheiser\Sennheiser HD650 1.jpg --> moon-audio.com /drubrew/Sennheiser Sennheiser HD650 1.jpg
2010.01.03 19:49 B C:\Users\drubrew\Documents\My Web Sites\Sennheiser\Sennheiser HD800 1.jpg --> moon-audio.com /drubrew/Sennheiser Sennheiser HD800 1.jpg
2010.01.03 19:49 B C:\Users\drubrew\Documents\My Web Sites\Sennheiser\Sennheiser HD800 2.jpg --> moon-audio.com /drubrew/Sennheiser Sennheiser HD800 2.jpg
2010.01.03 19:49 B C:\Users\drubrew\Documents\My Web Sites\Sennheiser\Sennheiser HD800 3.jpg --> moon-audio.com /drubrew/Sennheiser Sennheiser HD800 3.jpg
2010.01.03 19:49 B C:\Users\drubrew\Documents\My Web Sites\Sennheiser\Sennheiser HD800 4.jpg --> moon-audio.com /drubrew/Sennheiser Sennheiser HD800 4.jpg
2010.01.03 19:49 B C:\Users\drubrew\Documents\My Web Sites\Sennheiser\Sennheiser HD800 5.jpg --> moon-audio.com /drubrew/Sennheiser Sennheiser HD800 5.jpg
2010.01.03 19:49 B C:\Users\drubrew\Documents\My Web Sites\Sennheiser\Sennheiser HD800 6.jpg --> moon-audio.com /drubrew/Sennheiser Sennheiser HD800 6.jpg
2010.01.03 19:49 B C:\Users\drubrew\Documents\My Web Sites\Sennheiser\Sennheiser HD800 7.jpg --> moon-audio.com /drubrew/Sennheiser Sennheiser HD800 7.jpg
2010.01.03 19:49 B C:\Users\drubrew\Documents\My Web Sites\Sennheiser\Sennheiser HD800 8.jpg --> moon-audio.com /drubrew/Sennheiser Sennheiser HD800 8.jpg
2010.01.03 19:49 B C:\Users\drubrew\Documents\My Web Sites\Sennheiser\Sennheiser HD800 9.jpg --> moon-audio.com /drubrew/Sennheiser Sennheiser HD800 9.jpg
2010.01.03 19:49 B C:\Users\drubrew\Documents\My Web Sites\Sennheiser\WS_FTP.LOG --> moon-audio.com /drubrew/Sennheiser WS_FTP.LOG
2011.07.24 15:03 B C:\Users\Drew\Documents\My Web Sites\Sennheiser\HD555.jpg --> moon-audio.com /Sennheiser HD555.jpg
2011.07.24 15:03 B C:\Users\Drew\Documents\My Web Sites\Sennheiser\HD580.jpg --> moon-audio.com /Sennheiser HD580.jpg
2011.07.24 15:03 B C:\Users\Drew\Documents\My Web Sites\Sennheiser\HD600.jpg --> moon-audio.com /Sennheiser HD600.jpg
2011.07.24 15:03 B C:\Users\Drew\Documents\My Web Sites\Sennheiser\HD600Cable.jpg --> moon-audio.com /Sennheiser HD600Cable.jpg
2011.07.24 15:03 B C:\Users\Drew\Documents\My Web Sites\Sennheiser\HD650.jpg --> moon-audio.com /Sennheiser HD650.jpg
2011.07.24 15:03 B C:\Users\Drew\Documents\My Web Sites\Sennheiser\HD650Adapter.jpg --> moon-audio.com /Sennheiser HD650Adapter.jpg
2011.07.24 15:03 B C:\Users\Drew\Documents\My Web Sites\Sennheiser\HD650Cable.jpg --> moon-audio.com /Sennheiser HD650Cable.jpg
2011.07.24 15:03 B C:\Users\Drew\Documents\My Web Sites\Sennheiser\Sennheiser hd25-1 1.jpg --> moon-audio.com /Sennheiser Sennheiser hd25-1 1.jpg
2011.07.24 15:03 B C:\Users\Drew\Documents\My Web Sites\Sennheiser\Sennheiser hd25sp 1.jpg --> moon-audio.com /Sennheiser Sennheiser hd25sp 1.jpg
2011.07.24 15:03 B C:\Users\Drew\Documents\My Web Sites\Sennheiser\Sennheiser HD600 1.jpg --> moon-audio.com /Sennheiser Sennheiser HD600 1.jpg
2011.07.24 15:03 B C:\Users\Drew\Documents\My Web Sites\Sennheiser\Sennheiser HD650 1.jpg --> moon-audio.com /Sennheiser Sennheiser HD650 1.jpg
2011.07.24 15:03 B C:\Users\Drew\Documents\My Web Sites\Sennheiser\Sennheiser HD800 1.jpg --> moon-audio.com /Sennheiser Sennheiser HD800 1.jpg
2011.07.24 15:03 B C:\Users\Drew\Documents\My Web Sites\Sennheiser\Sennheiser HD800 2.jpg --> moon-audio.com /Sennheiser Sennheiser HD800 2.jpg
2011.07.24 15:03 B C:\Users\Drew\Documents\My Web Sites\Sennheiser\Sennheiser HD800 3.jpg --> moon-audio.com /Sennheiser Sennheiser HD800 3.jpg
2011.07.24 15:04 B C:\Users\Drew\Documents\My Web Sites\Sennheiser\Sennheiser HD800 4.jpg --> moon-audio.com /Sennheiser Sennheiser HD800 4.jpg
2011.07.24 15:04 B C:\Users\Drew\Documents\My Web Sites\Sennheiser\Sennheiser HD800 5.jpg --> moon-audio.com /Sennheiser Sennheiser HD800 5.jpg
2011.07.24 15:04 B C:\Users\Drew\Documents\My Web Sites\Sennheiser\Sennheiser HD800 6.jpg --> moon-audio.com /Sennheiser Sennheiser HD800 6.jpg
2011.07.24 15:04 B C:\Users\Drew\Documents\My Web Sites\Sennheiser\Sennheiser HD800 7.jpg --> moon-audio.com /Sennheiser Sennheiser HD800 7.jpg
2011.07.24 15:04 B C:\Users\Drew\Documents\My Web Sites\Sennheiser\Sennheiser HD800 8.jpg --> moon-audio.com /Sennheiser Sennheiser HD800 8.jpg
2011.07.24 15:04 B C:\Users\Drew\Documents\My Web Sites\Sennheiser\Sennheiser HD800 9.jpg --> moon-audio.com /Sennheiser Sennheiser HD800 9.jpg
2011.07.24 15:04 B C:\Users\Drew\Documents\My Web Sites\Sennheiser\Thumbs.db --> moon-audio.com /Sennheiser Thumbs.db
