2009.07.12 18:43 B C:\Users\drubrew\Documents\My Web Sites\iQube\ab_liggend.JPG <-- Moon Audio /drubrew/iQube ab_liggend.JPG
2009.07.12 18:43 B C:\Users\drubrew\Documents\My Web Sites\iQube\ab_staand.JPG <-- Moon Audio /drubrew/iQube ab_staand.JPG
2009.07.12 18:43 B C:\Users\drubrew\Documents\My Web Sites\iQube\achterzijde_wit.jpg <-- Moon Audio /drubrew/iQube achterzijde_wit.jpg
2009.07.12 18:43 B C:\Users\drubrew\Documents\My Web Sites\iQube\iqube_v2_black.jpg <-- Moon Audio /drubrew/iQube iqube_v2_black.jpg
2009.07.12 18:43 B C:\Users\drubrew\Documents\My Web Sites\iQube\iqube_v2_box1.jpg <-- Moon Audio /drubrew/iQube iqube_v2_box1.jpg
2009.07.12 18:43 B C:\Users\drubrew\Documents\My Web Sites\iQube\iqube_v2_box2.jpg <-- Moon Audio /drubrew/iQube iqube_v2_box2.jpg
2009.07.12 18:43 B C:\Users\drubrew\Documents\My Web Sites\iQube\iqube_v2_boxclosed_300.jpg <-- Moon Audio /drubrew/iQube iqube_v2_boxclosed_300.jpg
2009.07.12 18:43 B C:\Users\drubrew\Documents\My Web Sites\iQube\iqube_v2_newstrap.jpg <-- Moon Audio /drubrew/iQube iqube_v2_newstrap.jpg
2009.07.12 18:43 B C:\Users\drubrew\Documents\My Web Sites\iQube\iqube_v2_white.jpg <-- Moon Audio /drubrew/iQube iqube_v2_white.jpg
2009.07.14 12:29 B C:\Users\drubrew\Documents\My Web Sites\iQube\ab_liggend.JPG --> moon-audio.com /drubrew/iQube ab_liggend.JPG
2009.07.14 12:29 B C:\Users\drubrew\Documents\My Web Sites\iQube\ab_staand.JPG --> moon-audio.com /drubrew/iQube ab_staand.JPG
2009.07.14 12:29 B C:\Users\drubrew\Documents\My Web Sites\iQube\achterzijde_wit.jpg --> moon-audio.com /drubrew/iQube achterzijde_wit.jpg
2009.07.14 12:29 B C:\Users\drubrew\Documents\My Web Sites\iQube\iqube_v2_black.jpg --> moon-audio.com /drubrew/iQube iqube_v2_black.jpg
2009.07.14 12:30 B C:\Users\drubrew\Documents\My Web Sites\iQube\iqube_v2_box1.jpg --> moon-audio.com /drubrew/iQube iqube_v2_box1.jpg
2009.07.14 12:30 B C:\Users\drubrew\Documents\My Web Sites\iQube\iqube_v2_box2.jpg --> moon-audio.com /drubrew/iQube iqube_v2_box2.jpg
2009.07.14 12:30 B C:\Users\drubrew\Documents\My Web Sites\iQube\iqube_v2_boxclosed_300.jpg --> moon-audio.com /drubrew/iQube iqube_v2_boxclosed_300.jpg
2009.07.14 12:30 B C:\Users\drubrew\Documents\My Web Sites\iQube\iqube_v2_newstrap.jpg --> moon-audio.com /drubrew/iQube iqube_v2_newstrap.jpg
2009.07.14 12:30 B C:\Users\drubrew\Documents\My Web Sites\iQube\iqube_v2_white.jpg --> moon-audio.com /drubrew/iQube iqube_v2_white.jpg
2009.07.14 12:30 B C:\Users\drubrew\Documents\My Web Sites\iQube\iQubeV1Small.jpg --> moon-audio.com /drubrew/iQube iQubeV1Small.jpg
2009.07.14 12:31 B C:\Users\drubrew\Documents\My Web Sites\iQube\iQubeV2small.jpg --> moon-audio.com /drubrew/iQube iQubeV2small.jpg
2009.07.30 11:53 B C:\Users\drubrew\Documents\My Web Sites\iQube\ab_liggend.JPG <-- Moon Audio /drubrew/iQube ab_liggend.JPG
2009.07.30 11:53 B C:\Users\drubrew\Documents\My Web Sites\iQube\ab_staand.JPG <-- Moon Audio /drubrew/iQube ab_staand.JPG
2009.07.30 11:53 B C:\Users\drubrew\Documents\My Web Sites\iQube\achterzijde_wit.jpg <-- Moon Audio /drubrew/iQube achterzijde_wit.jpg
2009.07.30 11:53 B C:\Users\drubrew\Documents\My Web Sites\iQube\iQube V1 V2  print 300 220.jpg <-- Moon Audio /drubrew/iQube iQube V1 V2  print 300 220.jpg
2009.07.30 11:53 B C:\Users\drubrew\Documents\My Web Sites\iQube\iQube V1 V2 and more 300 220.jpg <-- Moon Audio /drubrew/iQube iQube V1 V2 and more 300 220.jpg
2009.07.30 11:53 B C:\Users\drubrew\Documents\My Web Sites\iQube\iQube V2 300 250.jpg <-- Moon Audio /drubrew/iQube iQube V2 300 250.jpg
2009.07.30 11:53 B C:\Users\drubrew\Documents\My Web Sites\iQube\iQube V2 front 300 220.jpg <-- Moon Audio /drubrew/iQube iQube V2 front 300 220.jpg
2009.07.30 11:53 B C:\Users\drubrew\Documents\My Web Sites\iQube\iQube V2 rear 300 220.jpg <-- Moon Audio /drubrew/iQube iQube V2 rear 300 220.jpg
2009.07.30 11:53 B C:\Users\drubrew\Documents\My Web Sites\iQube\iqube_v2_black.jpg <-- Moon Audio /drubrew/iQube iqube_v2_black.jpg
2009.07.30 11:53 B C:\Users\drubrew\Documents\My Web Sites\iQube\iqube_v2_box1.jpg <-- Moon Audio /drubrew/iQube iqube_v2_box1.jpg
2009.07.30 11:53 B C:\Users\drubrew\Documents\My Web Sites\iQube\iqube_v2_box2.jpg <-- Moon Audio /drubrew/iQube iqube_v2_box2.jpg
2009.07.30 11:53 B C:\Users\drubrew\Documents\My Web Sites\iQube\iqube_v2_boxclosed_300.jpg <-- Moon Audio /drubrew/iQube iqube_v2_boxclosed_300.jpg
2009.07.30 11:53 B C:\Users\drubrew\Documents\My Web Sites\iQube\iqube_v2_newstrap.jpg <-- Moon Audio /drubrew/iQube iqube_v2_newstrap.jpg
2009.07.30 11:53 B C:\Users\drubrew\Documents\My Web Sites\iQube\iqube_v2_newstrap_300.jpg <-- Moon Audio /drubrew/iQube iqube_v2_newstrap_300.jpg
2009.07.30 11:53 B C:\Users\drubrew\Documents\My Web Sites\iQube\iqube_v2_white.jpg <-- Moon Audio /drubrew/iQube iqube_v2_white.jpg
2010.01.03 18:48 B C:\Users\drubrew\Documents\My Web Sites\iQube\ab_liggend.JPG --> moon-audio.com /drubrew/iQube ab_liggend.JPG
2010.01.03 18:48 B C:\Users\drubrew\Documents\My Web Sites\iQube\ab_staand.JPG --> moon-audio.com /drubrew/iQube ab_staand.JPG
2010.01.03 18:48 B C:\Users\drubrew\Documents\My Web Sites\iQube\achterzijde_wit.jpg --> moon-audio.com /drubrew/iQube achterzijde_wit.jpg
2010.01.03 18:48 B C:\Users\drubrew\Documents\My Web Sites\iQube\iQube V1 V2  print 300 220.jpg --> moon-audio.com /drubrew/iQube iQube V1 V2  print 300 220.jpg
2010.01.03 18:48 B C:\Users\drubrew\Documents\My Web Sites\iQube\iQube V1 V2 and more 300 220.jpg --> moon-audio.com /drubrew/iQube iQube V1 V2 and more 300 220.jpg
2010.01.03 18:48 B C:\Users\drubrew\Documents\My Web Sites\iQube\iQube V2 300 250.jpg --> moon-audio.com /drubrew/iQube iQube V2 300 250.jpg
2010.01.03 18:48 B C:\Users\drubrew\Documents\My Web Sites\iQube\iQube V2 front 300 220.jpg --> moon-audio.com /drubrew/iQube iQube V2 front 300 220.jpg
2010.01.03 18:48 B C:\Users\drubrew\Documents\My Web Sites\iQube\iQube V2 rear 300 220.jpg --> moon-audio.com /drubrew/iQube iQube V2 rear 300 220.jpg
2010.01.03 18:48 B C:\Users\drubrew\Documents\My Web Sites\iQube\iqube_v2_black.jpg --> moon-audio.com /drubrew/iQube iqube_v2_black.jpg
2010.01.03 18:48 B C:\Users\drubrew\Documents\My Web Sites\iQube\iqube_v2_box1.jpg --> moon-audio.com /drubrew/iQube iqube_v2_box1.jpg
2010.01.03 18:48 B C:\Users\drubrew\Documents\My Web Sites\iQube\iqube_v2_box2.jpg --> moon-audio.com /drubrew/iQube iqube_v2_box2.jpg
2010.01.03 18:48 B C:\Users\drubrew\Documents\My Web Sites\iQube\iqube_v2_boxclosed_300.jpg --> moon-audio.com /drubrew/iQube iqube_v2_boxclosed_300.jpg
2010.01.03 18:49 B C:\Users\drubrew\Documents\My Web Sites\iQube\iqube_v2_newstrap.jpg --> moon-audio.com /drubrew/iQube iqube_v2_newstrap.jpg
2010.01.03 18:49 B C:\Users\drubrew\Documents\My Web Sites\iQube\iqube_v2_newstrap_300.jpg --> moon-audio.com /drubrew/iQube iqube_v2_newstrap_300.jpg
2010.01.03 18:49 B C:\Users\drubrew\Documents\My Web Sites\iQube\iqube_v2_white.jpg --> moon-audio.com /drubrew/iQube iqube_v2_white.jpg
2010.01.03 18:49 B C:\Users\drubrew\Documents\My Web Sites\iQube\iQubeV1Small.jpg --> moon-audio.com /drubrew/iQube iQubeV1Small.jpg
2010.01.03 18:49 B C:\Users\drubrew\Documents\My Web Sites\iQube\iQubeV2small.jpg --> moon-audio.com /drubrew/iQube iQubeV2small.jpg
2010.01.03 18:49 B C:\Users\drubrew\Documents\My Web Sites\iQube\WS_FTP.LOG --> moon-audio.com /drubrew/iQube WS_FTP.LOG
2011.07.24 15:03 B C:\Users\Drew\Documents\My Web Sites\iQube\ab_liggend.JPG --> moon-audio.com /iQube ab_liggend.JPG
2011.07.24 15:03 B C:\Users\Drew\Documents\My Web Sites\iQube\ab_staand.JPG --> moon-audio.com /iQube ab_staand.JPG
2011.07.24 15:03 B C:\Users\Drew\Documents\My Web Sites\iQube\achterzijde_wit.jpg --> moon-audio.com /iQube achterzijde_wit.jpg
2011.07.24 15:03 B C:\Users\Drew\Documents\My Web Sites\iQube\iQube V1 V2  print 300 220.jpg --> moon-audio.com /iQube iQube V1 V2  print 300 220.jpg
2011.07.24 15:03 B C:\Users\Drew\Documents\My Web Sites\iQube\iQube V1 V2 and more 300 220.jpg --> moon-audio.com /iQube iQube V1 V2 and more 300 220.jpg
2011.07.24 15:03 B C:\Users\Drew\Documents\My Web Sites\iQube\iQube V1 V2.zip --> moon-audio.com /iQube iQube V1 V2.zip
2011.07.24 15:03 B C:\Users\Drew\Documents\My Web Sites\iQube\iQube V2 300 250.jpg --> moon-audio.com /iQube iQube V2 300 250.jpg
2011.07.24 15:03 B C:\Users\Drew\Documents\My Web Sites\iQube\iQube V2 front 300 220.jpg --> moon-audio.com /iQube iQube V2 front 300 220.jpg
2011.07.24 15:03 B C:\Users\Drew\Documents\My Web Sites\iQube\iQube V2 rear 300 220.jpg --> moon-audio.com /iQube iQube V2 rear 300 220.jpg
2011.07.24 15:03 B C:\Users\Drew\Documents\My Web Sites\iQube\iqube_v2_black.jpg --> moon-audio.com /iQube iqube_v2_black.jpg
2011.07.24 15:03 B C:\Users\Drew\Documents\My Web Sites\iQube\iqube_v2_box1.jpg --> moon-audio.com /iQube iqube_v2_box1.jpg
2011.07.24 15:03 B C:\Users\Drew\Documents\My Web Sites\iQube\iqube_v2_box2.jpg --> moon-audio.com /iQube iqube_v2_box2.jpg
2011.07.24 15:03 B C:\Users\Drew\Documents\My Web Sites\iQube\iqube_v2_boxclosed_300.jpg --> moon-audio.com /iQube iqube_v2_boxclosed_300.jpg
2011.07.24 15:03 B C:\Users\Drew\Documents\My Web Sites\iQube\iqube_v2_newstrap.jpg --> moon-audio.com /iQube iqube_v2_newstrap.jpg
2011.07.24 15:03 B C:\Users\Drew\Documents\My Web Sites\iQube\iqube_v2_newstrap_300.jpg --> moon-audio.com /iQube iqube_v2_newstrap_300.jpg
2011.07.24 15:03 B C:\Users\Drew\Documents\My Web Sites\iQube\iqube_v2_white.jpg --> moon-audio.com /iQube iqube_v2_white.jpg
2011.07.24 15:03 B C:\Users\Drew\Documents\My Web Sites\iQube\iQubeV1Small.jpg --> moon-audio.com /iQube iQubeV1Small.jpg
2011.07.24 15:03 B C:\Users\Drew\Documents\My Web Sites\iQube\iQubeV2small.jpg --> moon-audio.com /iQube iQubeV2small.jpg
2011.07.24 15:03 B C:\Users\Drew\Documents\My Web Sites\iQube\Thumbs.db --> moon-audio.com /iQube Thumbs.db
